#
# A fatal error has been detected by the Java Runtime Environment:
#
#  EXCEPTION_ACCESS_VIOLATION (0xc0000005) at pc=0x00000000651109b2, pid=7908, tid=0x00000000000011c8
#
# JRE version: Java(TM) SE Runtime Environment (8.0_221-b11) (build 1.8.0_221-b11)
# Java VM: Java HotSpot(TM) 64-Bit Server VM (25.221-b11 mixed mode windows-amd64 compressed oops)
# Problematic frame:
# V  [jvm.dll+0xb09b2]
#
# Failed to write core dump. Minidumps are not enabled by default on client versions of Windows
#
# If you would like to submit a bug report, please visit:
#   http://bugreport.java.com/bugreport/crash.jsp
#

---------------  T H R E A D  ---------------

Current thread (0x000000000254e800):  GCTaskThread [stack: 0x00000000123a0000,0x00000000124a0000] [id=4552]

siginfo: ExceptionCode=0xc0000005, reading address 0x00000000000000e8

Registers:
RAX=0x0000000000000000, RBX=0x00000000d64f4a58, RCX=0x000000010035f218, RDX=0x00000000d64f4a58
RSP=0x000000001249f818, RBP=0x0000000011a51d2b, RSI=0x0000000017145540, RDI=0x000000008dba54f0
R8 =0x0000000000000000, R9 =0x000000010035f218, R10=0x0000000000000008, R11=0x00000000f5163210
R12=0x0000000011a4f661, R13=0x0000000000000005, R14=0x0000000000000000, R15=0x00000000025443a0
RIP=0x00000000651109b2, EFLAGS=0x0000000000010246

Top of Stack: (sp=0x000000001249f818)
0x000000001249f818:   0000000065464552 00000000d64f4b30
0x000000001249f828:   0000000000000002 0000000017145540
0x000000001249f838:   0000000065461595 00000000f515b220
0x000000001249f848:   0000000000001000 00000000a1e014a8
0x000000001249f858:   0000000000000400 0000000000000000
0x000000001249f868:   0000000017145500 0000000011a4f661
0x000000001249f878:   00000000654648c0 00000000f5160e2c
0x000000001249f888:   0000000011a51d2b 0000000017145540
0x000000001249f898:   000000008dba54f0 00000000f5160e2c
0x000000001249f8a8:   0000000065465465 00000000e411a2f8
0x000000001249f8b8:   0000000011a13481 0000000017145540
0x000000001249f8c8:   000000000e740000 000000000e7303ec
0x000000001249f8d8:   0000000065460fd5 0000000000000000
0x000000001249f8e8:   0000000065175627 0000000017145540
0x000000001249f8f8:   0000000065173d03 000000008dba53b9
0x000000001249f908:   000000008dba53b9 0000000085e8b564 

Instructions: (pc=0x00000000651109b2)
0x0000000065110992:   e2 49 8d 0c 11 49 f7 d1 48 03 c1 49 c1 e9 03 48
0x00000000651109a2:   c1 e8 03 41 23 c1 c3 48 8b 02 48 8b d1 49 8b c9
0x00000000651109b2:   48 ff a0 e8 00 00 00 cc cc cc cc cc cc cc 80 3d
0x00000000651109c2:   7a 5f 76 00 00 48 8b c1 74 1b 8b 51 08 8b 0d 93 


Register to memory mapping:

RAX=0x0000000000000000 is an unknown value
RBX=0x00000000d64f4a58 is an oop

[error occurred during error reporting (printing register info), id 0xc0000005]

Stack: [0x00000000123a0000,0x00000000124a0000],  sp=0x000000001249f818,  free space=1022k
Native frames: (J=compiled Java code, j=interpreted, Vv=VM code, C=native code)
V  [jvm.dll+0xb09b2]


---------------  P R O C E S S  ---------------

Java Threads: ( => current thread )
  0x0000000018d60000 JavaThread "TimerQueue" daemon [_thread_blocked, id=11364, stack(0x000000001b8f0000,0x000000001b9f0000)]
  0x000000000083e800 JavaThread "DestroyJavaVM" [_thread_blocked, id=10980, stack(0x0000000002370000,0x0000000002470000)]
  0x0000000018ec4800 JavaThread "AWT-EventQueue-0" [_thread_blocked, id=6204, stack(0x00000000196a0000,0x00000000197a0000)]
  0x0000000018eb6000 JavaThread "AWT-Windows" daemon [_thread_blocked, id=11700, stack(0x0000000019410000,0x0000000019510000)]
  0x0000000018eb3000 JavaThread "AWT-Shutdown" [_thread_blocked, id=10472, stack(0x0000000019310000,0x0000000019410000)]
  0x0000000018eb2800 JavaThread "Java2D Disposer" daemon [_thread_blocked, id=8452, stack(0x0000000019210000,0x0000000019310000)]
  0x0000000018af3800 JavaThread "Service Thread" daemon [_thread_blocked, id=7784, stack(0x0000000018ed0000,0x0000000018fd0000)]
  0x000000001718f000 JavaThread "C1 CompilerThread2" daemon [_thread_blocked, id=10836, stack(0x00000000189d0000,0x0000000018ad0000)]
  0x000000001718a000 JavaThread "C2 CompilerThread1" daemon [_thread_blocked, id=10484, stack(0x00000000188d0000,0x00000000189d0000)]
  0x0000000017183000 JavaThread "C2 CompilerThread0" daemon [_thread_blocked, id=9796, stack(0x00000000187d0000,0x00000000188d0000)]
  0x000000001717e800 JavaThread "Attach Listener" daemon [_thread_blocked, id=10464, stack(0x00000000186d0000,0x00000000187d0000)]
  0x000000001717d000 JavaThread "Signal Dispatcher" daemon [_thread_blocked, id=4852, stack(0x00000000185d0000,0x00000000186d0000)]
  0x000000001716a800 JavaThread "Finalizer" daemon [_thread_blocked, id=11732, stack(0x00000000183d0000,0x00000000184d0000)]
  0x0000000002622000 JavaThread "Reference Handler" daemon [_thread_blocked, id=1180, stack(0x00000000182d0000,0x00000000183d0000)]

Other Threads:
  0x0000000017147800 VMThread [stack: 0x00000000181d0000,0x00000000182d0000] [id=5244]
  0x0000000018b21000 WatcherThread [stack: 0x0000000018fd0000,0x00000000190d0000] [id=4324]

=>0x000000000254e800 (exited) GCTaskThread [stack: 0x00000000123a0000,0x00000000124a0000] [id=4552]

VM state:at safepoint (normal execution)

VM Mutex/Monitor currently owned by a thread:  ([mutex/lock_event])
[0x0000000002530150] Threads_lock - owner thread: 0x0000000017147800
[0x0000000002530250] Heap_lock - owner thread: 0x0000000018ec4800

heap address: 0x0000000081800000, size: 2024 MB, Compressed Oops mode: 32-bit
Narrow klass base: 0x0000000000000000, Narrow klass shift: 3
Compressed class space size: 1073741824 Address: 0x0000000100000000

Heap:
 PSYoungGen      total 451584K, used 278175K [0x00000000d5d80000, 0x0000000100000000, 0x0000000100000000)
  eden space 230912K, 100% used [0x00000000d5d80000,0x00000000e3f00000,0x00000000e3f00000)
  from space 220672K, 21% used [0x00000000e3f00000,0x00000000e6d27e80,0x00000000f1680000)
  to   space 217600K, 20% used [0x00000000f2b80000,0x00000000f572f000,0x0000000100000000)
 ParOldGen       total 702464K, used 537988K [0x0000000081800000, 0x00000000ac600000, 0x00000000d5d80000)
  object space 702464K, 76% used [0x0000000081800000,0x00000000a2561050,0x00000000ac600000)
 Metaspace       used 26514K, capacity 26808K, committed 27136K, reserved 1073152K
  class space    used 3437K, capacity 3552K, committed 3584K, reserved 1048576K

Card table byte_map: [0x00000000119f0000,0x0000000011df0000] byte_map_base: 0x00000000115e4000

Marking Bits: (ParMarkBitMap*) 0x0000000065885ce0
 Begin Bits: [0x00000000124a0000, 0x0000000014440000)
 End Bits:   [0x0000000014440000, 0x00000000163e0000)

Polling page: 0x0000000000820000

CodeCache: size=245760Kb used=9327Kb max_used=9967Kb free=236432Kb
 bounds [0x0000000002630000, 0x0000000003030000, 0x0000000011630000]
 total_blobs=3453 nmethods=2857 adapters=507
 compilation: enabled

Compilation events (10 events):
Event: 553.953 Thread 0x000000001718f000 3348       3       org.apache.jena.riot.checker.CheckerLiterals::checkLiteral (11 bytes)
Event: 553.953 Thread 0x000000001718f000 nmethod 3348 0x0000000002ce5250 code [0x0000000002ce53c0, 0x0000000002ce5548]
Event: 553.959 Thread 0x000000001718f000 3350       2       org.apache.jena.graph.impl.LiteralLabelImpl::<init> (27 bytes)
Event: 553.959 Thread 0x000000001718f000 nmethod 3350 0x0000000002747350 code [0x00000000027474c0, 0x0000000002747648]
Event: 553.959 Thread 0x000000001718f000 3351       3       org.apache.jena.datatypes.xsd.impl.RDFLangString::parse (2 bytes)
Event: 553.960 Thread 0x000000001718f000 nmethod 3351 0x00000000029060d0 code [0x0000000002906220, 0x0000000002906370]
Event: 553.960 Thread 0x000000001718f000 3352       3       java.util.regex.Pattern$Loop::matchInit (123 bytes)
Event: 553.961 Thread 0x000000001718f000 nmethod 3352 0x0000000002d63d50 code [0x0000000002d63f00, 0x0000000002d64558]
Event: 553.962 Thread 0x000000001718f000 3353       3       org.apache.jena.ext.xerces.util.XMLChar::isNCName (24 bytes)
Event: 553.962 Thread 0x000000001718f000 nmethod 3353 0x00000000027fde50 code [0x00000000027fdfc0, 0x00000000027fe1d0]

GC Heap History (10 events):
Event: 127.082 GC heap after
Heap after GC invocations=35 (full 5):
 PSYoungGen      total 460800K, used 146135K [0x00000000d5d80000, 0x0000000100000000, 0x0000000100000000)
  eden space 230912K, 0% used [0x00000000d5d80000,0x00000000d5d80000,0x00000000e3f00000)
  from space 229888K, 63% used [0x00000000f1f80000,0x00000000fae35c50,0x0000000100000000)
  to   space 229888K, 0% used [0x00000000e3f00000,0x00000000e3f00000,0x00000000f1f80000)
 ParOldGen       total 504832K, used 387851K [0x0000000081800000, 0x00000000a0500000, 0x00000000d5d80000)
  object space 504832K, 76% used [0x0000000081800000,0x00000000992c2d98,0x00000000a0500000)
 Metaspace       used 26236K, capacity 26552K, committed 26880K, reserved 1073152K
  class space    used 3432K, capacity 3552K, committed 3584K, reserved 1048576K
}
Event: 129.040 GC heap before
{Heap before GC invocations=36 (full 5):
 PSYoungGen      total 460800K, used 377047K [0x00000000d5d80000, 0x0000000100000000, 0x0000000100000000)
  eden space 230912K, 100% used [0x00000000d5d80000,0x00000000e3f00000,0x00000000e3f00000)
  from space 229888K, 63% used [0x00000000f1f80000,0x00000000fae35c50,0x0000000100000000)
  to   space 229888K, 0% used [0x00000000e3f00000,0x00000000e3f00000,0x00000000f1f80000)
 ParOldGen       total 504832K, used 387851K [0x0000000081800000, 0x00000000a0500000, 0x00000000d5d80000)
  object space 504832K, 76% used [0x0000000081800000,0x00000000992c2d98,0x00000000a0500000)
 Metaspace       used 26236K, capacity 26552K, committed 26880K, reserved 1073152K
  class space    used 3432K, capacity 3552K, committed 3584K, reserved 1048576K
Event: 129.665 GC heap after
Heap after GC invocations=36 (full 5):
 PSYoungGen      total 460800K, used 121172K [0x00000000d5d80000, 0x0000000100000000, 0x0000000100000000)
  eden space 230912K, 0% used [0x00000000d5d80000,0x00000000d5d80000,0x00000000e3f00000)
  from space 229888K, 52% used [0x00000000e3f00000,0x00000000eb5550e8,0x00000000f1f80000)
  to   space 229888K, 0% used [0x00000000f1f80000,0x00000000f1f80000,0x0000000100000000)
 ParOldGen       total 504832K, used 428618K [0x0000000081800000, 0x00000000a0500000, 0x00000000d5d80000)
  object space 504832K, 84% used [0x0000000081800000,0x000000009ba92b28,0x00000000a0500000)
 Metaspace       used 26236K, capacity 26552K, committed 26880K, reserved 1073152K
  class space    used 3432K, capacity 3552K, committed 3584K, reserved 1048576K
}
Event: 131.737 GC heap before
{Heap before GC invocations=37 (full 5):
 PSYoungGen      total 460800K, used 352084K [0x00000000d5d80000, 0x0000000100000000, 0x0000000100000000)
  eden space 230912K, 100% used [0x00000000d5d80000,0x00000000e3f00000,0x00000000e3f00000)
  from space 229888K, 52% used [0x00000000e3f00000,0x00000000eb5550e8,0x00000000f1f80000)
  to   space 229888K, 0% used [0x00000000f1f80000,0x00000000f1f80000,0x0000000100000000)
 ParOldGen       total 504832K, used 428618K [0x0000000081800000, 0x00000000a0500000, 0x00000000d5d80000)
  object space 504832K, 84% used [0x0000000081800000,0x000000009ba92b28,0x00000000a0500000)
 Metaspace       used 26236K, capacity 26552K, committed 26880K, reserved 1073152K
  class space    used 3432K, capacity 3552K, committed 3584K, reserved 1048576K
Event: 132.256 GC heap after
Heap after GC invocations=37 (full 5):
 PSYoungGen      total 442368K, used 95488K [0x00000000d5d80000, 0x00000000fee00000, 0x0000000100000000)
  eden space 230912K, 0% used [0x00000000d5d80000,0x00000000d5d80000,0x00000000e3f00000)
  from space 211456K, 45% used [0x00000000f1f80000,0x00000000f7cc0100,0x00000000fee00000)
  to   space 220672K, 0% used [0x00000000e3f00000,0x00000000e3f00000,0x00000000f1680000)
 ParOldGen       total 504832K, used 469862K [0x0000000081800000, 0x00000000a0500000, 0x00000000d5d80000)
  object space 504832K, 93% used [0x0000000081800000,0x000000009e2d9a80,0x00000000a0500000)
 Metaspace       used 26236K, capacity 26552K, committed 26880K, reserved 1073152K
  class space    used 3432K, capacity 3552K, committed 3584K, reserved 1048576K
}
Event: 132.256 GC heap before
{Heap before GC invocations=38 (full 6):
 PSYoungGen      total 442368K, used 95488K [0x00000000d5d80000, 0x00000000fee00000, 0x0000000100000000)
  eden space 230912K, 0% used [0x00000000d5d80000,0x00000000d5d80000,0x00000000e3f00000)
  from space 211456K, 45% used [0x00000000f1f80000,0x00000000f7cc0100,0x00000000fee00000)
  to   space 220672K, 0% used [0x00000000e3f00000,0x00000000e3f00000,0x00000000f1680000)
 ParOldGen       total 504832K, used 469862K [0x0000000081800000, 0x00000000a0500000, 0x00000000d5d80000)
  object space 504832K, 93% used [0x0000000081800000,0x000000009e2d9a80,0x00000000a0500000)
 Metaspace       used 26236K, capacity 26552K, committed 26880K, reserved 1073152K
  class space    used 3432K, capacity 3552K, committed 3584K, reserved 1048576K
Event: 139.373 GC heap after
Heap after GC invocations=38 (full 6):
 PSYoungGen      total 442368K, used 48236K [0x00000000d5d80000, 0x00000000fee00000, 0x0000000100000000)
  eden space 230912K, 0% used [0x00000000d5d80000,0x00000000d5d80000,0x00000000e3f00000)
  from space 211456K, 22% used [0x00000000f1f80000,0x00000000f4e9b2d8,0x00000000fee00000)
  to   space 220672K, 0% used [0x00000000e3f00000,0x00000000e3f00000,0x00000000f1680000)
 ParOldGen       total 702464K, used 504790K [0x0000000081800000, 0x00000000ac600000, 0x00000000d5d80000)
  object space 702464K, 71% used [0x0000000081800000,0x00000000a04f5b60,0x00000000ac600000)
 Metaspace       used 26236K, capacity 26552K, committed 26880K, reserved 1073152K
  class space    used 3432K, capacity 3552K, committed 3584K, reserved 1048576K
}
Event: 141.836 GC heap before
{Heap before GC invocations=39 (full 6):
 PSYoungGen      total 442368K, used 279148K [0x00000000d5d80000, 0x00000000fee00000, 0x0000000100000000)
  eden space 230912K, 100% used [0x00000000d5d80000,0x00000000e3f00000,0x00000000e3f00000)
  from space 211456K, 22% used [0x00000000f1f80000,0x00000000f4e9b2d8,0x00000000fee00000)
  to   space 220672K, 0% used [0x00000000e3f00000,0x00000000e3f00000,0x00000000f1680000)
 ParOldGen       total 702464K, used 504790K [0x0000000081800000, 0x00000000ac600000, 0x00000000d5d80000)
  object space 702464K, 71% used [0x0000000081800000,0x00000000a04f5b60,0x00000000ac600000)
 Metaspace       used 26236K, capacity 26552K, committed 26880K, reserved 1073152K
  class space    used 3432K, capacity 3552K, committed 3584K, reserved 1048576K
Event: 142.286 GC heap after
Heap after GC invocations=39 (full 6):
 PSYoungGen      total 451584K, used 47263K [0x00000000d5d80000, 0x0000000100000000, 0x0000000100000000)
  eden space 230912K, 0% used [0x00000000d5d80000,0x00000000d5d80000,0x00000000e3f00000)
  from space 220672K, 21% used [0x00000000e3f00000,0x00000000e6d27e80,0x00000000f1680000)
  to   space 217600K, 0% used [0x00000000f2b80000,0x00000000f2b80000,0x0000000100000000)
 ParOldGen       total 702464K, used 522846K [0x0000000081800000, 0x00000000ac600000, 0x00000000d5d80000)
  object space 702464K, 74% used [0x0000000081800000,0x00000000a1697aa0,0x00000000ac600000)
 Metaspace       used 26236K, capacity 26552K, committed 26880K, reserved 1073152K
  class space    used 3432K, capacity 3552K, committed 3584K, reserved 1048576K
}
Event: 554.038 GC heap before
{Heap before GC invocations=40 (full 6):
 PSYoungGen      total 451584K, used 278175K [0x00000000d5d80000, 0x0000000100000000, 0x0000000100000000)
  eden space 230912K, 100% used [0x00000000d5d80000,0x00000000e3f00000,0x00000000e3f00000)
  from space 220672K, 21% used [0x00000000e3f00000,0x00000000e6d27e80,0x00000000f1680000)
  to   space 217600K, 0% used [0x00000000f2b80000,0x00000000f2b80000,0x0000000100000000)
 ParOldGen       total 702464K, used 522846K [0x0000000081800000, 0x00000000ac600000, 0x00000000d5d80000)
  object space 702464K, 74% used [0x0000000081800000,0x00000000a1697aa0,0x00000000ac600000)
 Metaspace       used 26514K, capacity 26808K, committed 27136K, reserved 1073152K
  class space    used 3437K, capacity 3552K, committed 3584K, reserved 1048576K

Deoptimization events (10 events):
Event: 553.939 Thread 0x0000000018ec4800 Uncommon trap: reason=bimorphic action=maybe_recompile pc=0x0000000002e7a158 method=org.apache.jena.ext.com.google.common.cache.LocalCache$LocalManualCache$1.load(Ljava/lang/Object;)Ljava/lang/Object; @ 4
Event: 553.940 Thread 0x0000000018ec4800 Uncommon trap: reason=bimorphic action=maybe_recompile pc=0x0000000002e7a158 method=org.apache.jena.ext.com.google.common.cache.LocalCache$LocalManualCache$1.load(Ljava/lang/Object;)Ljava/lang/Object; @ 4
Event: 553.940 Thread 0x0000000018ec4800 Uncommon trap: reason=bimorphic action=maybe_recompile pc=0x0000000002e7a158 method=org.apache.jena.ext.com.google.common.cache.LocalCache$LocalManualCache$1.load(Ljava/lang/Object;)Ljava/lang/Object; @ 4
Event: 553.941 Thread 0x0000000018ec4800 Uncommon trap: reason=bimorphic action=maybe_recompile pc=0x0000000002e7a158 method=org.apache.jena.ext.com.google.common.cache.LocalCache$LocalManualCache$1.load(Ljava/lang/Object;)Ljava/lang/Object; @ 4
Event: 553.941 Thread 0x0000000018ec4800 Uncommon trap: reason=bimorphic action=maybe_recompile pc=0x0000000002e84f98 method=org.apache.jena.ext.com.google.common.cache.LocalCache$LocalManualCache$1.load(Ljava/lang/Object;)Ljava/lang/Object; @ 4
Event: 553.953 Thread 0x0000000018ec4800 Uncommon trap: reason=class_check action=maybe_recompile pc=0x0000000002ee7b50 method=org.apache.jena.graph.impl.LiteralLabelImpl.setValue(Ljava/lang/String;)V @ 6
Event: 553.954 Thread 0x0000000018ec4800 Uncommon trap: reason=class_check action=maybe_recompile pc=0x0000000002ee7b50 method=org.apache.jena.graph.impl.LiteralLabelImpl.setValue(Ljava/lang/String;)V @ 6
Event: 553.954 Thread 0x0000000018ec4800 Uncommon trap: reason=class_check action=maybe_recompile pc=0x0000000002ee7b50 method=org.apache.jena.graph.impl.LiteralLabelImpl.setValue(Ljava/lang/String;)V @ 6
Event: 553.954 Thread 0x0000000018ec4800 Uncommon trap: reason=class_check action=maybe_recompile pc=0x0000000002ee7b50 method=org.apache.jena.graph.impl.LiteralLabelImpl.setValue(Ljava/lang/String;)V @ 6
Event: 553.961 Thread 0x0000000018ec4800 Uncommon trap: reason=unstable_if action=reinterpret pc=0x0000000002f16aa8 method=sun.nio.cs.StreamDecoder.readBytes()I @ 142

Classes redefined (0 events):
No events

Internal exceptions (10 events):
Event: 4.236 Thread 0x0000000018ec4800 Exception <a 'java/lang/ClassNotFoundException': java/lang/ObjectCustomizer> (0x00000000d675e240) thrown at [C:\re\workspace\8-2-build-windows-amd64-cygwin\jdk8u221\13320\hotspot\src\share\vm\classfile\systemDictionary.cpp, line 210]
Event: 4.242 Thread 0x0000000018ec4800 Exception <a 'java/lang/ArrayIndexOutOfBoundsException': 18> (0x00000000d6760f78) thrown at [C:\re\workspace\8-2-build-windows-amd64-cygwin\jdk8u221\13320\hotspot\src\share\vm\interpreter\interpreterRuntime.cpp, line 368]
Event: 4.245 Thread 0x0000000018ec4800 Exception <a 'java/lang/ArrayIndexOutOfBoundsException': 22> (0x00000000d67642d8) thrown at [C:\re\workspace\8-2-build-windows-amd64-cygwin\jdk8u221\13320\hotspot\src\share\vm\interpreter\interpreterRuntime.cpp, line 368]
Event: 4.247 Thread 0x0000000018ec4800 Exception <a 'java/lang/ArrayIndexOutOfBoundsException': 160> (0x00000000d67666b0) thrown at [C:\re\workspace\8-2-build-windows-amd64-cygwin\jdk8u221\13320\hotspot\src\share\vm\interpreter\interpreterRuntime.cpp, line 368]
Event: 4.252 Thread 0x0000000018ec4800 Exception <a 'java/lang/ClassNotFoundException': net/miginfocom/layout/UnitValueCustomizer> (0x00000000d6775260) thrown at [C:\re\workspace\8-2-build-windows-amd64-cygwin\jdk8u221\13320\hotspot\src\share\vm\classfile\systemDictionary.cpp, line 210]
Event: 4.274 Thread 0x0000000018ec4800 Exception <a 'java/lang/ClassNotFoundException': java/lang/ObjectCustomizer> (0x00000000d679af48) thrown at [C:\re\workspace\8-2-build-windows-amd64-cygwin\jdk8u221\13320\hotspot\src\share\vm\classfile\systemDictionary.cpp, line 210]
Event: 4.276 Thread 0x0000000018ec4800 Exception <a 'java/lang/ClassNotFoundException': net/miginfocom/layout/BoundSizeCustomizer> (0x00000000d67ab708) thrown at [C:\re\workspace\8-2-build-windows-amd64-cygwin\jdk8u221\13320\hotspot\src\share\vm\classfile\systemDictionary.cpp, line 210]
Event: 142.809 Thread 0x0000000018ec4800 AbstractMethodError at 0x000000000274557e
Event: 142.809 Thread 0x0000000018ec4800 Exception <a 'java/lang/AbstractMethodError'> (0x00000000d760a950) thrown at [C:\re\workspace\8-2-build-windows-amd64-cygwin\jdk8u221\13320\hotspot\src\share\vm\runtime\sharedRuntime.cpp, line 605]
Event: 142.809 Thread 0x0000000018ec4800 Exception <a 'java/lang/AbstractMethodError'> (0x00000000d760a950) thrown at [C:\re\workspace\8-2-build-windows-amd64-cygwin\jdk8u221\13320\hotspot\src\share\vm\prims\jvm.cpp, line 1506]

Events (10 events):
Event: 553.954 Thread 0x0000000018ec4800 Uncommon trap: trap_request=0xffffffde fr.pc=0x0000000002ee7b50
Event: 553.954 Thread 0x0000000018ec4800 DEOPT PACKING pc=0x0000000002ee7b50 sp=0x000000001979d9d0
Event: 553.954 Thread 0x0000000018ec4800 DEOPT UNPACKING pc=0x000000000267583b sp=0x000000001979d8c0 mode 2
Event: 553.954 Thread 0x0000000018ec4800 Uncommon trap: trap_request=0xffffffde fr.pc=0x0000000002ee7b50
Event: 553.954 Thread 0x0000000018ec4800 DEOPT PACKING pc=0x0000000002ee7b50 sp=0x000000001979d9d0
Event: 553.954 Thread 0x0000000018ec4800 DEOPT UNPACKING pc=0x000000000267583b sp=0x000000001979d8c0 mode 2
Event: 553.961 Thread 0x0000000018ec4800 Uncommon trap: trap_request=0xffffff65 fr.pc=0x0000000002f16aa8
Event: 553.961 Thread 0x0000000018ec4800 DEOPT PACKING pc=0x0000000002f16aa8 sp=0x000000001979daf0
Event: 553.961 Thread 0x0000000018ec4800 DEOPT UNPACKING pc=0x000000000267583b sp=0x000000001979da98 mode 2
Event: 554.037 Executing VM operation: ParallelGCFailedAllocation


Dynamic libraries:
0x00007ff686850000 - 0x00007ff686887000 	C:\Program Files\Java\jre1.8.0_221\bin\javaw.exe
0x00007ffd85800000 - 0x00007ffd859f0000 	C:\WINDOWS\SYSTEM32\ntdll.dll
0x00007ffd84690000 - 0x00007ffd84742000 	C:\WINDOWS\System32\KERNEL32.DLL
0x00007ffd83450000 - 0x00007ffd836f3000 	C:\WINDOWS\System32\KERNELBASE.dll
0x00007ffd83e30000 - 0x00007ffd83ed3000 	C:\WINDOWS\System32\ADVAPI32.dll
0x00007ffd84750000 - 0x00007ffd847ee000 	C:\WINDOWS\System32\msvcrt.dll
0x00007ffd840d0000 - 0x00007ffd84167000 	C:\WINDOWS\System32\sechost.dll
0x00007ffd84910000 - 0x00007ffd84a30000 	C:\WINDOWS\System32\RPCRT4.dll
0x00007ffd84a60000 - 0x00007ffd84bf4000 	C:\WINDOWS\System32\USER32.dll
0x00007ffd83850000 - 0x00007ffd83871000 	C:\WINDOWS\System32\win32u.dll
0x00007ffd84a30000 - 0x00007ffd84a56000 	C:\WINDOWS\System32\GDI32.dll
0x00007ffd82f10000 - 0x00007ffd830a4000 	C:\WINDOWS\System32\gdi32full.dll
0x00007ffd830b0000 - 0x00007ffd8314e000 	C:\WINDOWS\System32\msvcp_win.dll
0x00007ffd83330000 - 0x00007ffd8342a000 	C:\WINDOWS\System32\ucrtbase.dll
0x00007ffd74c50000 - 0x00007ffd74ed5000 	C:\WINDOWS\WinSxS\amd64_microsoft.windows.common-controls_6595b64144ccf1df_6.0.18362.418_none_e6c6b287130d565d\COMCTL32.dll
0x00007ffd83a20000 - 0x00007ffd83d56000 	C:\WINDOWS\System32\combase.dll
0x00007ffd832b0000 - 0x00007ffd83330000 	C:\WINDOWS\System32\bcryptPrimitives.dll
0x00007ffd83ee0000 - 0x00007ffd83f0e000 	C:\WINDOWS\System32\IMM32.DLL
0x0000000064d90000 - 0x0000000064e62000 	C:\Program Files\Java\jre1.8.0_221\bin\msvcr100.dll
0x0000000065060000 - 0x0000000065905000 	C:\Program Files\Java\jre1.8.0_221\bin\server\jvm.dll
0x00007ffd84db0000 - 0x00007ffd84db8000 	C:\WINDOWS\System32\PSAPI.DLL
0x00007ffd71440000 - 0x00007ffd71449000 	C:\WINDOWS\SYSTEM32\WSOCK32.dll
0x00007ffd848a0000 - 0x00007ffd8490f000 	C:\WINDOWS\System32\WS2_32.dll
0x00007ffd80010000 - 0x00007ffd80034000 	C:\WINDOWS\SYSTEM32\WINMM.dll
0x00007ffd77e90000 - 0x00007ffd77e9a000 	C:\WINDOWS\SYSTEM32\VERSION.dll
0x00007ffd7ffe0000 - 0x00007ffd8000d000 	C:\WINDOWS\SYSTEM32\WINMMBASE.dll
0x00007ffd83150000 - 0x00007ffd8319a000 	C:\WINDOWS\System32\cfgmgr32.dll
0x00007ffd7e2d0000 - 0x00007ffd7e2df000 	C:\Program Files\Java\jre1.8.0_221\bin\verify.dll
0x00007ffd7dba0000 - 0x00007ffd7dbc9000 	C:\Program Files\Java\jre1.8.0_221\bin\java.dll
0x00007ffd7db80000 - 0x00007ffd7db96000 	C:\Program Files\Java\jre1.8.0_221\bin\zip.dll
0x00007ffd850d0000 - 0x00007ffd857b5000 	C:\WINDOWS\System32\SHELL32.dll
0x00007ffd84170000 - 0x00007ffd84219000 	C:\WINDOWS\System32\shcore.dll
0x00007ffd82790000 - 0x00007ffd82f0f000 	C:\WINDOWS\System32\windows.storage.dll
0x00007ffd82700000 - 0x00007ffd8271f000 	C:\WINDOWS\System32\profapi.dll
0x00007ffd82740000 - 0x00007ffd8278a000 	C:\WINDOWS\System32\powrprof.dll
0x00007ffd826d0000 - 0x00007ffd826e0000 	C:\WINDOWS\System32\UMPDC.dll
0x00007ffd84070000 - 0x00007ffd840c2000 	C:\WINDOWS\System32\shlwapi.dll
0x00007ffd826e0000 - 0x00007ffd826f1000 	C:\WINDOWS\System32\kernel.appcore.dll
0x00007ffd83430000 - 0x00007ffd83447000 	C:\WINDOWS\System32\cryptsp.dll
0x00007ffd4b150000 - 0x00007ffd4b2e9000 	C:\Program Files\Java\jre1.8.0_221\bin\awt.dll
0x00007ffd83950000 - 0x00007ffd83a14000 	C:\WINDOWS\System32\OLEAUT32.dll
0x00007ffd80870000 - 0x00007ffd808ff000 	C:\WINDOWS\SYSTEM32\apphelp.dll
0x00007ffd80cb0000 - 0x00007ffd80d49000 	C:\WINDOWS\system32\uxtheme.dll
0x00007ffd84dd0000 - 0x00007ffd84f06000 	C:\WINDOWS\System32\MSCTF.dll
0x00007ffd84f10000 - 0x00007ffd85066000 	C:\WINDOWS\System32\ole32.dll
0x00007ffd81040000 - 0x00007ffd8106d000 	C:\WINDOWS\system32\DWMAPI.DLL
0x00007ffd5f500000 - 0x00007ffd5f656000 	C:\WINDOWS\system32\opengl32.dll
0x00007ffd5f0a0000 - 0x00007ffd5f0cc000 	C:\WINDOWS\SYSTEM32\GLU32.dll
0x00007ffd81340000 - 0x00007ffd81360000 	C:\WINDOWS\SYSTEM32\dxcore.dll
0x00007ffd6b400000 - 0x00007ffd6b449000 	C:\Program Files\Java\jre1.8.0_221\bin\fontmanager.dll
0x00007ffd7da90000 - 0x00007ffd7daaa000 	C:\Program Files\Java\jre1.8.0_221\bin\net.dll
0x00007ffd7a050000 - 0x00007ffd7a226000 	C:\WINDOWS\SYSTEM32\urlmon.dll
0x00007ffd76840000 - 0x00007ffd76ae6000 	C:\WINDOWS\SYSTEM32\iertutil.dll
0x00007ffd820b0000 - 0x00007ffd820bc000 	C:\WINDOWS\SYSTEM32\CRYPTBASE.DLL
0x00007ffd81ee0000 - 0x00007ffd81f47000 	C:\WINDOWS\system32\mswsock.dll
0x00007ffd7b9b0000 - 0x00007ffd7b9c2000 	C:\Program Files\Java\jre1.8.0_221\bin\nio.dll
0x00007ffd5a9b0000 - 0x00007ffd5a9f2000 	C:\Program Files\Java\jre1.8.0_221\bin\t2k.dll
0x00007ffd79c60000 - 0x00007ffd79cfe000 	C:\WINDOWS\System32\TextInputFramework.dll
0x00007ffd7c700000 - 0x00007ffd7ca2a000 	C:\WINDOWS\System32\CoreUIComponents.dll
0x00007ffd80660000 - 0x00007ffd80734000 	C:\WINDOWS\System32\CoreMessaging.dll
0x00007ffd81730000 - 0x00007ffd81761000 	C:\WINDOWS\SYSTEM32\ntmarta.dll
0x00007ffd7de70000 - 0x00007ffd7dfc3000 	C:\WINDOWS\SYSTEM32\wintypes.dll
0x00007ffd847f0000 - 0x00007ffd84892000 	C:\WINDOWS\System32\clbcatq.dll
0x00007ffd7b710000 - 0x00007ffd7b8bf000 	C:\WINDOWS\SYSTEM32\WindowsCodecs.dll
0x00007ffd621e0000 - 0x00007ffd6221a000 	C:\WINDOWS\system32\dataexchange.dll
0x00007ffd7f7c0000 - 0x00007ffd7fa1b000 	C:\WINDOWS\system32\d3d11.dll
0x00007ffd80110000 - 0x00007ffd802eb000 	C:\WINDOWS\system32\dcomp.dll
0x00007ffd81360000 - 0x00007ffd8144b000 	C:\WINDOWS\system32\dxgi.dll
0x00007ffd80a50000 - 0x00007ffd80caa000 	C:\WINDOWS\system32\twinapi.appcore.dll
0x00007ffd80f50000 - 0x00007ffd80f79000 	C:\WINDOWS\system32\RMCLIENT.dll
0x00007ffd81a50000 - 0x00007ffd81a83000 	C:\WINDOWS\system32\rsaenh.dll
0x00007ffd83880000 - 0x00007ffd838a6000 	C:\WINDOWS\System32\bcrypt.dll
0x00007ffd825f0000 - 0x00007ffd82615000 	C:\WINDOWS\SYSTEM32\USERENV.dll
0x00007ffd81bf0000 - 0x00007ffd81c2a000 	C:\WINDOWS\SYSTEM32\IPHLPAPI.DLL
0x00007ffd83f70000 - 0x00007ffd83f78000 	C:\WINDOWS\System32\NSI.dll
0x00007ffd79e90000 - 0x00007ffd79ea6000 	C:\WINDOWS\SYSTEM32\dhcpcsvc6.DLL
0x00007ffd79f60000 - 0x00007ffd79f7c000 	C:\WINDOWS\SYSTEM32\dhcpcsvc.DLL
0x00007ffd81c80000 - 0x00007ffd81d4a000 	C:\WINDOWS\SYSTEM32\DNSAPI.dll
0x00007ffd70b00000 - 0x00007ffd70cf4000 	C:\WINDOWS\SYSTEM32\dbghelp.dll

VM Arguments:
jvm_args: -Dfile.encoding=Cp1252 
java_command: view.SETLFrame
java_class_path (initial): C:\Users\Amrit\git\SETL\SETL\bin;C:\Users\Amrit\git\SETL\SETL\jena\lib\collection-0.7.jar;C:\Users\Amrit\git\SETL\SETL\jena\lib\commons-cli-1.4.jar;C:\Users\Amrit\git\SETL\SETL\jena\lib\commons-codec-1.11.jar;C:\Users\Amrit\git\SETL\SETL\jena\lib\commons-compress-1.18.jar;C:\Users\Amrit\git\SETL\SETL\jena\lib\commons-csv-1.5.jar;C:\Users\Amrit\git\SETL\SETL\jena\lib\commons-io-2.6.jar;C:\Users\Amrit\git\SETL\SETL\jena\lib\commons-lang3-3.4.jar;C:\Users\Amrit\git\SETL\SETL\jena\lib\httpclient-4.5.5.jar;C:\Users\Amrit\git\SETL\SETL\jena\lib\httpclient-cache-4.5.5.jar;C:\Users\Amrit\git\SETL\SETL\jena\lib\httpcore-4.4.9.jar;C:\Users\Amrit\git\SETL\SETL\jena\lib\jackson-annotations-2.9.0.jar;C:\Users\Amrit\git\SETL\SETL\jena\lib\jackson-core-2.9.9.jar;C:\Users\Amrit\git\SETL\SETL\jena\lib\jackson-databind-2.9.9.jar;C:\Users\Amrit\git\SETL\SETL\jena\lib\jcl-over-slf4j-1.7.26.jar;C:\Users\Amrit\git\SETL\SETL\jena\lib\jena-arq-3.12.0.jar;C:\Users\Amrit\git\SETL\SETL\jena\lib\jena-base-3.12.0.jar;C:\Users\Amrit\git\SETL\SETL\jena\lib\jena-cmds-3.12.0.jar;C:\Users\Amrit\git\SETL\SETL\jena\lib\jena-core-3.12.0.jar;C:\Users\Amrit\git\SETL\SETL\jena\lib\jena-dboe-base-3.12.0.jar;C:\Users\Amrit\git\SETL\SETL\jena\lib\jena-dboe-index-3.12.0.jar;C:\Users\Amrit\git\SETL\SETL\jena\lib\jena-dboe-trans-data-3.12.0.jar;C:\Users\Amrit\git\SETL\SETL\jena\lib\jena-dboe-transaction-3.12.0.jar;C:\Users\Amrit\git\SETL\SETL\jena\lib\jena-iri-3.12.0.jar;C:\Users\Amrit\git\SETL\SETL\jena\lib\jena-rdfconnection-3.12.0.jar;C:\Users\Amrit\git\SETL\SETL\jena\lib\jena-shaded-guava-3.12.0.jar;C:\Users\Amrit\git\SETL\SETL\jena\lib\jena-tdb-3.12.0.jar;C:\Users\Amrit\git\SETL\SETL\jena\lib\jena-tdb2-3.12.0.jar;C:\Users\Amrit\git\SETL\SETL\jena\lib\jsonld-java-0.12.3.jar;C:\Users\Amrit\git\SETL\SETL\jena\lib\libthrift-0.12.0.jar;C:\Users\Amrit\git\SETL\SETL\jena\lib\log4j-1.2.17.jar;C:\Users\Amrit\git\SETL\SETL\jena\lib\slf4j-api-1.7.26.jar;C:\Users\Amrit\git\SETL\SETL\jena\l
Launcher Type: SUN_STANDARD

Environment Variables:
PATH=C:/Program Files/Java/jre1.8.0_221/bin/server;C:/Program Files/Java/jre1.8.0_221/bin;C:/Program Files/Java/jre1.8.0_221/lib/amd64;C:\Program Files (x86)\Common Files\Oracle\Java\javapath;C:\WINDOWS\system32;C:\WINDOWS;C:\WINDOWS\System32\Wbem;C:\WINDOWS\System32\WindowsPowerShell\v1.0\;C:\Program Files\Git\cmd;C:\WINDOWS\System32\OpenSSH\;C:\Program Files\MiKTeX 2.9\miktex\bin\x64\;C:\Users\Amrit\AppData\Local\Programs\Python\Python37-32\Scripts\;C:\Users\Amrit\AppData\Local\Programs\Python\Python37-32\;C:\Users\Amrit\AppData\Local\Microsoft\WindowsApps;C:\Program Files\JetBrains\PyCharm Community Edition 2019.2\bin;;C:\jena\bat;C:\fuseki;;C:\Program Files\JetBrains\IntelliJ IDEA Community Edition 2019.2.2\bin;;C:\WINDOWS\system32;
USERNAME=Amrit
OS=Windows_NT
PROCESSOR_IDENTIFIER=Intel64 Family 6 Model 58 Stepping 9, GenuineIntel



---------------  S Y S T E M  ---------------

OS: Windows 10.0 , 64 bit Build 18362 (10.0.18362.329)

CPU:total 4 (initial active 4) (2 cores per cpu, 2 threads per core) family 6 model 58 stepping 9, cmov, cx8, fxsr, mmx, sse, sse2, sse3, ssse3, sse4.1, sse4.2, popcnt, avx, clmul, erms, ht, tsc, tscinvbit, tscinv

Memory: 4k page, physical 8284668k(3862296k free), swap 16850312k(10573128k free)

vm_info: Java HotSpot(TM) 64-Bit Server VM (25.221-b11) for windows-amd64 JRE (1.8.0_221-b11), built on Jul  4 2019 04:39:29 by "java_re" with MS VC++ 10.0 (VS2010)

time: Mon Oct 14 03:52:21 2019
timezone: Bangladesh Standard Time
elapsed time: 554 seconds (0d 0h 9m 14s)

