#
# A fatal error has been detected by the Java Runtime Environment:
#
#  EXCEPTION_ACCESS_VIOLATION (0xc0000005) at pc=0x0000000073620940, pid=8664, tid=0x0000000000001e18
#
# JRE version: Java(TM) SE Runtime Environment (8.0_221-b11) (build 1.8.0_221-b11)
# Java VM: Java HotSpot(TM) 64-Bit Server VM (25.221-b11 mixed mode windows-amd64 compressed oops)
# Problematic frame:
# V  [jvm.dll+0xb0940]
#
# Failed to write core dump. Minidumps are not enabled by default on client versions of Windows
#
# If you would like to submit a bug report, please visit:
#   http://bugreport.java.com/bugreport/crash.jsp
#

---------------  T H R E A D  ---------------

Current thread (0x0000000002bae800):  GCTaskThread [stack: 0x0000000012a00000,0x0000000012b00000] [id=7704]

siginfo: ExceptionCode=0xc0000005, reading address 0x00000000000000d0

Registers:
RAX=0x0000000012b00000, RBX=0x000000008796ab68, RCX=0x000000008796ab68, RDX=0x00000000000000c8
RSP=0x0000000012aff578, RBP=0x0000000002c7d510, RSI=0x0000000087eb7680, RDI=0x000000008796ab68
R8 =0x0000000000030b55, R9 =0x0000000000021200, R10=0x000000000000000c, R11=0x0000000000021200
R12=0x0000000087eb7750, R13=0x0000000000021400, R14=0x0000000087e32740, R15=0x0000000000026c81
RIP=0x0000000073620940, EFLAGS=0x0000000000010202

Top of Stack: (sp=0x0000000012aff578)
0x0000000012aff578:   000000007367d1b7 00000000826eecd0
0x0000000012aff588:   000000007396f7f8 0000000073d95ce0
0x0000000012aff598:   0000000000000007 000000008796ab68
0x0000000012aff5a8:   00000000736ab49a 000000000000000e
0x0000000012aff5b8:   0000000073685336 00000000826eecd0
0x0000000012aff5c8:   00000000826eecc4 0000000087e32740
0x0000000012aff5d8:   000000007378e9d2 0000000000000000
0x0000000012aff5e8:   00000000000003d8 0000000002baf3b8
0x0000000012aff5f8:   0000000000021200 000000000000000e
0x0000000012aff608:   000000007396baca 0000000002c7d510
0x0000000012aff618:   0000000087e32740 0000000002baefe0
0x0000000012aff628:   0000000002baefe0 000021bf000006e6
0x0000000012aff638:   000021c0000006e6 0000000000000000
0x0000000012aff648:   0000000087e32740 0000000000021200
0x0000000012aff658:   000000000137e800 0000000002baef01
0x0000000012aff668:   0000000002baef01 00008389e85b2d09 

Instructions: (pc=0x0000000073620940)
0x0000000073620920:   ec de 1d 00 48 8b 9c 24 d0 00 00 00 48 81 c4 c0
0x0000000073620930:   00 00 00 5d c3 cc cc cc cc cc cc cc cc cc cc cc
0x0000000073620940:   44 8b 42 08 4c 8b ca 45 85 c0 7e 0e 41 f6 c0 01
0x0000000073620950:   75 57 41 c1 f8 03 41 8b c0 c3 79 4d 80 3d de 5f 


Register to memory mapping:

RAX=0x0000000012b00000 is an unknown value
RBX=0x000000008796ab68 is pointing into object: 0x000000008796ab58
java.lang.String 
 - klass: 'java/lang/String'
RCX=0x000000008796ab68 is pointing into object: 0x000000008796ab58
java.lang.String 
 - klass: 'java/lang/String'
RDX=0x00000000000000c8 is an unknown value
RSP=0x0000000012aff578 is an unknown value
RBP=0x0000000002c7d510 is an unknown value
RSI=0x0000000087eb7680 is pointing into object: 0x0000000087e32740
[Lorg.apache.jena.graph.Triple; 
 - klass: 'org/apache/jena/graph/Triple'[]
 - length: 158849
RDI=0x000000008796ab68 is pointing into object: 0x000000008796ab58
java.lang.String 
 - klass: 'java/lang/String'
R8 =0x0000000000030b55 is an unknown value
R9 =0x0000000000021200 is an unknown value
R10=0x000000000000000c is an unknown value
R11=0x0000000000021200 is an unknown value
R12=0x0000000087eb7750 is pointing into object: 0x0000000087e32740
[Lorg.apache.jena.graph.Triple; 
 - klass: 'org/apache/jena/graph/Triple'[]
 - length: 158849
R13=0x0000000000021400 is an unknown value
R14=0x0000000087e32740 is an oop
[Lorg.apache.jena.graph.Triple; 
 - klass: 'org/apache/jena/graph/Triple'[]
 - length: 158849
R15=0x0000000000026c81 is an unknown value


Stack: [0x0000000012a00000,0x0000000012b00000],  sp=0x0000000012aff578,  free space=1021k
Native frames: (J=compiled Java code, j=interpreted, Vv=VM code, C=native code)
V  [jvm.dll+0xb0940]


---------------  P R O C E S S  ---------------

Java Threads: ( => current thread )
  0x0000000019170800 JavaThread "Service Thread" daemon [_thread_blocked, id=4656, stack(0x0000000019540000,0x0000000019640000)]
  0x00000000177ef800 JavaThread "C1 CompilerThread2" daemon [_thread_blocked, id=5924, stack(0x0000000019040000,0x0000000019140000)]
  0x00000000177ee000 JavaThread "C2 CompilerThread1" daemon [_thread_blocked, id=2240, stack(0x0000000018f40000,0x0000000019040000)]
  0x00000000177e1800 JavaThread "C2 CompilerThread0" daemon [_thread_blocked, id=8088, stack(0x0000000018e40000,0x0000000018f40000)]
  0x00000000177dd800 JavaThread "Attach Listener" daemon [_thread_blocked, id=2072, stack(0x0000000018d40000,0x0000000018e40000)]
  0x00000000177dc000 JavaThread "Signal Dispatcher" daemon [_thread_blocked, id=3976, stack(0x0000000018c40000,0x0000000018d40000)]
  0x00000000177ca800 JavaThread "Finalizer" daemon [_thread_blocked, id=6032, stack(0x0000000018a40000,0x0000000018b40000)]
  0x0000000002c82000 JavaThread "Reference Handler" daemon [_thread_blocked, id=7520, stack(0x0000000018940000,0x0000000018a40000)]
  0x000000000137e800 JavaThread "main" [_thread_blocked, id=3748, stack(0x0000000001260000,0x0000000001360000)]

Other Threads:
  0x00000000177a7800 VMThread [stack: 0x0000000018840000,0x0000000018940000] [id=1988]
  0x000000001919e000 WatcherThread [stack: 0x0000000019640000,0x0000000019740000] [id=9764]

=>0x0000000002bae800 (exited) GCTaskThread [stack: 0x0000000012a00000,0x0000000012b00000] [id=7704]

VM state:at safepoint (normal execution)

VM Mutex/Monitor currently owned by a thread:  ([mutex/lock_event])
[0x0000000002b903d0] Threads_lock - owner thread: 0x00000000177a7800
[0x0000000002b90350] Heap_lock - owner thread: 0x000000000137e800

heap address: 0x0000000081800000, size: 2024 MB, Compressed Oops mode: 32-bit
Narrow klass base: 0x0000000000000000, Narrow klass shift: 3
Compressed class space size: 1073741824 Address: 0x0000000100000000

Heap:
 PSYoungGen      total 591360K, used 8678K [0x00000000d5d80000, 0x0000000100000000, 0x0000000100000000)
  eden space 499200K, 0% used [0x00000000d5d80000,0x00000000d5d80000,0x00000000f4500000)
  from space 92160K, 9% used [0x00000000f4500000,0x00000000f4d79aa8,0x00000000f9f00000)
  to   space 95232K, 0% used [0x00000000fa300000,0x00000000fa300000,0x0000000100000000)
 ParOldGen       total 174592K, used 158659K [0x0000000081800000, 0x000000008c280000, 0x00000000d5d80000)
  object space 174592K, 90% used [0x0000000081800000,0x000000008b2f0d38,0x000000008c280000)
 Metaspace       used 18367K, capacity 18626K, committed 18944K, reserved 1067008K
  class space    used 2201K, capacity 2297K, committed 2304K, reserved 1048576K

Card table byte_map: [0x0000000012050000,0x0000000012450000] byte_map_base: 0x0000000011c44000

Marking Bits: (ParMarkBitMap*) 0x0000000073d95ce0
 Begin Bits: [0x0000000012b00000, 0x0000000014aa0000)
 End Bits:   [0x0000000014aa0000, 0x0000000016a40000)

Polling page: 0x0000000000d20000

CodeCache: size=245760Kb used=11728Kb max_used=11730Kb free=234031Kb
 bounds [0x0000000002c90000, 0x0000000003840000, 0x0000000011c90000]
 total_blobs=3503 nmethods=3117 adapters=298
 compilation: enabled

Compilation events (10 events):
Event: 35.747 Thread 0x00000000177e1800 3841       4       core.IRIGenerator::<init> (5 bytes)
Event: 35.748 Thread 0x00000000177e1800 nmethod 3841 0x000000000377b6d0 code [0x000000000377b800, 0x000000000377b858]
Event: 38.457 Thread 0x00000000177ee000 3842       4       core.IRIGenerator::getIRIValue (161 bytes)
Event: 38.472 Thread 0x00000000177ee000 nmethod 3842 0x0000000003766410 code [0x0000000003766580, 0x0000000003766ed8]
Event: 44.228 Thread 0x00000000177ef800 3843 %     3       core.OnDemandETL::generateLevelData @ 509 (1119 bytes)
Event: 44.270 Thread 0x00000000177ef800 nmethod 3843% 0x00000000037d15d0 code [0x00000000037d2920, 0x00000000037e1238]
Event: 44.609 Thread 0x00000000177ef800 3844 %     3       core.OnDemandETL::generateLevelData @ 771 (1119 bytes)
Event: 44.642 Thread 0x00000000177ef800 nmethod 3844% 0x00000000037f2690 code [0x00000000037f3a00, 0x0000000003802798]
Event: 44.999 Thread 0x00000000177ef800 3845       3       core.OnDemandETL::generateLevelData (1119 bytes)
Event: 45.042 Thread 0x00000000177ef800 nmethod 3845 0x0000000003813cd0 code [0x00000000038154a0, 0x0000000003826bd8]

GC Heap History (10 events):
Event: 38.323 GC heap after
Heap after GC invocations=22 (full 1):
 PSYoungGen      total 594944K, used 61624K [0x00000000d5d80000, 0x0000000100000000, 0x0000000100000000)
  eden space 499200K, 0% used [0x00000000d5d80000,0x00000000d5d80000,0x00000000f4500000)
  from space 95744K, 64% used [0x00000000f4500000,0x00000000f812e1f0,0x00000000fa280000)
  to   space 95744K, 0% used [0x00000000fa280000,0x00000000fa280000,0x0000000100000000)
 ParOldGen       total 174592K, used 103124K [0x0000000081800000, 0x000000008c280000, 0x00000000d5d80000)
  object space 174592K, 59% used [0x0000000081800000,0x0000000087cb51b0,0x000000008c280000)
 Metaspace       used 18356K, capacity 18626K, committed 18944K, reserved 1067008K
  class space    used 2201K, capacity 2297K, committed 2304K, reserved 1048576K
}
Event: 40.009 GC heap before
{Heap before GC invocations=23 (full 1):
 PSYoungGen      total 594944K, used 560824K [0x00000000d5d80000, 0x0000000100000000, 0x0000000100000000)
  eden space 499200K, 100% used [0x00000000d5d80000,0x00000000f4500000,0x00000000f4500000)
  from space 95744K, 64% used [0x00000000f4500000,0x00000000f812e1f0,0x00000000fa280000)
  to   space 95744K, 0% used [0x00000000fa280000,0x00000000fa280000,0x0000000100000000)
 ParOldGen       total 174592K, used 103124K [0x0000000081800000, 0x000000008c280000, 0x00000000d5d80000)
  object space 174592K, 59% used [0x0000000081800000,0x0000000087cb51b0,0x000000008c280000)
 Metaspace       used 18356K, capacity 18626K, committed 18944K, reserved 1067008K
  class space    used 2201K, capacity 2297K, committed 2304K, reserved 1048576K
Event: 40.116 GC heap after
Heap after GC invocations=23 (full 1):
 PSYoungGen      total 594944K, used 62152K [0x00000000d5d80000, 0x0000000100000000, 0x0000000100000000)
  eden space 499200K, 0% used [0x00000000d5d80000,0x00000000d5d80000,0x00000000f4500000)
  from space 95744K, 64% used [0x00000000fa280000,0x00000000fdf321e0,0x0000000100000000)
  to   space 95744K, 0% used [0x00000000f4500000,0x00000000f4500000,0x00000000fa280000)
 ParOldGen       total 174592K, used 103132K [0x0000000081800000, 0x000000008c280000, 0x00000000d5d80000)
  object space 174592K, 59% used [0x0000000081800000,0x0000000087cb71b0,0x000000008c280000)
 Metaspace       used 18356K, capacity 18626K, committed 18944K, reserved 1067008K
  class space    used 2201K, capacity 2297K, committed 2304K, reserved 1048576K
}
Event: 41.813 GC heap before
{Heap before GC invocations=24 (full 1):
 PSYoungGen      total 594944K, used 561352K [0x00000000d5d80000, 0x0000000100000000, 0x0000000100000000)
  eden space 499200K, 100% used [0x00000000d5d80000,0x00000000f4500000,0x00000000f4500000)
  from space 95744K, 64% used [0x00000000fa280000,0x00000000fdf321e0,0x0000000100000000)
  to   space 95744K, 0% used [0x00000000f4500000,0x00000000f4500000,0x00000000fa280000)
 ParOldGen       total 174592K, used 103132K [0x0000000081800000, 0x000000008c280000, 0x00000000d5d80000)
  object space 174592K, 59% used [0x0000000081800000,0x0000000087cb71b0,0x000000008c280000)
 Metaspace       used 18356K, capacity 18626K, committed 18944K, reserved 1067008K
  class space    used 2201K, capacity 2297K, committed 2304K, reserved 1048576K
Event: 41.923 GC heap after
Heap after GC invocations=24 (full 1):
 PSYoungGen      total 594944K, used 62664K [0x00000000d5d80000, 0x0000000100000000, 0x0000000100000000)
  eden space 499200K, 0% used [0x00000000d5d80000,0x00000000d5d80000,0x00000000f4500000)
  from space 95744K, 65% used [0x00000000f4500000,0x00000000f82321e0,0x00000000fa280000)
  to   space 95744K, 0% used [0x00000000fa280000,0x00000000fa280000,0x0000000100000000)
 ParOldGen       total 174592K, used 103132K [0x0000000081800000, 0x000000008c280000, 0x00000000d5d80000)
  object space 174592K, 59% used [0x0000000081800000,0x0000000087cb71b0,0x000000008c280000)
 Metaspace       used 18356K, capacity 18626K, committed 18944K, reserved 1067008K
  class space    used 2201K, capacity 2297K, committed 2304K, reserved 1048576K
}
Event: 43.594 GC heap before
{Heap before GC invocations=25 (full 1):
 PSYoungGen      total 594944K, used 561864K [0x00000000d5d80000, 0x0000000100000000, 0x0000000100000000)
  eden space 499200K, 100% used [0x00000000d5d80000,0x00000000f4500000,0x00000000f4500000)
  from space 95744K, 65% used [0x00000000f4500000,0x00000000f82321e0,0x00000000fa280000)
  to   space 95744K, 0% used [0x00000000fa280000,0x00000000fa280000,0x0000000100000000)
 ParOldGen       total 174592K, used 103132K [0x0000000081800000, 0x000000008c280000, 0x00000000d5d80000)
  object space 174592K, 59% used [0x0000000081800000,0x0000000087cb71b0,0x000000008c280000)
 Metaspace       used 18356K, capacity 18626K, committed 18944K, reserved 1067008K
  class space    used 2201K, capacity 2297K, committed 2304K, reserved 1048576K
Event: 43.726 GC heap after
Heap after GC invocations=25 (full 1):
 PSYoungGen      total 587776K, used 49253K [0x00000000d5d80000, 0x00000000ff900000, 0x0000000100000000)
  eden space 499200K, 0% used [0x00000000d5d80000,0x00000000d5d80000,0x00000000f4500000)
  from space 88576K, 55% used [0x00000000fa280000,0x00000000fd299600,0x00000000ff900000)
  to   space 92160K, 0% used [0x00000000f4500000,0x00000000f4500000,0x00000000f9f00000)
 ParOldGen       total 174592K, used 117364K [0x0000000081800000, 0x000000008c280000, 0x00000000d5d80000)
  object space 174592K, 67% used [0x0000000081800000,0x0000000088a9d1e0,0x000000008c280000)
 Metaspace       used 18356K, capacity 18626K, committed 18944K, reserved 1067008K
  class space    used 2201K, capacity 2297K, committed 2304K, reserved 1048576K
}
Event: 45.480 GC heap before
{Heap before GC invocations=26 (full 1):
 PSYoungGen      total 587776K, used 548453K [0x00000000d5d80000, 0x00000000ff900000, 0x0000000100000000)
  eden space 499200K, 100% used [0x00000000d5d80000,0x00000000f4500000,0x00000000f4500000)
  from space 88576K, 55% used [0x00000000fa280000,0x00000000fd299600,0x00000000ff900000)
  to   space 92160K, 0% used [0x00000000f4500000,0x00000000f4500000,0x00000000f9f00000)
 ParOldGen       total 174592K, used 117364K [0x0000000081800000, 0x000000008c280000, 0x00000000d5d80000)
  object space 174592K, 67% used [0x0000000081800000,0x0000000088a9d1e0,0x000000008c280000)
 Metaspace       used 18367K, capacity 18626K, committed 18944K, reserved 1067008K
  class space    used 2201K, capacity 2297K, committed 2304K, reserved 1048576K
Event: 45.573 GC heap after
Heap after GC invocations=26 (full 1):
 PSYoungGen      total 591360K, used 8678K [0x00000000d5d80000, 0x0000000100000000, 0x0000000100000000)
  eden space 499200K, 0% used [0x00000000d5d80000,0x00000000d5d80000,0x00000000f4500000)
  from space 92160K, 9% used [0x00000000f4500000,0x00000000f4d79aa8,0x00000000f9f00000)
  to   space 95232K, 0% used [0x00000000fa300000,0x00000000fa300000,0x0000000100000000)
 ParOldGen       total 174592K, used 158659K [0x0000000081800000, 0x000000008c280000, 0x00000000d5d80000)
  object space 174592K, 90% used [0x0000000081800000,0x000000008b2f0d38,0x000000008c280000)
 Metaspace       used 18367K, capacity 18626K, committed 18944K, reserved 1067008K
  class space    used 2201K, capacity 2297K, committed 2304K, reserved 1048576K
}
Event: 45.573 GC heap before
{Heap before GC invocations=27 (full 2):
 PSYoungGen      total 591360K, used 8678K [0x00000000d5d80000, 0x0000000100000000, 0x0000000100000000)
  eden space 499200K, 0% used [0x00000000d5d80000,0x00000000d5d80000,0x00000000f4500000)
  from space 92160K, 9% used [0x00000000f4500000,0x00000000f4d79aa8,0x00000000f9f00000)
  to   space 95232K, 0% used [0x00000000fa300000,0x00000000fa300000,0x0000000100000000)
 ParOldGen       total 174592K, used 158659K [0x0000000081800000, 0x000000008c280000, 0x00000000d5d80000)
  object space 174592K, 90% used [0x0000000081800000,0x000000008b2f0d38,0x000000008c280000)
 Metaspace       used 18367K, capacity 18626K, committed 18944K, reserved 1067008K
  class space    used 2201K, capacity 2297K, committed 2304K, reserved 1048576K

Deoptimization events (10 events):
Event: 13.272 Thread 0x000000000137e800 Uncommon trap: reason=class_check action=maybe_recompile pc=0x00000000034ad0cc method=org.apache.jena.mem.GraphTripleStoreBase.find(Lorg/apache/jena/graph/Triple;)Lorg/apache/jena/util/iterator/ExtendedIterator; @ 18
Event: 13.276 Thread 0x000000000137e800 Uncommon trap: reason=class_check action=maybe_recompile pc=0x00000000034ad0cc method=org.apache.jena.mem.GraphTripleStoreBase.find(Lorg/apache/jena/graph/Triple;)Lorg/apache/jena/util/iterator/ExtendedIterator; @ 18
Event: 13.279 Thread 0x000000000137e800 Uncommon trap: reason=class_check action=maybe_recompile pc=0x00000000034ad0cc method=org.apache.jena.mem.GraphTripleStoreBase.find(Lorg/apache/jena/graph/Triple;)Lorg/apache/jena/util/iterator/ExtendedIterator; @ 18
Event: 16.413 Thread 0x000000000137e800 Uncommon trap: reason=predicate action=maybe_recompile pc=0x0000000002e1ee74 method=java.util.AbstractCollection.toArray([Ljava/lang/Object;)[Ljava/lang/Object; @ 49
Event: 16.454 Thread 0x000000000137e800 Uncommon trap: reason=array_check action=maybe_recompile pc=0x00000000031cdfec method=java.util.AbstractCollection.toArray([Ljava/lang/Object;)[Ljava/lang/Object; @ 119
Event: 16.455 Thread 0x000000000137e800 Uncommon trap: reason=array_check action=maybe_recompile pc=0x00000000031cdfec method=java.util.AbstractCollection.toArray([Ljava/lang/Object;)[Ljava/lang/Object; @ 119
Event: 16.456 Thread 0x000000000137e800 Uncommon trap: reason=array_check action=maybe_recompile pc=0x00000000031cdfec method=java.util.AbstractCollection.toArray([Ljava/lang/Object;)[Ljava/lang/Object; @ 119
Event: 16.456 Thread 0x000000000137e800 Uncommon trap: reason=array_check action=maybe_recompile pc=0x00000000031cdfec method=java.util.AbstractCollection.toArray([Ljava/lang/Object;)[Ljava/lang/Object; @ 119
Event: 21.735 Thread 0x000000000137e800 Uncommon trap: reason=unstable_if action=reinterpret pc=0x0000000003475d4c method=sun.misc.FloatingDecimal.readJavaFormatString(Ljava/lang/String;)Lsun/misc/FloatingDecimal$ASCIIToBinaryConverter; @ 169
Event: 31.734 Thread 0x000000000137e800 Uncommon trap: reason=unstable_if action=reinterpret pc=0x00000000033a68e0 method=sun.misc.FloatingDecimal$ASCIIToBinaryBuffer.doubleValue()D @ 149

Classes redefined (0 events):
No events

Internal exceptions (10 events):
Event: 0.346 Thread 0x000000000137e800 Exception <a 'java/security/PrivilegedActionException'> (0x00000000d5f6fe20) thrown at [C:\re\workspace\8-2-build-windows-amd64-cygwin\jdk8u221\13320\hotspot\src\share\vm\prims\jvm.cpp, line 1502]
Event: 0.347 Thread 0x000000000137e800 Exception <a 'java/security/PrivilegedActionException'> (0x00000000d5f73c78) thrown at [C:\re\workspace\8-2-build-windows-amd64-cygwin\jdk8u221\13320\hotspot\src\share\vm\prims\jvm.cpp, line 1502]
Event: 0.347 Thread 0x000000000137e800 Exception <a 'java/security/PrivilegedActionException'> (0x00000000d5f74070) thrown at [C:\re\workspace\8-2-build-windows-amd64-cygwin\jdk8u221\13320\hotspot\src\share\vm\prims\jvm.cpp, line 1502]
Event: 0.493 Thread 0x000000000137e800 Exception <a 'java/lang/NoSuchFieldError': method resolution failed> (0x00000000d60e1a60) thrown at [C:\re\workspace\8-2-build-windows-amd64-cygwin\jdk8u221\13320\hotspot\src\share\vm\prims\methodHandles.cpp, line 1167]
Event: 0.498 Thread 0x000000000137e800 Exception <a 'java/lang/NoSuchFieldError': method resolution failed> (0x00000000d60eee60) thrown at [C:\re\workspace\8-2-build-windows-amd64-cygwin\jdk8u221\13320\hotspot\src\share\vm\prims\methodHandles.cpp, line 1167]
Event: 0.730 Thread 0x000000000137e800 Exception <a 'java/security/PrivilegedActionException'> (0x00000000d624a770) thrown at [C:\re\workspace\8-2-build-windows-amd64-cygwin\jdk8u221\13320\hotspot\src\share\vm\prims\jvm.cpp, line 1502]
Event: 0.731 Thread 0x000000000137e800 Exception <a 'java/security/PrivilegedActionException'> (0x00000000d624a980) thrown at [C:\re\workspace\8-2-build-windows-amd64-cygwin\jdk8u221\13320\hotspot\src\share\vm\prims\jvm.cpp, line 1502]
Event: 0.737 Thread 0x000000000137e800 Exception <a 'java/security/PrivilegedActionException'> (0x00000000d628aa98) thrown at [C:\re\workspace\8-2-build-windows-amd64-cygwin\jdk8u221\13320\hotspot\src\share\vm\prims\jvm.cpp, line 1502]
Event: 0.737 Thread 0x000000000137e800 Exception <a 'java/security/PrivilegedActionException'> (0x00000000d628aca8) thrown at [C:\re\workspace\8-2-build-windows-amd64-cygwin\jdk8u221\13320\hotspot\src\share\vm\prims\jvm.cpp, line 1502]
Event: 9.895 Thread 0x000000000137e800 Exception <a 'java/lang/NoSuchMethodError': java.lang.Object.lambda$and$0(Ljava/util/function/Predicate;Ljava/lang/Object;)Z> (0x00000000df6e0c80) thrown at [C:\re\workspace\8-2-build-windows-amd64-cygwin\jdk8u221\13320\hotspot\src\share\vm\interpreter\li

Events (10 events):
Event: 41.923 Executing VM operation: ParallelGCFailedAllocation done
Event: 43.594 Executing VM operation: ParallelGCFailedAllocation
Event: 43.726 Executing VM operation: ParallelGCFailedAllocation done
Event: 44.270 Thread 0x00000000177ef800 flushing nmethod 0x000000000308c350
Event: 44.270 Thread 0x00000000177ef800 flushing nmethod 0x000000000308ce90
Event: 44.270 Thread 0x00000000177ef800 flushing nmethod 0x000000000309db50
Event: 44.270 Thread 0x00000000177ef800 flushing nmethod 0x00000000030a5990
Event: 44.270 Thread 0x00000000177ef800 flushing nmethod 0x00000000030a9010
Event: 45.043 Thread 0x00000000177ef800 flushing nmethod 0x00000000032ad490
Event: 45.480 Executing VM operation: ParallelGCFailedAllocation


Dynamic libraries:
0x00007ff7484a0000 - 0x00007ff7484d7000 	C:\Program Files\Java\jre1.8.0_221\bin\javaw.exe
0x00007ffb0e720000 - 0x00007ffb0e910000 	C:\WINDOWS\SYSTEM32\ntdll.dll
0x00007ffb0d8e0000 - 0x00007ffb0d992000 	C:\WINDOWS\System32\KERNEL32.DLL
0x00007ffb0c1e0000 - 0x00007ffb0c483000 	C:\WINDOWS\System32\KERNELBASE.dll
0x00007ffb0d1a0000 - 0x00007ffb0d243000 	C:\WINDOWS\System32\ADVAPI32.dll
0x00007ffb0caa0000 - 0x00007ffb0cb3e000 	C:\WINDOWS\System32\msvcrt.dll
0x00007ffb0cf10000 - 0x00007ffb0cfa7000 	C:\WINDOWS\System32\sechost.dll
0x00007ffb0d080000 - 0x00007ffb0d1a0000 	C:\WINDOWS\System32\RPCRT4.dll
0x00007ffb0dd40000 - 0x00007ffb0ded4000 	C:\WINDOWS\System32\USER32.dll
0x00007ffb0c7a0000 - 0x00007ffb0c7c1000 	C:\WINDOWS\System32\win32u.dll
0x00007ffb0df60000 - 0x00007ffb0df86000 	C:\WINDOWS\System32\GDI32.dll
0x00007ffb0c600000 - 0x00007ffb0c794000 	C:\WINDOWS\System32\gdi32full.dll
0x00007ffb0b6b0000 - 0x00007ffb0b74e000 	C:\WINDOWS\System32\msvcp_win.dll
0x00007ffb0c500000 - 0x00007ffb0c5fa000 	C:\WINDOWS\System32\ucrtbase.dll
0x00007ffaffee0000 - 0x00007ffb00165000 	C:\WINDOWS\WinSxS\amd64_microsoft.windows.common-controls_6595b64144ccf1df_6.0.18362.418_none_e6c6b287130d565d\COMCTL32.dll
0x00007ffb0cb60000 - 0x00007ffb0ce96000 	C:\WINDOWS\System32\combase.dll
0x00007ffb0bfb0000 - 0x00007ffb0c030000 	C:\WINDOWS\System32\bcryptPrimitives.dll
0x00007ffb0ca70000 - 0x00007ffb0ca9e000 	C:\WINDOWS\System32\IMM32.DLL
0x00000000733b0000 - 0x0000000073482000 	C:\Program Files\Java\jre1.8.0_221\bin\msvcr100.dll
0x0000000073570000 - 0x0000000073e15000 	C:\Program Files\Java\jre1.8.0_221\bin\server\jvm.dll
0x00007ffb0d8d0000 - 0x00007ffb0d8d8000 	C:\WINDOWS\System32\PSAPI.DLL
0x00007ffaf83b0000 - 0x00007ffaf83b9000 	C:\WINDOWS\SYSTEM32\WSOCK32.dll
0x00007ffb08fd0000 - 0x00007ffb08ff4000 	C:\WINDOWS\SYSTEM32\WINMM.dll
0x00007ffb0cea0000 - 0x00007ffb0cf0f000 	C:\WINDOWS\System32\WS2_32.dll
0x00007ffb02f00000 - 0x00007ffb02f0a000 	C:\WINDOWS\SYSTEM32\VERSION.dll
0x00007ffb08fa0000 - 0x00007ffb08fcd000 	C:\WINDOWS\SYSTEM32\WINMMBASE.dll
0x00007ffb0c4b0000 - 0x00007ffb0c4fa000 	C:\WINDOWS\System32\cfgmgr32.dll
0x00007ffb015c0000 - 0x00007ffb015cf000 	C:\Program Files\Java\jre1.8.0_221\bin\verify.dll
0x00007ffaebec0000 - 0x00007ffaebee9000 	C:\Program Files\Java\jre1.8.0_221\bin\java.dll
0x00007ffafc7e0000 - 0x00007ffafc7f6000 	C:\Program Files\Java\jre1.8.0_221\bin\zip.dll
0x00007ffb0dff0000 - 0x00007ffb0e6d5000 	C:\WINDOWS\System32\SHELL32.dll
0x00007ffb0dc90000 - 0x00007ffb0dd39000 	C:\WINDOWS\System32\shcore.dll
0x00007ffb0b830000 - 0x00007ffb0bfaf000 	C:\WINDOWS\System32\windows.storage.dll
0x00007ffb0b690000 - 0x00007ffb0b6af000 	C:\WINDOWS\System32\profapi.dll
0x00007ffb0b640000 - 0x00007ffb0b68a000 	C:\WINDOWS\System32\powrprof.dll
0x00007ffb0b5f0000 - 0x00007ffb0b600000 	C:\WINDOWS\System32\UMPDC.dll
0x00007ffb0df90000 - 0x00007ffb0dfe2000 	C:\WINDOWS\System32\shlwapi.dll
0x00007ffb0b600000 - 0x00007ffb0b611000 	C:\WINDOWS\System32\kernel.appcore.dll
0x00007ffb0c490000 - 0x00007ffb0c4a7000 	C:\WINDOWS\System32\cryptsp.dll
0x00007ffb0a970000 - 0x00007ffb0a9a3000 	C:\WINDOWS\system32\rsaenh.dll
0x00007ffb0b800000 - 0x00007ffb0b826000 	C:\WINDOWS\System32\bcrypt.dll
0x00007ffb0b510000 - 0x00007ffb0b535000 	C:\WINDOWS\SYSTEM32\USERENV.dll
0x00007ffb0afd0000 - 0x00007ffb0afdc000 	C:\WINDOWS\SYSTEM32\CRYPTBASE.dll
0x00007ffaff690000 - 0x00007ffaff6aa000 	C:\Program Files\Java\jre1.8.0_221\bin\net.dll
0x00007ffb03220000 - 0x00007ffb033f6000 	C:\WINDOWS\SYSTEM32\urlmon.dll
0x00007ffafe980000 - 0x00007ffafec26000 	C:\WINDOWS\SYSTEM32\iertutil.dll
0x00007ffb0ae00000 - 0x00007ffb0ae67000 	C:\WINDOWS\system32\mswsock.dll
0x00007ffb0ab10000 - 0x00007ffb0ab4a000 	C:\WINDOWS\SYSTEM32\IPHLPAPI.DLL
0x00007ffb0dc80000 - 0x00007ffb0dc88000 	C:\WINDOWS\System32\NSI.dll
0x00007ffb03ec0000 - 0x00007ffb03ed6000 	C:\WINDOWS\SYSTEM32\dhcpcsvc6.DLL
0x00007ffb04f80000 - 0x00007ffb04f9c000 	C:\WINDOWS\SYSTEM32\dhcpcsvc.DLL
0x00007ffb0aba0000 - 0x00007ffb0ac6a000 	C:\WINDOWS\SYSTEM32\DNSAPI.dll
0x00007ffb06e40000 - 0x00007ffb06e52000 	C:\Program Files\Java\jre1.8.0_221\bin\nio.dll
0x00007ffaf9ff0000 - 0x00007ffafa1e4000 	C:\WINDOWS\SYSTEM32\dbghelp.dll

VM Arguments:
jvm_args: -Dfile.encoding=Cp1252 
java_command: core.OnDemandETL
java_class_path (initial): C:\Users\Amrit\git\SETL\SETL\bin;C:\Users\Amrit\git\SETL\SETL\jena\lib\collection-0.7.jar;C:\Users\Amrit\git\SETL\SETL\jena\lib\commons-cli-1.4.jar;C:\Users\Amrit\git\SETL\SETL\jena\lib\commons-codec-1.11.jar;C:\Users\Amrit\git\SETL\SETL\jena\lib\commons-compress-1.18.jar;C:\Users\Amrit\git\SETL\SETL\jena\lib\commons-csv-1.5.jar;C:\Users\Amrit\git\SETL\SETL\jena\lib\commons-io-2.6.jar;C:\Users\Amrit\git\SETL\SETL\jena\lib\commons-lang3-3.4.jar;C:\Users\Amrit\git\SETL\SETL\jena\lib\httpclient-4.5.5.jar;C:\Users\Amrit\git\SETL\SETL\jena\lib\httpclient-cache-4.5.5.jar;C:\Users\Amrit\git\SETL\SETL\jena\lib\httpcore-4.4.9.jar;C:\Users\Amrit\git\SETL\SETL\jena\lib\jackson-annotations-2.9.0.jar;C:\Users\Amrit\git\SETL\SETL\jena\lib\jackson-core-2.9.9.jar;C:\Users\Amrit\git\SETL\SETL\jena\lib\jackson-databind-2.9.9.jar;C:\Users\Amrit\git\SETL\SETL\jena\lib\jcl-over-slf4j-1.7.26.jar;C:\Users\Amrit\git\SETL\SETL\jena\lib\jena-arq-3.12.0.jar;C:\Users\Amrit\git\SETL\SETL\jena\lib\jena-base-3.12.0.jar;C:\Users\Amrit\git\SETL\SETL\jena\lib\jena-cmds-3.12.0.jar;C:\Users\Amrit\git\SETL\SETL\jena\lib\jena-core-3.12.0.jar;C:\Users\Amrit\git\SETL\SETL\jena\lib\jena-dboe-base-3.12.0.jar;C:\Users\Amrit\git\SETL\SETL\jena\lib\jena-dboe-index-3.12.0.jar;C:\Users\Amrit\git\SETL\SETL\jena\lib\jena-dboe-trans-data-3.12.0.jar;C:\Users\Amrit\git\SETL\SETL\jena\lib\jena-dboe-transaction-3.12.0.jar;C:\Users\Amrit\git\SETL\SETL\jena\lib\jena-iri-3.12.0.jar;C:\Users\Amrit\git\SETL\SETL\jena\lib\jena-rdfconnection-3.12.0.jar;C:\Users\Amrit\git\SETL\SETL\jena\lib\jena-shaded-guava-3.12.0.jar;C:\Users\Amrit\git\SETL\SETL\jena\lib\jena-tdb-3.12.0.jar;C:\Users\Amrit\git\SETL\SETL\jena\lib\jena-tdb2-3.12.0.jar;C:\Users\Amrit\git\SETL\SETL\jena\lib\jsonld-java-0.12.3.jar;C:\Users\Amrit\git\SETL\SETL\jena\lib\libthrift-0.12.0.jar;C:\Users\Amrit\git\SETL\SETL\jena\lib\log4j-1.2.17.jar;C:\Users\Amrit\git\SETL\SETL\jena\lib\slf4j-api-1.7.26.jar;C:\Users\Amrit\git\SETL\SETL\jena\l
Launcher Type: SUN_STANDARD

Environment Variables:
PATH=C:/Program Files/Java/jre1.8.0_221/bin/server;C:/Program Files/Java/jre1.8.0_221/bin;C:/Program Files/Java/jre1.8.0_221/lib/amd64;C:\Program Files (x86)\Common Files\Oracle\Java\javapath;C:\WINDOWS\system32;C:\WINDOWS;C:\WINDOWS\System32\Wbem;C:\WINDOWS\System32\WindowsPowerShell\v1.0\;C:\Program Files\Git\cmd;C:\WINDOWS\System32\OpenSSH\;C:\Program Files\MiKTeX 2.9\miktex\bin\x64\;C:\Users\Amrit\AppData\Local\Programs\Python\Python37-32\Scripts\;C:\Users\Amrit\AppData\Local\Programs\Python\Python37-32\;C:\Users\Amrit\AppData\Local\Microsoft\WindowsApps;C:\Program Files\JetBrains\PyCharm Community Edition 2019.2\bin;;C:\jena\bat;C:\fuseki;;C:\Program Files\JetBrains\IntelliJ IDEA Community Edition 2019.2.2\bin;;C:\WINDOWS\System32;
USERNAME=Amrit
OS=Windows_NT
PROCESSOR_IDENTIFIER=Intel64 Family 6 Model 58 Stepping 9, GenuineIntel



---------------  S Y S T E M  ---------------

OS: Windows 10.0 , 64 bit Build 18362 (10.0.18362.329)

CPU:total 4 (initial active 4) (2 cores per cpu, 2 threads per core) family 6 model 58 stepping 9, cmov, cx8, fxsr, mmx, sse, sse2, sse3, ssse3, sse4.1, sse4.2, popcnt, avx, clmul, erms, ht, tsc, tscinvbit, tscinv

Memory: 4k page, physical 8284668k(2226452k free), swap 14838268k(7876580k free)

vm_info: Java HotSpot(TM) 64-Bit Server VM (25.221-b11) for windows-amd64 JRE (1.8.0_221-b11), built on Jul  4 2019 04:39:29 by "java_re" with MS VC++ 10.0 (VS2010)

time: Tue Oct 15 23:03:24 2019
timezone: Bangladesh Standard Time
elapsed time: 46 seconds (0d 0h 0m 46s)

