#
# A fatal error has been detected by the Java Runtime Environment:
#
#  EXCEPTION_ACCESS_VIOLATION (0xc0000005) at pc=0x0000000073620940, pid=5628, tid=0x0000000000002980
#
# JRE version: Java(TM) SE Runtime Environment (8.0_221-b11) (build 1.8.0_221-b11)
# Java VM: Java HotSpot(TM) 64-Bit Server VM (25.221-b11 mixed mode windows-amd64 compressed oops)
# Problematic frame:
# V  [jvm.dll+0xb0940]
#
# Failed to write core dump. Minidumps are not enabled by default on client versions of Windows
#
# If you would like to submit a bug report, please visit:
#   http://bugreport.java.com/bugreport/crash.jsp
#

---------------  T H R E A D  ---------------

Current thread (0x000000000302e800):  GCTaskThread [stack: 0x0000000012e80000,0x0000000012f80000] [id=10624]

siginfo: ExceptionCode=0xc0000005, reading address 0x0000000000000008

Registers:
RAX=0x0000000000000000, RBX=0x00000000e8493aa0, RCX=0x00000000e8493aa0, RDX=0x0000000000000000
RSP=0x0000000012f7f2f8, RBP=0x0000000000000000, RSI=0x0000000017c25580, RDI=0x0001c70d000069e8
R8 =0x0000000017c25580, R9 =0x00000000e8493aa0, R10=0x000000000000000c, R11=0x000000000000000c
R12=0x0000000073bcc9f8, R13=0x0000000000000000, R14=0x0000000000000000, R15=0x000000000302efe0
RIP=0x0000000073620940, EFLAGS=0x0000000000010246

Top of Stack: (sp=0x0000000012f7f2f8)
0x0000000012f7f2f8:   0000000073974552 00000000e8493a50
0x0000000012f7f308:   0000000017c25580 0000000017c25580
0x0000000012f7f318:   00007ffb0c218ba3 00000000fff68c18
0x0000000012f7f328:   0000000073974c9b 000000008d5be328
0x0000000012f7f338:   0000000000000400 0000000000000000
0x0000000012f7f348:   0000000003020601 0000000073bcc9f8
0x0000000012f7f358:   00000000739748c0 000000008d5bff50
0x0000000012f7f368:   0000000000000000 0000000017c25580
0x0000000012f7f378:   0001c70d000069e8 000000008d5bff50
0x0000000012f7f388:   0000000073975295 00000000e97e0870
0x0000000012f7f398:   0000000000000000 0000000017c25580
0x0000000012f7f3a8:   0000000073683d03 0001c70d000069e8
0x0000000012f7f3b8:   00000000ffe74291 0000000017c25580
0x0000000012f7f3c8:   0001c70d000069e8 000000001a33c370
0x0000000012f7f3d8:   0001c70c000069e8 000181be0000a846
0x0000000012f7f3e8:   0001a951000079b1 000000000302efd0 

Instructions: (pc=0x0000000073620940)
0x0000000073620920:   ec de 1d 00 48 8b 9c 24 d0 00 00 00 48 81 c4 c0
0x0000000073620930:   00 00 00 5d c3 cc cc cc cc cc cc cc cc cc cc cc
0x0000000073620940:   44 8b 42 08 4c 8b ca 45 85 c0 7e 0e 41 f6 c0 01
0x0000000073620950:   75 57 41 c1 f8 03 41 8b c0 c3 79 4d 80 3d de 5f 


Register to memory mapping:

RAX=0x0000000000000000 is an unknown value
RBX=0x00000000e8493aa0 is an unknown value
RCX=0x00000000e8493aa0 is an unknown value
RDX=0x0000000000000000 is an unknown value
RSP=0x0000000012f7f2f8 is an unknown value
RBP=0x0000000000000000 is an unknown value
RSI=0x0000000017c25580 is an unknown value
RDI=0x0001c70d000069e8 is an unknown value
R8 =0x0000000017c25580 is an unknown value
R9 =0x00000000e8493aa0 is an unknown value
R10=0x000000000000000c is an unknown value
R11=0x000000000000000c is an unknown value
R12=0x0000000073bcc9f8 is an unknown value
R13=0x0000000000000000 is an unknown value
R14=0x0000000000000000 is an unknown value
R15=0x000000000302efe0 is an unknown value


Stack: [0x0000000012e80000,0x0000000012f80000],  sp=0x0000000012f7f2f8,  free space=1020k
Native frames: (J=compiled Java code, j=interpreted, Vv=VM code, C=native code)


---------------  P R O C E S S  ---------------

Java Threads: ( => current thread )
  0x00000000194d3800 JavaThread "Service Thread" daemon [_thread_blocked, id=13168, stack(0x00000000199b0000,0x0000000019ab0000)]
  0x00000000194b8800 JavaThread "C1 CompilerThread2" daemon [_thread_blocked, id=9372, stack(0x00000000198b0000,0x00000000199b0000)]
  0x0000000017c73000 JavaThread "C2 CompilerThread1" daemon [_thread_blocked, id=11740, stack(0x00000000193b0000,0x00000000194b0000)]
  0x0000000017c60800 JavaThread "C2 CompilerThread0" daemon [_thread_blocked, id=6624, stack(0x00000000192b0000,0x00000000193b0000)]
  0x0000000017c5c800 JavaThread "Attach Listener" daemon [_thread_blocked, id=9124, stack(0x00000000191b0000,0x00000000192b0000)]
  0x0000000017c5b800 JavaThread "Signal Dispatcher" daemon [_thread_blocked, id=4956, stack(0x00000000190b0000,0x00000000191b0000)]
  0x0000000017c4a800 JavaThread "Finalizer" daemon [_thread_blocked, id=2348, stack(0x0000000018eb0000,0x0000000018fb0000)]
  0x0000000003102000 JavaThread "Reference Handler" daemon [_thread_blocked, id=10220, stack(0x0000000018db0000,0x0000000018eb0000)]
  0x0000000002fbe800 JavaThread "main" [_thread_blocked, id=6784, stack(0x0000000002e20000,0x0000000002f20000)]

Other Threads:
  0x0000000017c27800 VMThread [stack: 0x0000000018cb0000,0x0000000018db0000] [id=10532]
  0x0000000019505800 WatcherThread [stack: 0x0000000019ab0000,0x0000000019bb0000] [id=7400]

=>0x000000000302e800 (exited) GCTaskThread [stack: 0x0000000012e80000,0x0000000012f80000] [id=10624]

VM state:at safepoint (normal execution)

VM Mutex/Monitor currently owned by a thread:  ([mutex/lock_event])
[0x0000000003010dd0] Threads_lock - owner thread: 0x0000000017c27800
[0x0000000003010fd0] Heap_lock - owner thread: 0x0000000002fbe800

heap address: 0x0000000081800000, size: 2024 MB, Compressed Oops mode: 32-bit
Narrow klass base: 0x0000000000000000, Narrow klass shift: 3
Compressed class space size: 1073741824 Address: 0x0000000100000000

Heap:
 PSYoungGen      total 652800K, used 635947K [0x00000000d5d80000, 0x00000000fff80000, 0x0000000100000000)
  eden space 618496K, 100% used [0x00000000d5d80000,0x00000000fb980000,0x00000000fb980000)
  from space 34304K, 50% used [0x00000000fb980000,0x00000000fca8ac90,0x00000000fdb00000)
  to   space 32768K, 99% used [0x00000000fdf80000,0x00000000fff78c18,0x00000000fff80000)
 ParOldGen       total 256000K, used 205521K [0x0000000081800000, 0x0000000091200000, 0x00000000d5d80000)
  object space 256000K, 80% used [0x0000000081800000,0x000000008e0b4750,0x0000000091200000)
 Metaspace       used 18256K, capacity 18522K, committed 18688K, reserved 1064960K
  class space    used 2191K, capacity 2263K, committed 2304K, reserved 1048576K

Card table byte_map: [0x00000000124d0000,0x00000000128d0000] byte_map_base: 0x00000000120c4000

Marking Bits: (ParMarkBitMap*) 0x0000000073d95ce0
 Begin Bits: [0x0000000012f80000, 0x0000000014f20000)
 End Bits:   [0x0000000014f20000, 0x0000000016ec0000)

Polling page: 0x00000000014d0000

CodeCache: size=245760Kb used=11494Kb max_used=12689Kb free=234265Kb
 bounds [0x0000000003110000, 0x0000000003e10000, 0x0000000012110000]
 total_blobs=3389 nmethods=3003 adapters=298
 compilation: enabled

Compilation events (10 events):
Event: 82.234 Thread 0x00000000194b8800 nmethod 3814 0x0000000003636fd0 code [0x0000000003637180, 0x0000000003637688]
Event: 82.273 Thread 0x0000000017c60800 nmethod 3797 0x000000000379a750 code [0x000000000379ab00, 0x000000000379d958]
Event: 82.447 Thread 0x0000000017c73000 3815       4       java.util.AbstractCollection::toArray (147 bytes)
Event: 82.472 Thread 0x0000000017c73000 nmethod 3815 0x00000000033bff50 code [0x00000000033c00a0, 0x00000000033c05b8]
Event: 82.480 Thread 0x0000000017c60800 3816       4       java.util.AbstractCollection::toArray (147 bytes)
Event: 82.510 Thread 0x0000000017c60800 nmethod 3816 0x0000000003794b50 code [0x0000000003794cc0, 0x0000000003795318]
Event: 82.515 Thread 0x0000000017c73000 3817       4       java.util.ArrayList$SubList::size (9 bytes)
Event: 82.516 Thread 0x0000000017c73000 nmethod 3817 0x000000000379a490 code [0x000000000379a5c0, 0x000000000379a658]
Event: 82.517 Thread 0x0000000017c60800 3818       4       java.util.AbstractCollection::toArray (147 bytes)
Event: 82.560 Thread 0x0000000017c60800 nmethod 3818 0x00000000034bcad0 code [0x00000000034bcc20, 0x00000000034bd6d8]

GC Heap History (10 events):
Event: 64.802 GC heap after
Heap after GC invocations=34 (full 3):
 PSYoungGen      total 643584K, used 16843K [0x00000000d5d80000, 0x00000000fff80000, 0x0000000100000000)
  eden space 603136K, 0% used [0x00000000d5d80000,0x00000000d5d80000,0x00000000faa80000)
  from space 40448K, 41% used [0x00000000faa80000,0x00000000fbaf2c90,0x00000000fd200000)
  to   space 38400K, 0% used [0x00000000fda00000,0x00000000fda00000,0x00000000fff80000)
 ParOldGen       total 256000K, used 140285K [0x0000000081800000, 0x0000000091200000, 0x00000000d5d80000)
  object space 256000K, 54% used [0x0000000081800000,0x000000008a0ff4f0,0x0000000091200000)
 Metaspace       used 18251K, capacity 18522K, committed 18688K, reserved 1064960K
  class space    used 2191K, capacity 2263K, committed 2304K, reserved 1048576K
}
Event: 66.927 GC heap before
{Heap before GC invocations=35 (full 3):
 PSYoungGen      total 643584K, used 619979K [0x00000000d5d80000, 0x00000000fff80000, 0x0000000100000000)
  eden space 603136K, 100% used [0x00000000d5d80000,0x00000000faa80000,0x00000000faa80000)
  from space 40448K, 41% used [0x00000000faa80000,0x00000000fbaf2c90,0x00000000fd200000)
  to   space 38400K, 0% used [0x00000000fda00000,0x00000000fda00000,0x00000000fff80000)
 ParOldGen       total 256000K, used 140285K [0x0000000081800000, 0x0000000091200000, 0x00000000d5d80000)
  object space 256000K, 54% used [0x0000000081800000,0x000000008a0ff4f0,0x0000000091200000)
 Metaspace       used 18251K, capacity 18522K, committed 18688K, reserved 1064960K
  class space    used 2191K, capacity 2263K, committed 2304K, reserved 1048576K
Event: 66.963 GC heap after
Heap after GC invocations=35 (full 3):
 PSYoungGen      total 645632K, used 17003K [0x00000000d5d80000, 0x00000000ffb00000, 0x0000000100000000)
  eden space 611840K, 0% used [0x00000000d5d80000,0x00000000d5d80000,0x00000000fb300000)
  from space 33792K, 50% used [0x00000000fda00000,0x00000000fea9ac90,0x00000000ffb00000)
  to   space 36864K, 0% used [0x00000000fb300000,0x00000000fb300000,0x00000000fd700000)
 ParOldGen       total 256000K, used 141085K [0x0000000081800000, 0x0000000091200000, 0x00000000d5d80000)
  object space 256000K, 55% used [0x0000000081800000,0x000000008a1c74f0,0x0000000091200000)
 Metaspace       used 18251K, capacity 18522K, committed 18688K, reserved 1064960K
  class space    used 2191K, capacity 2263K, committed 2304K, reserved 1048576K
}
Event: 68.807 GC heap before
{Heap before GC invocations=36 (full 3):
 PSYoungGen      total 645632K, used 628843K [0x00000000d5d80000, 0x00000000ffb00000, 0x0000000100000000)
  eden space 611840K, 100% used [0x00000000d5d80000,0x00000000fb300000,0x00000000fb300000)
  from space 33792K, 50% used [0x00000000fda00000,0x00000000fea9ac90,0x00000000ffb00000)
  to   space 36864K, 0% used [0x00000000fb300000,0x00000000fb300000,0x00000000fd700000)
 ParOldGen       total 256000K, used 141085K [0x0000000081800000, 0x0000000091200000, 0x00000000d5d80000)
  object space 256000K, 55% used [0x0000000081800000,0x000000008a1c74f0,0x0000000091200000)
 Metaspace       used 18251K, capacity 18522K, committed 18688K, reserved 1064960K
  class space    used 2191K, capacity 2263K, committed 2304K, reserved 1048576K
Event: 68.839 GC heap after
Heap after GC invocations=36 (full 3):
 PSYoungGen      total 648704K, used 17211K [0x00000000d5d80000, 0x0000000100000000, 0x0000000100000000)
  eden space 611840K, 0% used [0x00000000d5d80000,0x00000000d5d80000,0x00000000fb300000)
  from space 36864K, 46% used [0x00000000fb300000,0x00000000fc3ceca0,0x00000000fd700000)
  to   space 35328K, 0% used [0x00000000fdd80000,0x00000000fdd80000,0x0000000100000000)
 ParOldGen       total 256000K, used 141885K [0x0000000081800000, 0x0000000091200000, 0x00000000d5d80000)
  object space 256000K, 55% used [0x0000000081800000,0x000000008a28f4f0,0x0000000091200000)
 Metaspace       used 18251K, capacity 18522K, committed 18688K, reserved 1064960K
  class space    used 2191K, capacity 2263K, committed 2304K, reserved 1048576K
}
Event: 70.705 GC heap before
{Heap before GC invocations=37 (full 3):
 PSYoungGen      total 648704K, used 629051K [0x00000000d5d80000, 0x0000000100000000, 0x0000000100000000)
  eden space 611840K, 100% used [0x00000000d5d80000,0x00000000fb300000,0x00000000fb300000)
  from space 36864K, 46% used [0x00000000fb300000,0x00000000fc3ceca0,0x00000000fd700000)
  to   space 35328K, 0% used [0x00000000fdd80000,0x00000000fdd80000,0x0000000100000000)
 ParOldGen       total 256000K, used 141885K [0x0000000081800000, 0x0000000091200000, 0x00000000d5d80000)
  object space 256000K, 55% used [0x0000000081800000,0x000000008a28f4f0,0x0000000091200000)
 Metaspace       used 18251K, capacity 18522K, committed 18688K, reserved 1064960K
  class space    used 2191K, capacity 2263K, committed 2304K, reserved 1048576K
Event: 70.737 GC heap after
Heap after GC invocations=37 (full 3):
 PSYoungGen      total 650240K, used 17323K [0x00000000d5d80000, 0x00000000ffc80000, 0x0000000100000000)
  eden space 618496K, 0% used [0x00000000d5d80000,0x00000000d5d80000,0x00000000fb980000)
  from space 31744K, 54% used [0x00000000fdd80000,0x00000000fee6ac90,0x00000000ffc80000)
  to   space 34304K, 0% used [0x00000000fb980000,0x00000000fb980000,0x00000000fdb00000)
 ParOldGen       total 256000K, used 142709K [0x0000000081800000, 0x0000000091200000, 0x00000000d5d80000)
  object space 256000K, 55% used [0x0000000081800000,0x000000008a35d4f0,0x0000000091200000)
 Metaspace       used 18251K, capacity 18522K, committed 18688K, reserved 1064960K
  class space    used 2191K, capacity 2263K, committed 2304K, reserved 1048576K
}
Event: 73.921 GC heap before
{Heap before GC invocations=38 (full 3):
 PSYoungGen      total 650240K, used 635819K [0x00000000d5d80000, 0x00000000ffc80000, 0x0000000100000000)
  eden space 618496K, 100% used [0x00000000d5d80000,0x00000000fb980000,0x00000000fb980000)
  from space 31744K, 54% used [0x00000000fdd80000,0x00000000fee6ac90,0x00000000ffc80000)
  to   space 34304K, 0% used [0x00000000fb980000,0x00000000fb980000,0x00000000fdb00000)
 ParOldGen       total 256000K, used 142709K [0x0000000081800000, 0x0000000091200000, 0x00000000d5d80000)
  object space 256000K, 55% used [0x0000000081800000,0x000000008a35d4f0,0x0000000091200000)
 Metaspace       used 18251K, capacity 18522K, committed 18688K, reserved 1064960K
  class space    used 2191K, capacity 2263K, committed 2304K, reserved 1048576K
Event: 73.993 GC heap after
Heap after GC invocations=38 (full 3):
 PSYoungGen      total 652800K, used 17451K [0x00000000d5d80000, 0x00000000fff80000, 0x0000000100000000)
  eden space 618496K, 0% used [0x00000000d5d80000,0x00000000d5d80000,0x00000000fb980000)
  from space 34304K, 50% used [0x00000000fb980000,0x00000000fca8ac90,0x00000000fdb00000)
  to   space 32768K, 0% used [0x00000000fdf80000,0x00000000fdf80000,0x00000000fff80000)
 ParOldGen       total 256000K, used 143533K [0x0000000081800000, 0x0000000091200000, 0x00000000d5d80000)
  object space 256000K, 56% used [0x0000000081800000,0x000000008a42b4f0,0x0000000091200000)
 Metaspace       used 18251K, capacity 18522K, committed 18688K, reserved 1064960K
  class space    used 2191K, capacity 2263K, committed 2304K, reserved 1048576K
}
Event: 82.739 GC heap before
{Heap before GC invocations=39 (full 3):
 PSYoungGen      total 652800K, used 635947K [0x00000000d5d80000, 0x00000000fff80000, 0x0000000100000000)
  eden space 618496K, 100% used [0x00000000d5d80000,0x00000000fb980000,0x00000000fb980000)
  from space 34304K, 50% used [0x00000000fb980000,0x00000000fca8ac90,0x00000000fdb00000)
  to   space 32768K, 0% used [0x00000000fdf80000,0x00000000fdf80000,0x00000000fff80000)
 ParOldGen       total 256000K, used 143533K [0x0000000081800000, 0x0000000091200000, 0x00000000d5d80000)
  object space 256000K, 56% used [0x0000000081800000,0x000000008a42b4f0,0x0000000091200000)
 Metaspace       used 18256K, capacity 18522K, committed 18688K, reserved 1064960K
  class space    used 2191K, capacity 2263K, committed 2304K, reserved 1048576K

Deoptimization events (10 events):
Event: 81.681 Thread 0x0000000002fbe800 Uncommon trap: reason=class_check action=maybe_recompile pc=0x0000000003227528 method=org.apache.jena.sparql.core.TriplePath.<init>(Lorg/apache/jena/graph/Triple;)V @ 28
Event: 81.681 Thread 0x0000000002fbe800 Uncommon trap: reason=class_check action=maybe_recompile pc=0x0000000003227528 method=org.apache.jena.sparql.core.TriplePath.<init>(Lorg/apache/jena/graph/Triple;)V @ 28
Event: 81.681 Thread 0x0000000002fbe800 Uncommon trap: reason=class_check action=maybe_recompile pc=0x00000000034efc24 method=org.apache.jena.sparql.algebra.optimize.TransformScopeRename$TransformScopeRename$.<init>(Lorg/apache/jena/sparql/algebra/Op;)V @ 27
Event: 81.681 Thread 0x0000000002fbe800 Uncommon trap: reason=class_check action=maybe_recompile pc=0x0000000003d461c8 method=org.apache.jena.sparql.algebra.PropertyFunctionGenerator.isMagicProperty(Lorg/apache/jena/sparql/pfunction/PropertyFunctionRegistry;Lorg/apache/jena/graph/Triple;)Z @ 4
Event: 81.927 Thread 0x0000000002fbe800 Uncommon trap: reason=bimorphic action=maybe_recompile pc=0x0000000003d446b0 method=org.apache.jena.sparql.engine.iterator.QueryIteratorWrapper.closeIterator()V @ 11
Event: 82.472 Thread 0x0000000002fbe800 Uncommon trap: reason=predicate action=maybe_recompile pc=0x00000000033c0434 method=java.util.AbstractCollection.toArray([Ljava/lang/Object;)[Ljava/lang/Object; @ 49
Event: 82.510 Thread 0x0000000002fbe800 Uncommon trap: reason=array_check action=maybe_recompile pc=0x000000000379512c method=java.util.AbstractCollection.toArray([Ljava/lang/Object;)[Ljava/lang/Object; @ 119
Event: 82.510 Thread 0x0000000002fbe800 Uncommon trap: reason=array_check action=maybe_recompile pc=0x000000000379512c method=java.util.AbstractCollection.toArray([Ljava/lang/Object;)[Ljava/lang/Object; @ 119
Event: 82.510 Thread 0x0000000002fbe800 Uncommon trap: reason=array_check action=maybe_recompile pc=0x000000000379512c method=java.util.AbstractCollection.toArray([Ljava/lang/Object;)[Ljava/lang/Object; @ 119
Event: 82.510 Thread 0x0000000002fbe800 Uncommon trap: reason=array_check action=maybe_recompile pc=0x000000000379512c method=java.util.AbstractCollection.toArray([Ljava/lang/Object;)[Ljava/lang/Object; @ 119

Classes redefined (0 events):
No events

Internal exceptions (10 events):
Event: 1.163 Thread 0x0000000002fbe800 Exception <a 'java/security/PrivilegedActionException'> (0x00000000d5f72368) thrown at [C:\re\workspace\8-2-build-windows-amd64-cygwin\jdk8u221\13320\hotspot\src\share\vm\prims\jvm.cpp, line 1502]
Event: 1.168 Thread 0x0000000002fbe800 Exception <a 'java/security/PrivilegedActionException'> (0x00000000d5f761c0) thrown at [C:\re\workspace\8-2-build-windows-amd64-cygwin\jdk8u221\13320\hotspot\src\share\vm\prims\jvm.cpp, line 1502]
Event: 1.168 Thread 0x0000000002fbe800 Exception <a 'java/security/PrivilegedActionException'> (0x00000000d5f765b8) thrown at [C:\re\workspace\8-2-build-windows-amd64-cygwin\jdk8u221\13320\hotspot\src\share\vm\prims\jvm.cpp, line 1502]
Event: 1.899 Thread 0x0000000002fbe800 Exception <a 'java/lang/NoSuchFieldError': method resolution failed> (0x00000000d60e5c38) thrown at [C:\re\workspace\8-2-build-windows-amd64-cygwin\jdk8u221\13320\hotspot\src\share\vm\prims\methodHandles.cpp, line 1167]
Event: 1.907 Thread 0x0000000002fbe800 Exception <a 'java/lang/NoSuchFieldError': method resolution failed> (0x00000000d60f3038) thrown at [C:\re\workspace\8-2-build-windows-amd64-cygwin\jdk8u221\13320\hotspot\src\share\vm\prims\methodHandles.cpp, line 1167]
Event: 2.231 Thread 0x0000000002fbe800 Exception <a 'java/security/PrivilegedActionException'> (0x00000000d624fbf0) thrown at [C:\re\workspace\8-2-build-windows-amd64-cygwin\jdk8u221\13320\hotspot\src\share\vm\prims\jvm.cpp, line 1502]
Event: 2.231 Thread 0x0000000002fbe800 Exception <a 'java/security/PrivilegedActionException'> (0x00000000d624fe00) thrown at [C:\re\workspace\8-2-build-windows-amd64-cygwin\jdk8u221\13320\hotspot\src\share\vm\prims\jvm.cpp, line 1502]
Event: 2.255 Thread 0x0000000002fbe800 Exception <a 'java/security/PrivilegedActionException'> (0x00000000d628ff18) thrown at [C:\re\workspace\8-2-build-windows-amd64-cygwin\jdk8u221\13320\hotspot\src\share\vm\prims\jvm.cpp, line 1502]
Event: 2.255 Thread 0x0000000002fbe800 Exception <a 'java/security/PrivilegedActionException'> (0x00000000d6290128) thrown at [C:\re\workspace\8-2-build-windows-amd64-cygwin\jdk8u221\13320\hotspot\src\share\vm\prims\jvm.cpp, line 1502]
Event: 7.954 Thread 0x0000000002fbe800 Exception <a 'java/lang/NoSuchMethodError': java.lang.Object.lambda$and$0(Ljava/util/function/Predicate;Ljava/lang/Object;)Z> (0x00000000d787adb8) thrown at [C:\re\workspace\8-2-build-windows-amd64-cygwin\jdk8u221\13320\hotspot\src\share\vm\interpreter\li

Events (10 events):
Event: 82.510 Thread 0x0000000002fbe800 Uncommon trap: trap_request=0xffffffd6 fr.pc=0x000000000379512c
Event: 82.510 Thread 0x0000000002fbe800 DEOPT PACKING pc=0x000000000379512c sp=0x0000000002f1eb90
Event: 82.510 Thread 0x0000000002fbe800 DEOPT UNPACKING pc=0x000000000315583b sp=0x0000000002f1eb28 mode 2
Event: 82.510 Thread 0x0000000002fbe800 Uncommon trap: trap_request=0xffffffd6 fr.pc=0x000000000379512c
Event: 82.510 Thread 0x0000000002fbe800 DEOPT PACKING pc=0x000000000379512c sp=0x0000000002f1eb90
Event: 82.510 Thread 0x0000000002fbe800 DEOPT UNPACKING pc=0x000000000315583b sp=0x0000000002f1eb28 mode 2
Event: 82.510 Thread 0x0000000002fbe800 Uncommon trap: trap_request=0xffffffd6 fr.pc=0x000000000379512c
Event: 82.510 Thread 0x0000000002fbe800 DEOPT PACKING pc=0x000000000379512c sp=0x0000000002f1eb90
Event: 82.510 Thread 0x0000000002fbe800 DEOPT UNPACKING pc=0x000000000315583b sp=0x0000000002f1eb28 mode 2
Event: 82.739 Executing VM operation: ParallelGCFailedAllocation


Dynamic libraries:
0x00007ff6bfa70000 - 0x00007ff6bfaa7000 	C:\Program Files\Java\jre1.8.0_221\bin\javaw.exe
0x00007ffb0e720000 - 0x00007ffb0e910000 	C:\WINDOWS\SYSTEM32\ntdll.dll
0x00007ffb0d8e0000 - 0x00007ffb0d992000 	C:\WINDOWS\System32\KERNEL32.DLL
0x00007ffb0c1e0000 - 0x00007ffb0c483000 	C:\WINDOWS\System32\KERNELBASE.dll
0x00007ffb0d1a0000 - 0x00007ffb0d243000 	C:\WINDOWS\System32\ADVAPI32.dll
0x00007ffb0caa0000 - 0x00007ffb0cb3e000 	C:\WINDOWS\System32\msvcrt.dll
0x00007ffb0cf10000 - 0x00007ffb0cfa7000 	C:\WINDOWS\System32\sechost.dll
0x00007ffb0d080000 - 0x00007ffb0d1a0000 	C:\WINDOWS\System32\RPCRT4.dll
0x00007ffb0dd40000 - 0x00007ffb0ded4000 	C:\WINDOWS\System32\USER32.dll
0x00007ffb0c7a0000 - 0x00007ffb0c7c1000 	C:\WINDOWS\System32\win32u.dll
0x00007ffb0df60000 - 0x00007ffb0df86000 	C:\WINDOWS\System32\GDI32.dll
0x00007ffb0c600000 - 0x00007ffb0c794000 	C:\WINDOWS\System32\gdi32full.dll
0x00007ffb0b6b0000 - 0x00007ffb0b74e000 	C:\WINDOWS\System32\msvcp_win.dll
0x00007ffb0c500000 - 0x00007ffb0c5fa000 	C:\WINDOWS\System32\ucrtbase.dll
0x00007ffaffee0000 - 0x00007ffb00165000 	C:\WINDOWS\WinSxS\amd64_microsoft.windows.common-controls_6595b64144ccf1df_6.0.18362.418_none_e6c6b287130d565d\COMCTL32.dll
0x00007ffb0cb60000 - 0x00007ffb0ce96000 	C:\WINDOWS\System32\combase.dll
0x00007ffb0bfb0000 - 0x00007ffb0c030000 	C:\WINDOWS\System32\bcryptPrimitives.dll
0x00007ffb0ca70000 - 0x00007ffb0ca9e000 	C:\WINDOWS\System32\IMM32.DLL
0x00000000732d0000 - 0x00000000733a2000 	C:\Program Files\Java\jre1.8.0_221\bin\msvcr100.dll
0x0000000073570000 - 0x0000000073e15000 	C:\Program Files\Java\jre1.8.0_221\bin\server\jvm.dll
0x00007ffb0d8d0000 - 0x00007ffb0d8d8000 	C:\WINDOWS\System32\PSAPI.DLL
0x00007ffaf83b0000 - 0x00007ffaf83b9000 	C:\WINDOWS\SYSTEM32\WSOCK32.dll
0x00007ffb0cea0000 - 0x00007ffb0cf0f000 	C:\WINDOWS\System32\WS2_32.dll
0x00007ffb08fd0000 - 0x00007ffb08ff4000 	C:\WINDOWS\SYSTEM32\WINMM.dll
0x00007ffb02f00000 - 0x00007ffb02f0a000 	C:\WINDOWS\SYSTEM32\VERSION.dll
0x00007ffb08fa0000 - 0x00007ffb08fcd000 	C:\WINDOWS\SYSTEM32\WINMMBASE.dll
0x00007ffb0c4b0000 - 0x00007ffb0c4fa000 	C:\WINDOWS\System32\cfgmgr32.dll
0x00007ffb049c0000 - 0x00007ffb049cf000 	C:\Program Files\Java\jre1.8.0_221\bin\verify.dll
0x00007ffaf14d0000 - 0x00007ffaf14f9000 	C:\Program Files\Java\jre1.8.0_221\bin\java.dll
0x00007ffaf1c60000 - 0x00007ffaf1c76000 	C:\Program Files\Java\jre1.8.0_221\bin\zip.dll
0x00007ffb0dff0000 - 0x00007ffb0e6d5000 	C:\WINDOWS\System32\SHELL32.dll
0x00007ffb0dc90000 - 0x00007ffb0dd39000 	C:\WINDOWS\System32\shcore.dll
0x00007ffb0b830000 - 0x00007ffb0bfaf000 	C:\WINDOWS\System32\windows.storage.dll
0x00007ffb0b690000 - 0x00007ffb0b6af000 	C:\WINDOWS\System32\profapi.dll
0x00007ffb0b640000 - 0x00007ffb0b68a000 	C:\WINDOWS\System32\powrprof.dll
0x00007ffb0b5f0000 - 0x00007ffb0b600000 	C:\WINDOWS\System32\UMPDC.dll
0x00007ffb0df90000 - 0x00007ffb0dfe2000 	C:\WINDOWS\System32\shlwapi.dll
0x00007ffb0b600000 - 0x00007ffb0b611000 	C:\WINDOWS\System32\kernel.appcore.dll
0x00007ffb0c490000 - 0x00007ffb0c4a7000 	C:\WINDOWS\System32\cryptsp.dll
0x00007ffb0a970000 - 0x00007ffb0a9a3000 	C:\WINDOWS\system32\rsaenh.dll
0x00007ffb0b800000 - 0x00007ffb0b826000 	C:\WINDOWS\System32\bcrypt.dll
0x00007ffb0b510000 - 0x00007ffb0b535000 	C:\WINDOWS\SYSTEM32\USERENV.dll
0x00007ffb0afd0000 - 0x00007ffb0afdc000 	C:\WINDOWS\SYSTEM32\CRYPTBASE.dll
0x00007ffaf0070000 - 0x00007ffaf008a000 	C:\Program Files\Java\jre1.8.0_221\bin\net.dll
0x00007ffb03220000 - 0x00007ffb033f6000 	C:\WINDOWS\SYSTEM32\urlmon.dll
0x00007ffafe980000 - 0x00007ffafec26000 	C:\WINDOWS\SYSTEM32\iertutil.dll
0x00007ffb0ae00000 - 0x00007ffb0ae67000 	C:\WINDOWS\system32\mswsock.dll
0x00007ffb0ab10000 - 0x00007ffb0ab4a000 	C:\WINDOWS\SYSTEM32\IPHLPAPI.DLL
0x00007ffb0dc80000 - 0x00007ffb0dc88000 	C:\WINDOWS\System32\NSI.dll
0x00007ffb03ec0000 - 0x00007ffb03ed6000 	C:\WINDOWS\SYSTEM32\dhcpcsvc6.DLL
0x00007ffb04f80000 - 0x00007ffb04f9c000 	C:\WINDOWS\SYSTEM32\dhcpcsvc.DLL
0x00007ffb0aba0000 - 0x00007ffb0ac6a000 	C:\WINDOWS\SYSTEM32\DNSAPI.dll
0x00007ffaeed10000 - 0x00007ffaeed22000 	C:\Program Files\Java\jre1.8.0_221\bin\nio.dll
0x00007ffaf9ff0000 - 0x00007ffafa1e4000 	C:\WINDOWS\SYSTEM32\dbghelp.dll

VM Arguments:
jvm_args: -Dfile.encoding=Cp1252 
java_command: core.OnDemandETL
java_class_path (initial): C:\Users\Amrit\git\SETL\SETL\bin;C:\Users\Amrit\git\SETL\SETL\jena\lib\collection-0.7.jar;C:\Users\Amrit\git\SETL\SETL\jena\lib\commons-cli-1.4.jar;C:\Users\Amrit\git\SETL\SETL\jena\lib\commons-codec-1.11.jar;C:\Users\Amrit\git\SETL\SETL\jena\lib\commons-compress-1.18.jar;C:\Users\Amrit\git\SETL\SETL\jena\lib\commons-csv-1.5.jar;C:\Users\Amrit\git\SETL\SETL\jena\lib\commons-io-2.6.jar;C:\Users\Amrit\git\SETL\SETL\jena\lib\commons-lang3-3.4.jar;C:\Users\Amrit\git\SETL\SETL\jena\lib\httpclient-4.5.5.jar;C:\Users\Amrit\git\SETL\SETL\jena\lib\httpclient-cache-4.5.5.jar;C:\Users\Amrit\git\SETL\SETL\jena\lib\httpcore-4.4.9.jar;C:\Users\Amrit\git\SETL\SETL\jena\lib\jackson-annotations-2.9.0.jar;C:\Users\Amrit\git\SETL\SETL\jena\lib\jackson-core-2.9.9.jar;C:\Users\Amrit\git\SETL\SETL\jena\lib\jackson-databind-2.9.9.jar;C:\Users\Amrit\git\SETL\SETL\jena\lib\jcl-over-slf4j-1.7.26.jar;C:\Users\Amrit\git\SETL\SETL\jena\lib\jena-arq-3.12.0.jar;C:\Users\Amrit\git\SETL\SETL\jena\lib\jena-base-3.12.0.jar;C:\Users\Amrit\git\SETL\SETL\jena\lib\jena-cmds-3.12.0.jar;C:\Users\Amrit\git\SETL\SETL\jena\lib\jena-core-3.12.0.jar;C:\Users\Amrit\git\SETL\SETL\jena\lib\jena-dboe-base-3.12.0.jar;C:\Users\Amrit\git\SETL\SETL\jena\lib\jena-dboe-index-3.12.0.jar;C:\Users\Amrit\git\SETL\SETL\jena\lib\jena-dboe-trans-data-3.12.0.jar;C:\Users\Amrit\git\SETL\SETL\jena\lib\jena-dboe-transaction-3.12.0.jar;C:\Users\Amrit\git\SETL\SETL\jena\lib\jena-iri-3.12.0.jar;C:\Users\Amrit\git\SETL\SETL\jena\lib\jena-rdfconnection-3.12.0.jar;C:\Users\Amrit\git\SETL\SETL\jena\lib\jena-shaded-guava-3.12.0.jar;C:\Users\Amrit\git\SETL\SETL\jena\lib\jena-tdb-3.12.0.jar;C:\Users\Amrit\git\SETL\SETL\jena\lib\jena-tdb2-3.12.0.jar;C:\Users\Amrit\git\SETL\SETL\jena\lib\jsonld-java-0.12.3.jar;C:\Users\Amrit\git\SETL\SETL\jena\lib\libthrift-0.12.0.jar;C:\Users\Amrit\git\SETL\SETL\jena\lib\log4j-1.2.17.jar;C:\Users\Amrit\git\SETL\SETL\jena\lib\slf4j-api-1.7.26.jar;C:\Users\Amrit\git\SETL\SETL\jena\l
Launcher Type: SUN_STANDARD

Environment Variables:
PATH=C:/Program Files/Java/jre1.8.0_221/bin/server;C:/Program Files/Java/jre1.8.0_221/bin;C:/Program Files/Java/jre1.8.0_221/lib/amd64;C:\Program Files (x86)\Common Files\Oracle\Java\javapath;C:\WINDOWS\system32;C:\WINDOWS;C:\WINDOWS\System32\Wbem;C:\WINDOWS\System32\WindowsPowerShell\v1.0\;C:\Program Files\Git\cmd;C:\WINDOWS\System32\OpenSSH\;C:\Program Files\MiKTeX 2.9\miktex\bin\x64\;C:\Users\Amrit\AppData\Local\Programs\Python\Python37-32\Scripts\;C:\Users\Amrit\AppData\Local\Programs\Python\Python37-32\;C:\Users\Amrit\AppData\Local\Microsoft\WindowsApps;C:\Program Files\JetBrains\PyCharm Community Edition 2019.2\bin;;C:\jena\bat;C:\fuseki;;C:\Program Files\JetBrains\IntelliJ IDEA Community Edition 2019.2.2\bin;;C:\WINDOWS\system32;
USERNAME=Amrit
OS=Windows_NT
PROCESSOR_IDENTIFIER=Intel64 Family 6 Model 58 Stepping 9, GenuineIntel



---------------  S Y S T E M  ---------------

OS: Windows 10.0 , 64 bit Build 18362 (10.0.18362.329)

CPU:total 4 (initial active 4) (2 cores per cpu, 2 threads per core) family 6 model 58 stepping 9, cmov, cx8, fxsr, mmx, sse, sse2, sse3, ssse3, sse4.1, sse4.2, popcnt, avx, clmul, erms, ht, tsc, tscinvbit, tscinv

Memory: 4k page, physical 8284668k(1968472k free), swap 14838268k(7641492k free)

vm_info: Java HotSpot(TM) 64-Bit Server VM (25.221-b11) for windows-amd64 JRE (1.8.0_221-b11), built on Jul  4 2019 04:39:29 by "java_re" with MS VC++ 10.0 (VS2010)

time: Sat Oct 19 22:13:50 2019
timezone: Bangladesh Standard Time
elapsed time: 83 seconds (0d 0h 1m 23s)

