#
# A fatal error has been detected by the Java Runtime Environment:
#
#  EXCEPTION_ACCESS_VIOLATION (0xc0000005) at pc=0x0000000073620940, pid=8968, tid=0x00000000000002fc
#
# JRE version: Java(TM) SE Runtime Environment (8.0_221-b11) (build 1.8.0_221-b11)
# Java VM: Java HotSpot(TM) 64-Bit Server VM (25.221-b11 mixed mode windows-amd64 compressed oops)
# Problematic frame:
# V  [jvm.dll+0xb0940]
#
# Failed to write core dump. Minidumps are not enabled by default on client versions of Windows
#
# If you would like to submit a bug report, please visit:
#   http://bugreport.java.com/bugreport/crash.jsp
#

---------------  T H R E A D  ---------------

Current thread (0x0000000002b7c000):  GCTaskThread [stack: 0x00000000128d0000,0x00000000129d0000] [id=764]

siginfo: ExceptionCode=0xc0000005, reading address 0x0000000000000008

Registers:
RAX=0x0000000000000000, RBX=0x00000000fd475470, RCX=0x00000000fd475470, RDX=0x0000000000000000
RSP=0x00000000129cf358, RBP=0x0000000000000000, RSI=0x0000000017775380, RDI=0x000000001a67c4e0
R8 =0x0000000017775380, R9 =0x0000000000000005, R10=0x0000000000000008, R11=0x00000000f76ea1d0
R12=0x0000000073bcc9f8, R13=0x0000000000000000, R14=0x0000000000000000, R15=0x0000000002b7c860
RIP=0x0000000073620940, EFLAGS=0x0000000000010246

Top of Stack: (sp=0x00000000129cf358)
0x00000000129cf358:   0000000073974552 00000000fd4754d0
0x00000000129cf368:   0000000000000004 0000000017775380
0x00000000129cf378:   00007ffb0c218ba3 00000000f76e21e0
0x00000000129cf388:   0000000000001000 0000000017775380
0x00000000129cf398:   0000000073683d03 0000000000000000
0x00000000129cf3a8:   0000000002b70301 0000000073bcc9f8
0x00000000129cf3b8:   00000000739748c0 00000000f4a8ca60
0x00000000129cf3c8:   0000000000000000 0000000017775380
0x00000000129cf3d8:   000000001a67c4e0 00000000f4a8ca60
0x00000000129cf3e8:   0000000073975295 000000000000006d
0x00000000129cf3f8:   0000000073944493 00000000f4a8cb04
0x00000000129cf408:   0000000073683d03 00000000f4a8cb01
0x00000000129cf418:   00000000f4a8cb01 0000000017775380
0x00000000129cf428:   0002526400005fe5 0000000000000200
0x00000000129cf438:   0000000073974c9b 0002523700005fe3
0x00000000129cf448:   0002526400005fe5 0000000002b7c850 

Instructions: (pc=0x0000000073620940)
0x0000000073620920:   ec de 1d 00 48 8b 9c 24 d0 00 00 00 48 81 c4 c0
0x0000000073620930:   00 00 00 5d c3 cc cc cc cc cc cc cc cc cc cc cc
0x0000000073620940:   44 8b 42 08 4c 8b ca 45 85 c0 7e 0e 41 f6 c0 01
0x0000000073620950:   75 57 41 c1 f8 03 41 8b c0 c3 79 4d 80 3d de 5f 


Register to memory mapping:

RAX=0x0000000000000000 is an unknown value
RBX=0x00000000fd475470 is an unknown value
RCX=0x00000000fd475470 is an unknown value
RDX=0x0000000000000000 is an unknown value
RSP=0x00000000129cf358 is an unknown value
RBP=0x0000000000000000 is an unknown value
RSI=0x0000000017775380 is an unknown value
RDI=0x000000001a67c4e0 is an unknown value
R8 =0x0000000017775380 is an unknown value
R9 =0x0000000000000005 is an unknown value
R10=0x0000000000000008 is an unknown value
R11=0x00000000f76ea1d0 is an oop
java.util.HashMap 
 - klass: 'java/util/HashMap'
R12=0x0000000073bcc9f8 is an unknown value
R13=0x0000000000000000 is an unknown value
R14=0x0000000000000000 is an unknown value
R15=0x0000000002b7c860 is an unknown value


Stack: [0x00000000128d0000,0x00000000129d0000],  sp=0x00000000129cf358,  free space=1020k
Native frames: (J=compiled Java code, j=interpreted, Vv=VM code, C=native code)


---------------  P R O C E S S  ---------------

Java Threads: ( => current thread )
  0x0000000019143800 JavaThread "Service Thread" daemon [_thread_blocked, id=8088, stack(0x0000000019520000,0x0000000019620000)]
  0x00000000177e7000 JavaThread "C1 CompilerThread2" daemon [_thread_blocked, id=5924, stack(0x0000000019020000,0x0000000019120000)]
  0x00000000177c3000 JavaThread "C2 CompilerThread1" daemon [_thread_blocked, id=7344, stack(0x0000000018f20000,0x0000000019020000)]
  0x00000000177b2800 JavaThread "C2 CompilerThread0" daemon [_thread_blocked, id=3448, stack(0x0000000018e20000,0x0000000018f20000)]
  0x00000000177ae800 JavaThread "Attach Listener" daemon [_thread_blocked, id=5828, stack(0x0000000018d20000,0x0000000018e20000)]
  0x00000000177ad000 JavaThread "Signal Dispatcher" daemon [_thread_blocked, id=1748, stack(0x0000000018c20000,0x0000000018d20000)]
  0x0000000002c5d800 JavaThread "Finalizer" daemon [_thread_blocked, id=4308, stack(0x0000000018a20000,0x0000000018b20000)]
  0x0000000002c52000 JavaThread "Reference Handler" daemon [_thread_blocked, id=5416, stack(0x0000000018920000,0x0000000018a20000)]
  0x0000000002a5e800 JavaThread "main" [_thread_blocked, id=3992, stack(0x0000000002a60000,0x0000000002b60000)]

Other Threads:
  0x0000000017777800 VMThread [stack: 0x0000000018820000,0x0000000018920000] [id=7384]
  0x0000000019187000 WatcherThread [stack: 0x0000000019620000,0x0000000019720000] [id=1288]

=>0x0000000002b7c000 (exited) GCTaskThread [stack: 0x00000000128d0000,0x00000000129d0000] [id=764]

VM state:at safepoint (normal execution)

VM Mutex/Monitor currently owned by a thread:  ([mutex/lock_event])
[0x0000000002b60950] Threads_lock - owner thread: 0x0000000017777800
[0x0000000002b60d50] Heap_lock - owner thread: 0x0000000002a5e800

heap address: 0x0000000081800000, size: 2024 MB, Compressed Oops mode: 32-bit
Narrow klass base: 0x0000000000000000, Narrow klass shift: 3
Compressed class space size: 1073741824 Address: 0x0000000100000000

Heap:
 PSYoungGen      total 594432K, used 560488K [0x00000000d5d80000, 0x0000000100000000, 0x0000000100000000)
  eden space 498176K, 100% used [0x00000000d5d80000,0x00000000f4400000,0x00000000f4400000)
  from space 96256K, 64% used [0x00000000fa200000,0x00000000fdeda1e0,0x0000000100000000)
  to   space 96256K, 65% used [0x00000000f4400000,0x00000000f81521e0,0x00000000fa200000)
 ParOldGen       total 175104K, used 102865K [0x0000000081800000, 0x000000008c300000, 0x00000000d5d80000)
  object space 175104K, 58% used [0x0000000081800000,0x0000000087c74480,0x000000008c300000)
 Metaspace       used 18274K, capacity 18554K, committed 18688K, reserved 1064960K
  class space    used 2196K, capacity 2297K, committed 2304K, reserved 1048576K

Card table byte_map: [0x0000000012020000,0x0000000012420000] byte_map_base: 0x0000000011c14000

Marking Bits: (ParMarkBitMap*) 0x0000000073d95ce0
 Begin Bits: [0x0000000012ad0000, 0x0000000014a70000)
 End Bits:   [0x0000000014a70000, 0x0000000016a10000)

Polling page: 0x0000000000cd0000

CodeCache: size=245760Kb used=11419Kb max_used=11991Kb free=234340Kb
 bounds [0x0000000002c60000, 0x0000000003840000, 0x0000000011c60000]
 total_blobs=3508 nmethods=3122 adapters=298
 compilation: enabled

Compilation events (10 events):
Event: 27.022 Thread 0x00000000177b2800 3806       4       java.util.regex.Pattern$Curly::study (153 bytes)
Event: 27.028 Thread 0x00000000177b2800 nmethod 3806 0x00000000033eb0d0 code [0x00000000033eb260, 0x00000000033eb658]
Event: 27.222 Thread 0x00000000177c3000 3807       4       helper.Methods::isIRI (36 bytes)
Event: 27.222 Thread 0x00000000177b2800 3808       4       java.lang.String::replaceAll (13 bytes)
Event: 27.225 Thread 0x00000000177c3000 nmethod 3807 0x0000000002ea7950 code [0x0000000002ea7aa0, 0x0000000002ea7d58]
Event: 27.235 Thread 0x00000000177b2800 nmethod 3808 0x0000000003427890 code [0x0000000003427a20, 0x0000000003427fd8]
Event: 27.493 Thread 0x00000000177c3000 3809       4       core.IRIGenerator::<init> (5 bytes)
Event: 27.493 Thread 0x00000000177c3000 nmethod 3809 0x0000000003138810 code [0x0000000003138940, 0x0000000003138998]
Event: 30.298 Thread 0x00000000177b2800 3810       4       core.IRIGenerator::getIRIValue (161 bytes)
Event: 30.316 Thread 0x00000000177b2800 nmethod 3810 0x000000000305d390 code [0x000000000305d500, 0x000000000305de58]

GC Heap History (10 events):
Event: 25.433 GC heap after
Heap after GC invocations=19 (full 1):
 PSYoungGen      total 595456K, used 59883K [0x00000000d5d80000, 0x0000000100000000, 0x0000000100000000)
  eden space 502272K, 0% used [0x00000000d5d80000,0x00000000d5d80000,0x00000000f4800000)
  from space 93184K, 64% used [0x00000000fa500000,0x00000000fdf7ad78,0x0000000100000000)
  to   space 94208K, 0% used [0x00000000f4800000,0x00000000f4800000,0x00000000fa400000)
 ParOldGen       total 175104K, used 102865K [0x0000000081800000, 0x000000008c300000, 0x00000000d5d80000)
  object space 175104K, 58% used [0x0000000081800000,0x0000000087c74480,0x000000008c300000)
 Metaspace       used 18274K, capacity 18554K, committed 18688K, reserved 1064960K
  class space    used 2196K, capacity 2297K, committed 2304K, reserved 1048576K
}
Event: 26.695 GC heap before
{Heap before GC invocations=20 (full 1):
 PSYoungGen      total 595456K, used 562155K [0x00000000d5d80000, 0x0000000100000000, 0x0000000100000000)
  eden space 502272K, 100% used [0x00000000d5d80000,0x00000000f4800000,0x00000000f4800000)
  from space 93184K, 64% used [0x00000000fa500000,0x00000000fdf7ad78,0x0000000100000000)
  to   space 94208K, 0% used [0x00000000f4800000,0x00000000f4800000,0x00000000fa400000)
 ParOldGen       total 175104K, used 102865K [0x0000000081800000, 0x000000008c300000, 0x00000000d5d80000)
  object space 175104K, 58% used [0x0000000081800000,0x0000000087c74480,0x000000008c300000)
 Metaspace       used 18274K, capacity 18554K, committed 18688K, reserved 1064960K
  class space    used 2196K, capacity 2297K, committed 2304K, reserved 1048576K
Event: 26.776 GC heap after
Heap after GC invocations=20 (full 1):
 PSYoungGen      total 563200K, used 60744K [0x00000000d5d80000, 0x0000000100000000, 0x0000000100000000)
  eden space 502272K, 0% used [0x00000000d5d80000,0x00000000d5d80000,0x00000000f4800000)
  from space 60928K, 99% used [0x00000000f4800000,0x00000000f83521e0,0x00000000f8380000)
  to   space 95232K, 0% used [0x00000000fa300000,0x00000000fa300000,0x0000000100000000)
 ParOldGen       total 175104K, used 102865K [0x0000000081800000, 0x000000008c300000, 0x00000000d5d80000)
  object space 175104K, 58% used [0x0000000081800000,0x0000000087c74480,0x000000008c300000)
 Metaspace       used 18274K, capacity 18554K, committed 18688K, reserved 1064960K
  class space    used 2196K, capacity 2297K, committed 2304K, reserved 1048576K
}
Event: 28.280 GC heap before
{Heap before GC invocations=21 (full 1):
 PSYoungGen      total 563200K, used 563016K [0x00000000d5d80000, 0x0000000100000000, 0x0000000100000000)
  eden space 502272K, 100% used [0x00000000d5d80000,0x00000000f4800000,0x00000000f4800000)
  from space 60928K, 99% used [0x00000000f4800000,0x00000000f83521e0,0x00000000f8380000)
  to   space 95232K, 0% used [0x00000000fa300000,0x00000000fa300000,0x0000000100000000)
 ParOldGen       total 175104K, used 102865K [0x0000000081800000, 0x000000008c300000, 0x00000000d5d80000)
  object space 175104K, 58% used [0x0000000081800000,0x0000000087c74480,0x000000008c300000)
 Metaspace       used 18274K, capacity 18554K, committed 18688K, reserved 1064960K
  class space    used 2196K, capacity 2297K, committed 2304K, reserved 1048576K
Event: 28.365 GC heap after
Heap after GC invocations=21 (full 1):
 PSYoungGen      total 594432K, used 61288K [0x00000000d5d80000, 0x0000000100000000, 0x0000000100000000)
  eden space 499200K, 0% used [0x00000000d5d80000,0x00000000d5d80000,0x00000000f4500000)
  from space 95232K, 64% used [0x00000000fa300000,0x00000000fdeda1e0,0x0000000100000000)
  to   space 95744K, 0% used [0x00000000f4500000,0x00000000f4500000,0x00000000fa280000)
 ParOldGen       total 175104K, used 102865K [0x0000000081800000, 0x000000008c300000, 0x00000000d5d80000)
  object space 175104K, 58% used [0x0000000081800000,0x0000000087c74480,0x000000008c300000)
 Metaspace       used 18274K, capacity 18554K, committed 18688K, reserved 1064960K
  class space    used 2196K, capacity 2297K, committed 2304K, reserved 1048576K
}
Event: 30.090 GC heap before
{Heap before GC invocations=22 (full 1):
 PSYoungGen      total 594432K, used 560488K [0x00000000d5d80000, 0x0000000100000000, 0x0000000100000000)
  eden space 499200K, 100% used [0x00000000d5d80000,0x00000000f4500000,0x00000000f4500000)
  from space 95232K, 64% used [0x00000000fa300000,0x00000000fdeda1e0,0x0000000100000000)
  to   space 95744K, 0% used [0x00000000f4500000,0x00000000f4500000,0x00000000fa280000)
 ParOldGen       total 175104K, used 102865K [0x0000000081800000, 0x000000008c300000, 0x00000000d5d80000)
  object space 175104K, 58% used [0x0000000081800000,0x0000000087c74480,0x000000008c300000)
 Metaspace       used 18274K, capacity 18554K, committed 18688K, reserved 1064960K
  class space    used 2196K, capacity 2297K, committed 2304K, reserved 1048576K
Event: 30.174 GC heap after
Heap after GC invocations=22 (full 1):
 PSYoungGen      total 561152K, used 61832K [0x00000000d5d80000, 0x0000000100000000, 0x0000000100000000)
  eden space 499200K, 0% used [0x00000000d5d80000,0x00000000d5d80000,0x00000000f4500000)
  from space 61952K, 99% used [0x00000000f4500000,0x00000000f81621e0,0x00000000f8180000)
  to   space 96256K, 0% used [0x00000000fa200000,0x00000000fa200000,0x0000000100000000)
 ParOldGen       total 175104K, used 102865K [0x0000000081800000, 0x000000008c300000, 0x00000000d5d80000)
  object space 175104K, 58% used [0x0000000081800000,0x0000000087c74480,0x000000008c300000)
 Metaspace       used 18274K, capacity 18554K, committed 18688K, reserved 1064960K
  class space    used 2196K, capacity 2297K, committed 2304K, reserved 1048576K
}
Event: 31.813 GC heap before
{Heap before GC invocations=23 (full 1):
 PSYoungGen      total 561152K, used 561032K [0x00000000d5d80000, 0x0000000100000000, 0x0000000100000000)
  eden space 499200K, 100% used [0x00000000d5d80000,0x00000000f4500000,0x00000000f4500000)
  from space 61952K, 99% used [0x00000000f4500000,0x00000000f81621e0,0x00000000f8180000)
  to   space 96256K, 0% used [0x00000000fa200000,0x00000000fa200000,0x0000000100000000)
 ParOldGen       total 175104K, used 102865K [0x0000000081800000, 0x000000008c300000, 0x00000000d5d80000)
  object space 175104K, 58% used [0x0000000081800000,0x0000000087c74480,0x000000008c300000)
 Metaspace       used 18274K, capacity 18554K, committed 18688K, reserved 1064960K
  class space    used 2196K, capacity 2297K, committed 2304K, reserved 1048576K
Event: 31.911 GC heap after
Heap after GC invocations=23 (full 1):
 PSYoungGen      total 594432K, used 62312K [0x00000000d5d80000, 0x0000000100000000, 0x0000000100000000)
  eden space 498176K, 0% used [0x00000000d5d80000,0x00000000d5d80000,0x00000000f4400000)
  from space 96256K, 64% used [0x00000000fa200000,0x00000000fdeda1e0,0x0000000100000000)
  to   space 96256K, 0% used [0x00000000f4400000,0x00000000f4400000,0x00000000fa200000)
 ParOldGen       total 175104K, used 102865K [0x0000000081800000, 0x000000008c300000, 0x00000000d5d80000)
  object space 175104K, 58% used [0x0000000081800000,0x0000000087c74480,0x000000008c300000)
 Metaspace       used 18274K, capacity 18554K, committed 18688K, reserved 1064960K
  class space    used 2196K, capacity 2297K, committed 2304K, reserved 1048576K
}
Event: 33.687 GC heap before
{Heap before GC invocations=24 (full 1):
 PSYoungGen      total 594432K, used 560488K [0x00000000d5d80000, 0x0000000100000000, 0x0000000100000000)
  eden space 498176K, 100% used [0x00000000d5d80000,0x00000000f4400000,0x00000000f4400000)
  from space 96256K, 64% used [0x00000000fa200000,0x00000000fdeda1e0,0x0000000100000000)
  to   space 96256K, 0% used [0x00000000f4400000,0x00000000f4400000,0x00000000fa200000)
 ParOldGen       total 175104K, used 102865K [0x0000000081800000, 0x000000008c300000, 0x00000000d5d80000)
  object space 175104K, 58% used [0x0000000081800000,0x0000000087c74480,0x000000008c300000)
 Metaspace       used 18274K, capacity 18554K, committed 18688K, reserved 1064960K
  class space    used 2196K, capacity 2297K, committed 2304K, reserved 1048576K

Deoptimization events (10 events):
Event: 14.493 Thread 0x0000000002a5e800 Uncommon trap: reason=predicate action=maybe_recompile pc=0x0000000002fd9db4 method=java.util.AbstractCollection.toArray([Ljava/lang/Object;)[Ljava/lang/Object; @ 49
Event: 14.546 Thread 0x0000000002a5e800 Uncommon trap: reason=array_check action=maybe_recompile pc=0x000000000322582c method=java.util.AbstractCollection.toArray([Ljava/lang/Object;)[Ljava/lang/Object; @ 119
Event: 14.546 Thread 0x0000000002a5e800 Uncommon trap: reason=array_check action=maybe_recompile pc=0x000000000322582c method=java.util.AbstractCollection.toArray([Ljava/lang/Object;)[Ljava/lang/Object; @ 119
Event: 14.546 Thread 0x0000000002a5e800 Uncommon trap: reason=array_check action=maybe_recompile pc=0x000000000322582c method=java.util.AbstractCollection.toArray([Ljava/lang/Object;)[Ljava/lang/Object; @ 119
Event: 14.546 Thread 0x0000000002a5e800 Uncommon trap: reason=array_check action=maybe_recompile pc=0x000000000322582c method=java.util.AbstractCollection.toArray([Ljava/lang/Object;)[Ljava/lang/Object; @ 119
Event: 17.032 Thread 0x0000000002a5e800 Uncommon trap: reason=unstable_if action=reinterpret pc=0x0000000002f5cfa0 method=sun.misc.FloatingDecimal$ASCIIToBinaryBuffer.doubleValue()D @ 149
Event: 18.860 Thread 0x0000000002a5e800 Uncommon trap: reason=class_check action=maybe_recompile pc=0x0000000002f10934 method=org.apache.jena.util.iterator.WrappedIterator.create(Ljava/util/Iterator;)Lorg/apache/jena/util/iterator/ExtendedIterator; @ 8
Event: 18.861 Thread 0x0000000002a5e800 Uncommon trap: reason=class_check action=maybe_recompile pc=0x0000000002f10934 method=org.apache.jena.util.iterator.WrappedIterator.create(Ljava/util/Iterator;)Lorg/apache/jena/util/iterator/ExtendedIterator; @ 8
Event: 18.861 Thread 0x0000000002a5e800 Uncommon trap: reason=class_check action=maybe_recompile pc=0x0000000002f10934 method=org.apache.jena.util.iterator.WrappedIterator.create(Ljava/util/Iterator;)Lorg/apache/jena/util/iterator/ExtendedIterator; @ 8
Event: 18.862 Thread 0x0000000002a5e800 Uncommon trap: reason=class_check action=maybe_recompile pc=0x0000000002f10934 method=org.apache.jena.util.iterator.WrappedIterator.create(Ljava/util/Iterator;)Lorg/apache/jena/util/iterator/ExtendedIterator; @ 8

Classes redefined (0 events):
No events

Internal exceptions (10 events):
Event: 0.420 Thread 0x0000000002a5e800 Exception <a 'java/lang/NoSuchFieldError': method resolution failed> (0x00000000d60788b0) thrown at [C:\re\workspace\8-2-build-windows-amd64-cygwin\jdk8u221\13320\hotspot\src\share\vm\prims\methodHandles.cpp, line 1167]
Event: 0.469 Thread 0x0000000002a5e800 Exception <a 'java/security/PrivilegedActionException'> (0x00000000d6114bf8) thrown at [C:\re\workspace\8-2-build-windows-amd64-cygwin\jdk8u221\13320\hotspot\src\share\vm\prims\jvm.cpp, line 1502]
Event: 0.469 Thread 0x0000000002a5e800 Exception <a 'java/security/PrivilegedActionException'> (0x00000000d6114e08) thrown at [C:\re\workspace\8-2-build-windows-amd64-cygwin\jdk8u221\13320\hotspot\src\share\vm\prims\jvm.cpp, line 1502]
Event: 0.470 Thread 0x0000000002a5e800 Exception <a 'java/security/PrivilegedActionException'> (0x00000000d6118a78) thrown at [C:\re\workspace\8-2-build-windows-amd64-cygwin\jdk8u221\13320\hotspot\src\share\vm\prims\jvm.cpp, line 1502]
Event: 0.470 Thread 0x0000000002a5e800 Exception <a 'java/security/PrivilegedActionException'> (0x00000000d6118c88) thrown at [C:\re\workspace\8-2-build-windows-amd64-cygwin\jdk8u221\13320\hotspot\src\share\vm\prims\jvm.cpp, line 1502]
Event: 0.530 Thread 0x0000000002a5e800 Exception <a 'java/security/PrivilegedActionException'> (0x00000000d61ea5b8) thrown at [C:\re\workspace\8-2-build-windows-amd64-cygwin\jdk8u221\13320\hotspot\src\share\vm\prims\jvm.cpp, line 1502]
Event: 0.530 Thread 0x0000000002a5e800 Exception <a 'java/security/PrivilegedActionException'> (0x00000000d61ea7c8) thrown at [C:\re\workspace\8-2-build-windows-amd64-cygwin\jdk8u221\13320\hotspot\src\share\vm\prims\jvm.cpp, line 1502]
Event: 0.533 Thread 0x0000000002a5e800 Exception <a 'java/security/PrivilegedActionException'> (0x00000000d622b0e0) thrown at [C:\re\workspace\8-2-build-windows-amd64-cygwin\jdk8u221\13320\hotspot\src\share\vm\prims\jvm.cpp, line 1502]
Event: 0.533 Thread 0x0000000002a5e800 Exception <a 'java/security/PrivilegedActionException'> (0x00000000d622b2f0) thrown at [C:\re\workspace\8-2-build-windows-amd64-cygwin\jdk8u221\13320\hotspot\src\share\vm\prims\jvm.cpp, line 1502]
Event: 8.744 Thread 0x0000000002a5e800 Exception <a 'java/lang/NoSuchMethodError': java.lang.Object.lambda$and$0(Ljava/util/function/Predicate;Ljava/lang/Object;)Z> (0x00000000df924420) thrown at [C:\re\workspace\8-2-build-windows-amd64-cygwin\jdk8u221\13320\hotspot\src\share\vm\interpreter\li

Events (10 events):
Event: 27.494 Thread 0x00000000177c3000 flushing nmethod 0x00000000031383d0
Event: 27.494 Thread 0x00000000177c3000 flushing nmethod 0x000000000313ab90
Event: 27.494 Thread 0x00000000177c3000 flushing nmethod 0x00000000031444d0
Event: 28.280 Executing VM operation: ParallelGCFailedAllocation
Event: 28.365 Executing VM operation: ParallelGCFailedAllocation done
Event: 30.090 Executing VM operation: ParallelGCFailedAllocation
Event: 30.174 Executing VM operation: ParallelGCFailedAllocation done
Event: 31.813 Executing VM operation: ParallelGCFailedAllocation
Event: 31.911 Executing VM operation: ParallelGCFailedAllocation done
Event: 33.687 Executing VM operation: ParallelGCFailedAllocation


Dynamic libraries:
0x00007ff7484a0000 - 0x00007ff7484d7000 	C:\Program Files\Java\jre1.8.0_221\bin\javaw.exe
0x00007ffb0e720000 - 0x00007ffb0e910000 	C:\WINDOWS\SYSTEM32\ntdll.dll
0x00007ffb0d8e0000 - 0x00007ffb0d992000 	C:\WINDOWS\System32\KERNEL32.DLL
0x00007ffb0c1e0000 - 0x00007ffb0c483000 	C:\WINDOWS\System32\KERNELBASE.dll
0x00007ffb0d1a0000 - 0x00007ffb0d243000 	C:\WINDOWS\System32\ADVAPI32.dll
0x00007ffb0caa0000 - 0x00007ffb0cb3e000 	C:\WINDOWS\System32\msvcrt.dll
0x00007ffb0cf10000 - 0x00007ffb0cfa7000 	C:\WINDOWS\System32\sechost.dll
0x00007ffb0d080000 - 0x00007ffb0d1a0000 	C:\WINDOWS\System32\RPCRT4.dll
0x00007ffb0dd40000 - 0x00007ffb0ded4000 	C:\WINDOWS\System32\USER32.dll
0x00007ffb0c7a0000 - 0x00007ffb0c7c1000 	C:\WINDOWS\System32\win32u.dll
0x00007ffb0df60000 - 0x00007ffb0df86000 	C:\WINDOWS\System32\GDI32.dll
0x00007ffb0c600000 - 0x00007ffb0c794000 	C:\WINDOWS\System32\gdi32full.dll
0x00007ffb0b6b0000 - 0x00007ffb0b74e000 	C:\WINDOWS\System32\msvcp_win.dll
0x00007ffb0c500000 - 0x00007ffb0c5fa000 	C:\WINDOWS\System32\ucrtbase.dll
0x00007ffaffee0000 - 0x00007ffb00165000 	C:\WINDOWS\WinSxS\amd64_microsoft.windows.common-controls_6595b64144ccf1df_6.0.18362.418_none_e6c6b287130d565d\COMCTL32.dll
0x00007ffb0cb60000 - 0x00007ffb0ce96000 	C:\WINDOWS\System32\combase.dll
0x00007ffb0bfb0000 - 0x00007ffb0c030000 	C:\WINDOWS\System32\bcryptPrimitives.dll
0x00007ffb0ca70000 - 0x00007ffb0ca9e000 	C:\WINDOWS\System32\IMM32.DLL
0x00000000732d0000 - 0x00000000733a2000 	C:\Program Files\Java\jre1.8.0_221\bin\msvcr100.dll
0x0000000073570000 - 0x0000000073e15000 	C:\Program Files\Java\jre1.8.0_221\bin\server\jvm.dll
0x00007ffb0d8d0000 - 0x00007ffb0d8d8000 	C:\WINDOWS\System32\PSAPI.DLL
0x00007ffaf83b0000 - 0x00007ffaf83b9000 	C:\WINDOWS\SYSTEM32\WSOCK32.dll
0x00007ffb08fd0000 - 0x00007ffb08ff4000 	C:\WINDOWS\SYSTEM32\WINMM.dll
0x00007ffb0cea0000 - 0x00007ffb0cf0f000 	C:\WINDOWS\System32\WS2_32.dll
0x00007ffb02f00000 - 0x00007ffb02f0a000 	C:\WINDOWS\SYSTEM32\VERSION.dll
0x00007ffb08fa0000 - 0x00007ffb08fcd000 	C:\WINDOWS\SYSTEM32\WINMMBASE.dll
0x00007ffb0c4b0000 - 0x00007ffb0c4fa000 	C:\WINDOWS\System32\cfgmgr32.dll
0x00007ffb015c0000 - 0x00007ffb015cf000 	C:\Program Files\Java\jre1.8.0_221\bin\verify.dll
0x00007ffaebec0000 - 0x00007ffaebee9000 	C:\Program Files\Java\jre1.8.0_221\bin\java.dll
0x00007ffafc7e0000 - 0x00007ffafc7f6000 	C:\Program Files\Java\jre1.8.0_221\bin\zip.dll
0x00007ffb0dff0000 - 0x00007ffb0e6d5000 	C:\WINDOWS\System32\SHELL32.dll
0x00007ffb0dc90000 - 0x00007ffb0dd39000 	C:\WINDOWS\System32\shcore.dll
0x00007ffb0b830000 - 0x00007ffb0bfaf000 	C:\WINDOWS\System32\windows.storage.dll
0x00007ffb0b690000 - 0x00007ffb0b6af000 	C:\WINDOWS\System32\profapi.dll
0x00007ffb0b640000 - 0x00007ffb0b68a000 	C:\WINDOWS\System32\powrprof.dll
0x00007ffb0b5f0000 - 0x00007ffb0b600000 	C:\WINDOWS\System32\UMPDC.dll
0x00007ffb0df90000 - 0x00007ffb0dfe2000 	C:\WINDOWS\System32\shlwapi.dll
0x00007ffb0b600000 - 0x00007ffb0b611000 	C:\WINDOWS\System32\kernel.appcore.dll
0x00007ffb0c490000 - 0x00007ffb0c4a7000 	C:\WINDOWS\System32\cryptsp.dll
0x00007ffb0a970000 - 0x00007ffb0a9a3000 	C:\WINDOWS\system32\rsaenh.dll
0x00007ffb0b800000 - 0x00007ffb0b826000 	C:\WINDOWS\System32\bcrypt.dll
0x00007ffb0b510000 - 0x00007ffb0b535000 	C:\WINDOWS\SYSTEM32\USERENV.dll
0x00007ffb0afd0000 - 0x00007ffb0afdc000 	C:\WINDOWS\SYSTEM32\CRYPTBASE.dll
0x00007ffaff690000 - 0x00007ffaff6aa000 	C:\Program Files\Java\jre1.8.0_221\bin\net.dll
0x00007ffb03220000 - 0x00007ffb033f6000 	C:\WINDOWS\SYSTEM32\urlmon.dll
0x00007ffafe980000 - 0x00007ffafec26000 	C:\WINDOWS\SYSTEM32\iertutil.dll
0x00007ffb0ae00000 - 0x00007ffb0ae67000 	C:\WINDOWS\system32\mswsock.dll
0x00007ffb0ab10000 - 0x00007ffb0ab4a000 	C:\WINDOWS\SYSTEM32\IPHLPAPI.DLL
0x00007ffb0dc80000 - 0x00007ffb0dc88000 	C:\WINDOWS\System32\NSI.dll
0x00007ffb03ec0000 - 0x00007ffb03ed6000 	C:\WINDOWS\SYSTEM32\dhcpcsvc6.DLL
0x00007ffb04f80000 - 0x00007ffb04f9c000 	C:\WINDOWS\SYSTEM32\dhcpcsvc.DLL
0x00007ffb0aba0000 - 0x00007ffb0ac6a000 	C:\WINDOWS\SYSTEM32\DNSAPI.dll
0x00007ffb06e40000 - 0x00007ffb06e52000 	C:\Program Files\Java\jre1.8.0_221\bin\nio.dll
0x00007ffaf9ff0000 - 0x00007ffafa1e4000 	C:\WINDOWS\SYSTEM32\dbghelp.dll

VM Arguments:
jvm_args: -Dfile.encoding=Cp1252 
java_command: core.OnDemandETL
java_class_path (initial): C:\Users\Amrit\git\SETL\SETL\bin;C:\Users\Amrit\git\SETL\SETL\jena\lib\collection-0.7.jar;C:\Users\Amrit\git\SETL\SETL\jena\lib\commons-cli-1.4.jar;C:\Users\Amrit\git\SETL\SETL\jena\lib\commons-codec-1.11.jar;C:\Users\Amrit\git\SETL\SETL\jena\lib\commons-compress-1.18.jar;C:\Users\Amrit\git\SETL\SETL\jena\lib\commons-csv-1.5.jar;C:\Users\Amrit\git\SETL\SETL\jena\lib\commons-io-2.6.jar;C:\Users\Amrit\git\SETL\SETL\jena\lib\commons-lang3-3.4.jar;C:\Users\Amrit\git\SETL\SETL\jena\lib\httpclient-4.5.5.jar;C:\Users\Amrit\git\SETL\SETL\jena\lib\httpclient-cache-4.5.5.jar;C:\Users\Amrit\git\SETL\SETL\jena\lib\httpcore-4.4.9.jar;C:\Users\Amrit\git\SETL\SETL\jena\lib\jackson-annotations-2.9.0.jar;C:\Users\Amrit\git\SETL\SETL\jena\lib\jackson-core-2.9.9.jar;C:\Users\Amrit\git\SETL\SETL\jena\lib\jackson-databind-2.9.9.jar;C:\Users\Amrit\git\SETL\SETL\jena\lib\jcl-over-slf4j-1.7.26.jar;C:\Users\Amrit\git\SETL\SETL\jena\lib\jena-arq-3.12.0.jar;C:\Users\Amrit\git\SETL\SETL\jena\lib\jena-base-3.12.0.jar;C:\Users\Amrit\git\SETL\SETL\jena\lib\jena-cmds-3.12.0.jar;C:\Users\Amrit\git\SETL\SETL\jena\lib\jena-core-3.12.0.jar;C:\Users\Amrit\git\SETL\SETL\jena\lib\jena-dboe-base-3.12.0.jar;C:\Users\Amrit\git\SETL\SETL\jena\lib\jena-dboe-index-3.12.0.jar;C:\Users\Amrit\git\SETL\SETL\jena\lib\jena-dboe-trans-data-3.12.0.jar;C:\Users\Amrit\git\SETL\SETL\jena\lib\jena-dboe-transaction-3.12.0.jar;C:\Users\Amrit\git\SETL\SETL\jena\lib\jena-iri-3.12.0.jar;C:\Users\Amrit\git\SETL\SETL\jena\lib\jena-rdfconnection-3.12.0.jar;C:\Users\Amrit\git\SETL\SETL\jena\lib\jena-shaded-guava-3.12.0.jar;C:\Users\Amrit\git\SETL\SETL\jena\lib\jena-tdb-3.12.0.jar;C:\Users\Amrit\git\SETL\SETL\jena\lib\jena-tdb2-3.12.0.jar;C:\Users\Amrit\git\SETL\SETL\jena\lib\jsonld-java-0.12.3.jar;C:\Users\Amrit\git\SETL\SETL\jena\lib\libthrift-0.12.0.jar;C:\Users\Amrit\git\SETL\SETL\jena\lib\log4j-1.2.17.jar;C:\Users\Amrit\git\SETL\SETL\jena\lib\slf4j-api-1.7.26.jar;C:\Users\Amrit\git\SETL\SETL\jena\l
Launcher Type: SUN_STANDARD

Environment Variables:
PATH=C:/Program Files/Java/jre1.8.0_221/bin/server;C:/Program Files/Java/jre1.8.0_221/bin;C:/Program Files/Java/jre1.8.0_221/lib/amd64;C:\Program Files (x86)\Common Files\Oracle\Java\javapath;C:\WINDOWS\system32;C:\WINDOWS;C:\WINDOWS\System32\Wbem;C:\WINDOWS\System32\WindowsPowerShell\v1.0\;C:\Program Files\Git\cmd;C:\WINDOWS\System32\OpenSSH\;C:\Program Files\MiKTeX 2.9\miktex\bin\x64\;C:\Users\Amrit\AppData\Local\Programs\Python\Python37-32\Scripts\;C:\Users\Amrit\AppData\Local\Programs\Python\Python37-32\;C:\Users\Amrit\AppData\Local\Microsoft\WindowsApps;C:\Program Files\JetBrains\PyCharm Community Edition 2019.2\bin;;C:\jena\bat;C:\fuseki;;C:\Program Files\JetBrains\IntelliJ IDEA Community Edition 2019.2.2\bin;;C:\WINDOWS\System32;
USERNAME=Amrit
OS=Windows_NT
PROCESSOR_IDENTIFIER=Intel64 Family 6 Model 58 Stepping 9, GenuineIntel



---------------  S Y S T E M  ---------------

OS: Windows 10.0 , 64 bit Build 18362 (10.0.18362.329)

CPU:total 4 (initial active 4) (2 cores per cpu, 2 threads per core) family 6 model 58 stepping 9, cmov, cx8, fxsr, mmx, sse, sse2, sse3, ssse3, sse4.1, sse4.2, popcnt, avx, clmul, erms, ht, tsc, tscinvbit, tscinv

Memory: 4k page, physical 8284668k(2863640k free), swap 14838268k(6125684k free)

vm_info: Java HotSpot(TM) 64-Bit Server VM (25.221-b11) for windows-amd64 JRE (1.8.0_221-b11), built on Jul  4 2019 04:39:29 by "java_re" with MS VC++ 10.0 (VS2010)

time: Wed Oct 16 03:30:56 2019
timezone: Bangladesh Standard Time
elapsed time: 33 seconds (0d 0h 0m 33s)

