#
# A fatal error has been detected by the Java Runtime Environment:
#
#  EXCEPTION_ACCESS_VIOLATION (0xc0000005) at pc=0x000000005cebb488, pid=3964, tid=0x0000000000001380
#
# JRE version: Java(TM) SE Runtime Environment (8.0_221-b11) (build 1.8.0_221-b11)
# Java VM: Java HotSpot(TM) 64-Bit Server VM (25.221-b11 mixed mode windows-amd64 compressed oops)
# Problematic frame:
# V  [jvm.dll+0x13b488]
#
# Failed to write core dump. Minidumps are not enabled by default on client versions of Windows
#
# If you would like to submit a bug report, please visit:
#   http://bugreport.java.com/bugreport/crash.jsp
#

---------------  T H R E A D  ---------------

Current thread (0x0000000002b4c000):  GCTaskThread [stack: 0x0000000012940000,0x0000000012a40000] [id=4992]

siginfo: ExceptionCode=0xc0000005, reading address 0xffffffffffffffff

Registers:
RAX=0x0000000012b40000, RBX=0x00000000000000e8, RCX=0x0000000000000000, RDX=0x0000000000000010
RSP=0x0000000012a3f180, RBP=0x0000000002c1d3e0, RSI=0x00000000a98d0a60, RDI=0x0000000000000080
R8 =0x007fffffffbf4000, R9 =0x0000000002c1d3e0, R10=0x000000000000fd20, R11=0x0000000085aea9a8
R12=0x00000000a98d0c80, R13=0x0000000000031a00, R14=0x00000000a980a470, R15=0x000000000026c885
RIP=0x000000005cebb488, EFLAGS=0x0000000000010202

Top of Stack: (sp=0x0000000012a3f180)
0x0000000012a3f180:   0000000018079940 000000005ce95336
0x0000000012a3f190:   000000009119bdf0 000000005d1337a9
0x0000000012a3f1a0:   0000000000000012 000000005cf9e9d2
0x0000000012a3f1b0:   0000000000000000 0000000002b4c850
0x0000000012a3f1c0:   0000000002b40260 0000000000031800
0x0000000012a3f1d0:   00000000000000e8 000000005d17baca
0x0000000012a3f1e0:   0000000002c1d3e0 00000000a980a470
0x0000000012a3f1f0:   000000005d3dafd8 00005614000000e8
0x0000000012a3f200:   000401ef0000fce2 000401f00000fce2
0x0000000012a3f210:   00000000a980b47c 00000000a980a470
0x0000000012a3f220:   0000000000031800 000000005cebb511
0x0000000012a3f230:   0000000017785e70 00003183000000d7
0x0000000012a3f240:   0000000002b4c000 0000000002b40260
0x0000000012a3f250:   0000000002b4c860 0000000002b4c850
0x0000000012a3f260:   000000005d3dafd8 0000000000000002
0x0000000012a3f270:   000000001c07d2e0 0000000000000000 

Instructions: (pc=0x000000005cebb488)
0x000000005cebb468:   05 73 a8 6e 00 49 c1 e8 03 49 d3 e8 41 0f b6 c0
0x000000005cebb478:   49 c1 e8 06 24 3f 0f b6 d0 48 8b 05 88 a8 6e 00
0x000000005cebb488:   4a 8b 0c c0 48 0f a3 d1 72 3e 48 8b cf e8 e6 1c
0x000000005cebb498:   fd ff 84 c0 74 32 48 8b d7 48 8b cd e8 c7 dd fc 


Register to memory mapping:

RAX=0x0000000012b40000 is an unknown value
RBX=0x00000000000000e8 is an unknown value
RCX=0x0000000000000000 is an unknown value
RDX=0x0000000000000010 is an unknown value
RSP=0x0000000012a3f180 is an unknown value
RBP=0x0000000002c1d3e0 is an unknown value
RSI=0x00000000a98d0a60 is pointing into object: 0x00000000a980a470
[Lorg.apache.jena.graph.Triple; 
 - klass: 'org/apache/jena/graph/Triple'[]
 - length: 2541701
RDI=0x0000000000000080 is an unknown value
R8 =0x007fffffffbf4000 is an unknown value
R9 =0x0000000002c1d3e0 is an unknown value
R10=0x000000000000fd20 is an unknown value
R11=0x0000000085aea9a8 is an oop
org.apache.jena.graph.Triple 
 - klass: 'org/apache/jena/graph/Triple'
R12=0x00000000a98d0c80 is pointing into object: 0x00000000a980a470
[Lorg.apache.jena.graph.Triple; 
 - klass: 'org/apache/jena/graph/Triple'[]
 - length: 2541701
R13=0x0000000000031a00 is an unknown value
R14=0x00000000a980a470 is an oop
[Lorg.apache.jena.graph.Triple; 
 - klass: 'org/apache/jena/graph/Triple'[]
 - length: 2541701
R15=0x000000000026c885 is an unknown value


Stack: [0x0000000012940000,0x0000000012a40000],  sp=0x0000000012a3f180,  free space=1020k
Native frames: (J=compiled Java code, j=interpreted, Vv=VM code, C=native code)
V  [jvm.dll+0x13b488]
V  [jvm.dll+0x3fbaca]
V  [jvm.dll+0x3f9200]
V  [jvm.dll+0x3f677e]
V  [jvm.dll+0x29fb8a]
C  [msvcr100.dll+0x21d9f]
C  [msvcr100.dll+0x21e3b]
C  [KERNEL32.DLL+0x17bd4]
C  [ntdll.dll+0x6cee1]


---------------  P R O C E S S  ---------------

Java Threads: ( => current thread )
  0x0000000019deb000 JavaThread "TimerQueue" daemon [_thread_blocked, id=9896, stack(0x000000001be10000,0x000000001bf10000)]
  0x0000000000e4e800 JavaThread "DestroyJavaVM" [_thread_blocked, id=6236, stack(0x0000000001260000,0x0000000001360000)]
  0x0000000019558000 JavaThread "AWT-EventQueue-0" [_thread_blocked, id=9520, stack(0x000000001a4c0000,0x000000001a5c0000)]
  0x0000000019552800 JavaThread "AWT-Windows" daemon [_thread_blocked, id=728, stack(0x000000001a2d0000,0x000000001a3d0000)]
  0x0000000019550000 JavaThread "AWT-Shutdown" [_thread_blocked, id=484, stack(0x000000001a1d0000,0x000000001a2d0000)]
  0x0000000019913000 JavaThread "Java2D Disposer" daemon [_thread_blocked, id=8608, stack(0x000000001a0d0000,0x000000001a1d0000)]
  0x00000000191c0800 JavaThread "Service Thread" daemon [_thread_blocked, id=10232, stack(0x0000000019590000,0x0000000019690000)]
  0x0000000017834800 JavaThread "C1 CompilerThread2" daemon [_thread_blocked, id=1296, stack(0x0000000019090000,0x0000000019190000)]
  0x0000000017827000 JavaThread "C2 CompilerThread1" daemon [_thread_blocked, id=8548, stack(0x0000000018f90000,0x0000000019090000)]
  0x0000000017823000 JavaThread "C2 CompilerThread0" daemon [_thread_blocked, id=7776, stack(0x0000000018e90000,0x0000000018f90000)]
  0x000000001781e800 JavaThread "Attach Listener" daemon [_thread_blocked, id=10068, stack(0x0000000018d90000,0x0000000018e90000)]
  0x000000001781d000 JavaThread "Signal Dispatcher" daemon [_thread_blocked, id=9700, stack(0x0000000018c90000,0x0000000018d90000)]
  0x000000001780a800 JavaThread "Finalizer" daemon [_thread_blocked, id=10104, stack(0x0000000018a90000,0x0000000018b90000)]
  0x0000000002c22000 JavaThread "Reference Handler" daemon [_thread_blocked, id=4504, stack(0x0000000018990000,0x0000000018a90000)]

Other Threads:
  0x00000000177e7800 VMThread [stack: 0x0000000018890000,0x0000000018990000] [id=5056]
  0x00000000191eb800 WatcherThread [stack: 0x0000000019690000,0x0000000019790000] [id=1668]

=>0x0000000002b4c000 (exited) GCTaskThread [stack: 0x0000000012940000,0x0000000012a40000] [id=4992]

VM state:at safepoint (normal execution)

VM Mutex/Monitor currently owned by a thread:  ([mutex/lock_event])
[0x0000000002b30c50] Threads_lock - owner thread: 0x00000000177e7800
[0x0000000002b30550] Heap_lock - owner thread: 0x0000000019558000

heap address: 0x0000000081800000, size: 2024 MB, Compressed Oops mode: 32-bit
Narrow klass base: 0x0000000000000000, Narrow klass shift: 3
Compressed class space size: 1073741824 Address: 0x0000000100000000

Heap:
 PSYoungGen      total 460800K, used 58730K [0x00000000d5d80000, 0x0000000100000000, 0x0000000100000000)
  eden space 230912K, 0% used [0x00000000d5d80000,0x00000000d5d80000,0x00000000e3f00000)
  from space 229888K, 25% used [0x00000000e3f00000,0x00000000e785a968,0x00000000f1f80000)
  to   space 229888K, 0% used [0x00000000f1f80000,0x00000000f1f80000,0x0000000100000000)
 ParOldGen       total 717312K, used 700787K [0x0000000081800000, 0x00000000ad480000, 0x00000000d5d80000)
  object space 717312K, 97% used [0x0000000081800000,0x00000000ac45ce00,0x00000000ad480000)
 Metaspace       used 26264K, capacity 26612K, committed 26880K, reserved 1073152K
  class space    used 3432K, capacity 3552K, committed 3584K, reserved 1048576K

Card table byte_map: [0x0000000012090000,0x0000000012490000] byte_map_base: 0x0000000011c84000

Marking Bits: (ParMarkBitMap*) 0x000000005d5a5ce0
 Begin Bits: [0x0000000012b40000, 0x0000000014ae0000)
 End Bits:   [0x0000000014ae0000, 0x0000000016a80000)

Polling page: 0x0000000000e30000

CodeCache: size=245760Kb used=9126Kb max_used=9339Kb free=236633Kb
 bounds [0x0000000002cd0000, 0x0000000003600000, 0x0000000011cd0000]
 total_blobs=3406 nmethods=2809 adapters=507
 compilation: enabled

Compilation events (10 events):
Event: 99.320 Thread 0x0000000017827000 nmethod 2949 0x0000000002de0ed0 code [0x0000000002de1060, 0x0000000002de1468]
Event: 99.320 Thread 0x0000000017827000 2945       4       org.apache.jena.mem.ArrayBunch::iterator (10 bytes)
Event: 99.322 Thread 0x0000000017827000 nmethod 2945 0x0000000002f6c450 code [0x0000000002f6c5a0, 0x0000000002f6c6b8]
Event: 99.384 Thread 0x0000000017823000 nmethod 2954% 0x000000000303dd50 code [0x000000000303e060, 0x000000000303fca0]
Event: 99.452 Thread 0x0000000017827000 2955       4       org.apache.jena.util.iterator.WrappedIterator::hasNext (10 bytes)
Event: 99.452 Thread 0x0000000017823000 2956       4       org.apache.jena.mem.HashedBunchMap::get (23 bytes)
Event: 99.459 Thread 0x0000000017823000 nmethod 2956 0x0000000002ea4e10 code [0x0000000002ea4f60, 0x0000000002ea51b8]
Event: 99.460 Thread 0x0000000017823000 2957       4       org.apache.jena.mem.HashCommon$BasicKeyIterator::next (56 bytes)
Event: 99.464 Thread 0x0000000017823000 nmethod 2957 0x0000000002ff1890 code [0x0000000002ff19e0, 0x0000000002ff1b38]
Event: 99.514 Thread 0x0000000017827000 nmethod 2955 0x0000000002e9ac90 code [0x0000000002e9aee0, 0x0000000002e9bec8]

GC Heap History (10 events):
Event: 90.412 GC heap after
Heap after GC invocations=39 (full 6):
 PSYoungGen      total 460800K, used 61096K [0x00000000d5d80000, 0x0000000100000000, 0x0000000100000000)
  eden space 230912K, 0% used [0x00000000d5d80000,0x00000000d5d80000,0x00000000e3f00000)
  from space 229888K, 26% used [0x00000000e3f00000,0x00000000e7aaa3b0,0x00000000f1f80000)
  to   space 229888K, 0% used [0x00000000f1f80000,0x00000000f1f80000,0x0000000100000000)
 ParOldGen       total 717312K, used 530845K [0x0000000081800000, 0x00000000ad480000, 0x00000000d5d80000)
  object space 717312K, 74% used [0x0000000081800000,0x00000000a1e67758,0x00000000ad480000)
 Metaspace       used 26264K, capacity 26612K, committed 26880K, reserved 1073152K
  class space    used 3432K, capacity 3552K, committed 3584K, reserved 1048576K
}
Event: 92.491 GC heap before
{Heap before GC invocations=40 (full 6):
 PSYoungGen      total 460800K, used 292008K [0x00000000d5d80000, 0x0000000100000000, 0x0000000100000000)
  eden space 230912K, 100% used [0x00000000d5d80000,0x00000000e3f00000,0x00000000e3f00000)
  from space 229888K, 26% used [0x00000000e3f00000,0x00000000e7aaa3b0,0x00000000f1f80000)
  to   space 229888K, 0% used [0x00000000f1f80000,0x00000000f1f80000,0x0000000100000000)
 ParOldGen       total 717312K, used 530845K [0x0000000081800000, 0x00000000ad480000, 0x00000000d5d80000)
  object space 717312K, 74% used [0x0000000081800000,0x00000000a1e67758,0x00000000ad480000)
 Metaspace       used 26264K, capacity 26612K, committed 26880K, reserved 1073152K
  class space    used 3432K, capacity 3552K, committed 3584K, reserved 1048576K
Event: 92.645 GC heap after
Heap after GC invocations=40 (full 6):
 PSYoungGen      total 460800K, used 137597K [0x00000000d5d80000, 0x0000000100000000, 0x0000000100000000)
  eden space 230912K, 0% used [0x00000000d5d80000,0x00000000d5d80000,0x00000000e3f00000)
  from space 229888K, 59% used [0x00000000f1f80000,0x00000000fa5df400,0x0000000100000000)
  to   space 229888K, 0% used [0x00000000e3f00000,0x00000000e3f00000,0x00000000f1f80000)
 ParOldGen       total 717312K, used 543781K [0x0000000081800000, 0x00000000ad480000, 0x00000000d5d80000)
  object space 717312K, 75% used [0x0000000081800000,0x00000000a2b09540,0x00000000ad480000)
 Metaspace       used 26264K, capacity 26612K, committed 26880K, reserved 1073152K
  class space    used 3432K, capacity 3552K, committed 3584K, reserved 1048576K
}
Event: 94.094 GC heap before
{Heap before GC invocations=41 (full 6):
 PSYoungGen      total 460800K, used 368509K [0x00000000d5d80000, 0x0000000100000000, 0x0000000100000000)
  eden space 230912K, 100% used [0x00000000d5d80000,0x00000000e3f00000,0x00000000e3f00000)
  from space 229888K, 59% used [0x00000000f1f80000,0x00000000fa5df400,0x0000000100000000)
  to   space 229888K, 0% used [0x00000000e3f00000,0x00000000e3f00000,0x00000000f1f80000)
 ParOldGen       total 717312K, used 543781K [0x0000000081800000, 0x00000000ad480000, 0x00000000d5d80000)
  object space 717312K, 75% used [0x0000000081800000,0x00000000a2b09540,0x00000000ad480000)
 Metaspace       used 26264K, capacity 26612K, committed 26880K, reserved 1073152K
  class space    used 3432K, capacity 3552K, committed 3584K, reserved 1048576K
Event: 94.280 GC heap after
Heap after GC invocations=41 (full 6):
 PSYoungGen      total 460800K, used 152470K [0x00000000d5d80000, 0x0000000100000000, 0x0000000100000000)
  eden space 230912K, 0% used [0x00000000d5d80000,0x00000000d5d80000,0x00000000e3f00000)
  from space 229888K, 66% used [0x00000000e3f00000,0x00000000ed3e5ab8,0x00000000f1f80000)
  to   space 229888K, 0% used [0x00000000f1f80000,0x00000000f1f80000,0x0000000100000000)
 ParOldGen       total 717312K, used 553230K [0x0000000081800000, 0x00000000ad480000, 0x00000000d5d80000)
  object space 717312K, 77% used [0x0000000081800000,0x00000000a3443bd0,0x00000000ad480000)
 Metaspace       used 26264K, capacity 26612K, committed 26880K, reserved 1073152K
  class space    used 3432K, capacity 3552K, committed 3584K, reserved 1048576K
}
Event: 96.214 GC heap before
{Heap before GC invocations=42 (full 6):
 PSYoungGen      total 460800K, used 383382K [0x00000000d5d80000, 0x0000000100000000, 0x0000000100000000)
  eden space 230912K, 100% used [0x00000000d5d80000,0x00000000e3f00000,0x00000000e3f00000)
  from space 229888K, 66% used [0x00000000e3f00000,0x00000000ed3e5ab8,0x00000000f1f80000)
  to   space 229888K, 0% used [0x00000000f1f80000,0x00000000f1f80000,0x0000000100000000)
 ParOldGen       total 717312K, used 553230K [0x0000000081800000, 0x00000000ad480000, 0x00000000d5d80000)
  object space 717312K, 77% used [0x0000000081800000,0x00000000a3443bd0,0x00000000ad480000)
 Metaspace       used 26264K, capacity 26612K, committed 26880K, reserved 1073152K
  class space    used 3432K, capacity 3552K, committed 3584K, reserved 1048576K
Event: 96.423 GC heap after
Heap after GC invocations=42 (full 6):
 PSYoungGen      total 460800K, used 140873K [0x00000000d5d80000, 0x0000000100000000, 0x0000000100000000)
  eden space 230912K, 0% used [0x00000000d5d80000,0x00000000d5d80000,0x00000000e3f00000)
  from space 229888K, 61% used [0x00000000f1f80000,0x00000000fa9127b8,0x0000000100000000)
  to   space 229888K, 0% used [0x00000000e3f00000,0x00000000e3f00000,0x00000000f1f80000)
 ParOldGen       total 717312K, used 590847K [0x0000000081800000, 0x00000000ad480000, 0x00000000d5d80000)
  object space 717312K, 82% used [0x0000000081800000,0x00000000a58fffc8,0x00000000ad480000)
 Metaspace       used 26264K, capacity 26612K, committed 26880K, reserved 1073152K
  class space    used 3432K, capacity 3552K, committed 3584K, reserved 1048576K
}
Event: 99.914 GC heap before
{Heap before GC invocations=43 (full 6):
 PSYoungGen      total 460800K, used 365692K [0x00000000d5d80000, 0x0000000100000000, 0x0000000100000000)
  eden space 230912K, 97% used [0x00000000d5d80000,0x00000000e390c970,0x00000000e3f00000)
  from space 229888K, 61% used [0x00000000f1f80000,0x00000000fa9127b8,0x0000000100000000)
  to   space 229888K, 0% used [0x00000000e3f00000,0x00000000e3f00000,0x00000000f1f80000)
 ParOldGen       total 717312K, used 590847K [0x0000000081800000, 0x00000000ad480000, 0x00000000d5d80000)
  object space 717312K, 82% used [0x0000000081800000,0x00000000a58fffc8,0x00000000ad480000)
 Metaspace       used 26264K, capacity 26612K, committed 26880K, reserved 1073152K
  class space    used 3432K, capacity 3552K, committed 3584K, reserved 1048576K
Event: 100.162 GC heap after
Heap after GC invocations=43 (full 6):
 PSYoungGen      total 460800K, used 58730K [0x00000000d5d80000, 0x0000000100000000, 0x0000000100000000)
  eden space 230912K, 0% used [0x00000000d5d80000,0x00000000d5d80000,0x00000000e3f00000)
  from space 229888K, 25% used [0x00000000e3f00000,0x00000000e785a968,0x00000000f1f80000)
  to   space 229888K, 0% used [0x00000000f1f80000,0x00000000f1f80000,0x0000000100000000)
 ParOldGen       total 717312K, used 700787K [0x0000000081800000, 0x00000000ad480000, 0x00000000d5d80000)
  object space 717312K, 97% used [0x0000000081800000,0x00000000ac45ce00,0x00000000ad480000)
 Metaspace       used 26264K, capacity 26612K, committed 26880K, reserved 1073152K
  class space    used 3432K, capacity 3552K, committed 3584K, reserved 1048576K
}
Event: 100.162 GC heap before
{Heap before GC invocations=44 (full 7):
 PSYoungGen      total 460800K, used 58730K [0x00000000d5d80000, 0x0000000100000000, 0x0000000100000000)
  eden space 230912K, 0% used [0x00000000d5d80000,0x00000000d5d80000,0x00000000e3f00000)
  from space 229888K, 25% used [0x00000000e3f00000,0x00000000e785a968,0x00000000f1f80000)
  to   space 229888K, 0% used [0x00000000f1f80000,0x00000000f1f80000,0x0000000100000000)
 ParOldGen       total 717312K, used 700787K [0x0000000081800000, 0x00000000ad480000, 0x00000000d5d80000)
  object space 717312K, 97% used [0x0000000081800000,0x00000000ac45ce00,0x00000000ad480000)
 Metaspace       used 26264K, capacity 26612K, committed 26880K, reserved 1073152K
  class space    used 3432K, capacity 3552K, committed 3584K, reserved 1048576K

Deoptimization events (10 events):
Event: 17.401 Thread 0x0000000019558000 Uncommon trap: reason=class_check action=maybe_recompile pc=0x000000000330613c method=java.util.regex.Pattern$CharProperty.match(Ljava/util/regex/Matcher;ILjava/lang/CharSequence;)Z @ 37
Event: 17.780 Thread 0x0000000019558000 Uncommon trap: reason=unstable_if action=reinterpret pc=0x00000000033cf704 method=org.apache.jena.atlas.io.CharStreamBuffered.advance()I @ 8
Event: 33.459 Thread 0x0000000019558000 Uncommon trap: reason=unstable_if action=reinterpret pc=0x00000000033e357c method=org.apache.jena.atlas.io.CharStreamBuffered.advance()I @ 8
Event: 99.176 Thread 0x0000000019558000 Uncommon trap: reason=unstable_if action=reinterpret pc=0x0000000002e85524 method=sun.nio.cs.StreamDecoder.inReady()Z @ 14
Event: 99.182 Thread 0x0000000019558000 Uncommon trap: reason=unstable_if action=reinterpret pc=0x0000000002e5fda8 method=sun.nio.cs.StreamDecoder.readBytes()I @ 142
Event: 99.182 Thread 0x0000000019558000 Uncommon trap: reason=unstable_if action=reinterpret pc=0x0000000002e6bc34 method=org.apache.jena.riot.lang.LangTurtleBase.runParser()V @ 81
Event: 99.372 Thread 0x0000000019558000 Uncommon trap: reason=class_check action=maybe_recompile pc=0x0000000003016a38 method=org.apache.jena.mem.NodeToTriplesMapMem.iterator(Ljava/lang/Object;Lorg/apache/jena/mem/HashCommon$NotifyEmpty;)Ljava/util/Iterator; @ 23
Event: 99.433 Thread 0x0000000019558000 Uncommon trap: reason=class_check action=maybe_recompile pc=0x0000000003016a38 method=org.apache.jena.mem.NodeToTriplesMapMem.iterator(Ljava/lang/Object;Lorg/apache/jena/mem/HashCommon$NotifyEmpty;)Ljava/util/Iterator; @ 23
Event: 99.441 Thread 0x0000000019558000 Uncommon trap: reason=class_check action=maybe_recompile pc=0x0000000003016a38 method=org.apache.jena.mem.NodeToTriplesMapMem.iterator(Ljava/lang/Object;Lorg/apache/jena/mem/HashCommon$NotifyEmpty;)Ljava/util/Iterator; @ 23
Event: 99.452 Thread 0x0000000019558000 Uncommon trap: reason=class_check action=maybe_recompile pc=0x0000000003016a38 method=org.apache.jena.mem.NodeToTriplesMapMem.iterator(Ljava/lang/Object;Lorg/apache/jena/mem/HashCommon$NotifyEmpty;)Ljava/util/Iterator; @ 23

Classes redefined (0 events):
No events

Internal exceptions (10 events):
Event: 2.264 Thread 0x0000000019558000 Exception <a 'java/security/PrivilegedActionException'> (0x00000000d670c1d8) thrown at [C:\re\workspace\8-2-build-windows-amd64-cygwin\jdk8u221\13320\hotspot\src\share\vm\prims\jvm.cpp, line 1502]
Event: 2.267 Thread 0x0000000019558000 Exception <a 'java/security/PrivilegedActionException'> (0x00000000d674c428) thrown at [C:\re\workspace\8-2-build-windows-amd64-cygwin\jdk8u221\13320\hotspot\src\share\vm\prims\jvm.cpp, line 1502]
Event: 2.268 Thread 0x0000000019558000 Exception <a 'java/security/PrivilegedActionException'> (0x00000000d674c820) thrown at [C:\re\workspace\8-2-build-windows-amd64-cygwin\jdk8u221\13320\hotspot\src\share\vm\prims\jvm.cpp, line 1502]
Event: 2.278 Thread 0x0000000019558000 Exception <a 'java/lang/ClassNotFoundException': java/lang/ObjectCustomizer> (0x00000000d675e240) thrown at [C:\re\workspace\8-2-build-windows-amd64-cygwin\jdk8u221\13320\hotspot\src\share\vm\classfile\systemDictionary.cpp, line 210]
Event: 2.300 Thread 0x0000000019558000 Exception <a 'java/lang/ArrayIndexOutOfBoundsException': 18> (0x00000000d6760f78) thrown at [C:\re\workspace\8-2-build-windows-amd64-cygwin\jdk8u221\13320\hotspot\src\share\vm\interpreter\interpreterRuntime.cpp, line 368]
Event: 2.304 Thread 0x0000000019558000 Exception <a 'java/lang/ArrayIndexOutOfBoundsException': 22> (0x00000000d67642d8) thrown at [C:\re\workspace\8-2-build-windows-amd64-cygwin\jdk8u221\13320\hotspot\src\share\vm\interpreter\interpreterRuntime.cpp, line 368]
Event: 2.306 Thread 0x0000000019558000 Exception <a 'java/lang/ArrayIndexOutOfBoundsException': 160> (0x00000000d67666b0) thrown at [C:\re\workspace\8-2-build-windows-amd64-cygwin\jdk8u221\13320\hotspot\src\share\vm\interpreter\interpreterRuntime.cpp, line 368]
Event: 2.319 Thread 0x0000000019558000 Exception <a 'java/lang/ClassNotFoundException': net/miginfocom/layout/UnitValueCustomizer> (0x00000000d6775260) thrown at [C:\re\workspace\8-2-build-windows-amd64-cygwin\jdk8u221\13320\hotspot\src\share\vm\classfile\systemDictionary.cpp, line 210]
Event: 2.327 Thread 0x0000000019558000 Exception <a 'java/lang/ClassNotFoundException': java/lang/ObjectCustomizer> (0x00000000d679af48) thrown at [C:\re\workspace\8-2-build-windows-amd64-cygwin\jdk8u221\13320\hotspot\src\share\vm\classfile\systemDictionary.cpp, line 210]
Event: 2.329 Thread 0x0000000019558000 Exception <a 'java/lang/ClassNotFoundException': net/miginfocom/layout/BoundSizeCustomizer> (0x00000000d67ab708) thrown at [C:\re\workspace\8-2-build-windows-amd64-cygwin\jdk8u221\13320\hotspot\src\share\vm\classfile\systemDictionary.cpp, line 210]

Events (10 events):
Event: 99.465 Thread 0x0000000017823000 flushing nmethod 0x0000000002e67d10
Event: 99.465 Thread 0x0000000017823000 flushing nmethod 0x0000000002e6aad0
Event: 99.465 Thread 0x0000000017823000 flushing nmethod 0x0000000002e6e850
Event: 99.465 Thread 0x0000000017823000 flushing nmethod 0x0000000002e89310
Event: 99.465 Thread 0x0000000017823000 flushing nmethod 0x0000000002ea7c10
Event: 99.465 Thread 0x0000000017823000 flushing nmethod 0x0000000002ea8ad0
Event: 99.514 Thread 0x0000000017827000 flushing nmethod 0x0000000002eb4a50
Event: 99.514 Thread 0x0000000017827000 flushing nmethod 0x0000000002ebd910
Event: 99.514 Thread 0x0000000017827000 flushing nmethod 0x0000000002ed1350
Event: 99.914 Executing VM operation: ParallelGCFailedAllocation


Dynamic libraries:
0x00007ff67dcf0000 - 0x00007ff67dd27000 	C:\Program Files\Java\jre1.8.0_221\bin\javaw.exe
0x00007ffb2d580000 - 0x00007ffb2d770000 	C:\WINDOWS\SYSTEM32\ntdll.dll
0x00007ffb2c990000 - 0x00007ffb2ca42000 	C:\WINDOWS\System32\KERNEL32.DLL
0x00007ffb2af90000 - 0x00007ffb2b233000 	C:\WINDOWS\System32\KERNELBASE.dll
0x00007ffb2d380000 - 0x00007ffb2d423000 	C:\WINDOWS\System32\ADVAPI32.dll
0x00007ffb2c880000 - 0x00007ffb2c91e000 	C:\WINDOWS\System32\msvcrt.dll
0x00007ffb2d140000 - 0x00007ffb2d1d7000 	C:\WINDOWS\System32\sechost.dll
0x00007ffb2d250000 - 0x00007ffb2d370000 	C:\WINDOWS\System32\RPCRT4.dll
0x00007ffb2b700000 - 0x00007ffb2b893000 	C:\WINDOWS\System32\USER32.dll
0x00007ffb2b240000 - 0x00007ffb2b261000 	C:\WINDOWS\System32\win32u.dll
0x00007ffb2d210000 - 0x00007ffb2d236000 	C:\WINDOWS\System32\GDI32.dll
0x00007ffb2b270000 - 0x00007ffb2b404000 	C:\WINDOWS\System32\gdi32full.dll
0x00007ffb2b410000 - 0x00007ffb2b4ae000 	C:\WINDOWS\System32\msvcp_win.dll
0x00007ffb2b4b0000 - 0x00007ffb2b5aa000 	C:\WINDOWS\System32\ucrtbase.dll
0x00007ffb1efb0000 - 0x00007ffb1f235000 	C:\WINDOWS\WinSxS\amd64_microsoft.windows.common-controls_6595b64144ccf1df_6.0.18362.356_none_e6c4af7d130f27cc\COMCTL32.dll
0x00007ffb2c540000 - 0x00007ffb2c876000 	C:\WINDOWS\System32\combase.dll
0x00007ffb2a510000 - 0x00007ffb2a590000 	C:\WINDOWS\System32\bcryptPrimitives.dll
0x00007ffb2d1e0000 - 0x00007ffb2d20e000 	C:\WINDOWS\System32\IMM32.DLL
0x000000005ca90000 - 0x000000005cb62000 	C:\Program Files\Java\jre1.8.0_221\bin\msvcr100.dll
0x000000005cd80000 - 0x000000005d625000 	C:\Program Files\Java\jre1.8.0_221\bin\server\jvm.dll
0x00007ffb2d240000 - 0x00007ffb2d248000 	C:\WINDOWS\System32\PSAPI.DLL
0x00007ffb1fe20000 - 0x00007ffb1fe2a000 	C:\WINDOWS\SYSTEM32\VERSION.dll
0x00007ffb27f70000 - 0x00007ffb27f94000 	C:\WINDOWS\SYSTEM32\WINMM.dll
0x00007ffb195e0000 - 0x00007ffb195e9000 	C:\WINDOWS\SYSTEM32\WSOCK32.dll
0x00007ffb2d430000 - 0x00007ffb2d49f000 	C:\WINDOWS\System32\WS2_32.dll
0x00007ffb27d60000 - 0x00007ffb27d8d000 	C:\WINDOWS\SYSTEM32\winmmbase.dll
0x00007ffb2b5e0000 - 0x00007ffb2b62a000 	C:\WINDOWS\System32\cfgmgr32.dll
0x00007ffb1e410000 - 0x00007ffb1e41f000 	C:\Program Files\Java\jre1.8.0_221\bin\verify.dll
0x00007ffb15ce0000 - 0x00007ffb15d09000 	C:\Program Files\Java\jre1.8.0_221\bin\java.dll
0x00007ffb1e2a0000 - 0x00007ffb1e2b6000 	C:\Program Files\Java\jre1.8.0_221\bin\zip.dll
0x00007ffb2ca50000 - 0x00007ffb2d135000 	C:\WINDOWS\System32\SHELL32.dll
0x00007ffb2c2e0000 - 0x00007ffb2c389000 	C:\WINDOWS\System32\shcore.dll
0x00007ffb2a7b0000 - 0x00007ffb2af2e000 	C:\WINDOWS\System32\windows.storage.dll
0x00007ffb2a4f0000 - 0x00007ffb2a50f000 	C:\WINDOWS\System32\profapi.dll
0x00007ffb2a460000 - 0x00007ffb2a4aa000 	C:\WINDOWS\System32\powrprof.dll
0x00007ffb2a450000 - 0x00007ffb2a460000 	C:\WINDOWS\System32\UMPDC.dll
0x00007ffb2c280000 - 0x00007ffb2c2d2000 	C:\WINDOWS\System32\shlwapi.dll
0x00007ffb2a4d0000 - 0x00007ffb2a4e1000 	C:\WINDOWS\System32\kernel.appcore.dll
0x00007ffb2a790000 - 0x00007ffb2a7a7000 	C:\WINDOWS\System32\cryptsp.dll
0x00007ffae0d60000 - 0x00007ffae0ef9000 	C:\Program Files\Java\jre1.8.0_221\bin\awt.dll
0x00007ffb2c080000 - 0x00007ffb2c144000 	C:\WINDOWS\System32\OLEAUT32.dll
0x00007ffb285f0000 - 0x00007ffb2867f000 	C:\WINDOWS\SYSTEM32\apphelp.dll
0x00007ffb287b0000 - 0x00007ffb28849000 	C:\WINDOWS\system32\uxtheme.dll
0x00007ffb2bf30000 - 0x00007ffb2c065000 	C:\WINDOWS\System32\MSCTF.dll
0x00007ffb2b8a0000 - 0x00007ffb2b9f6000 	C:\WINDOWS\System32\ole32.dll
0x00007ffb28b00000 - 0x00007ffb28b2d000 	C:\WINDOWS\system32\DWMAPI.DLL
0x00007ffb09d70000 - 0x00007ffb09ec6000 	C:\WINDOWS\system32\opengl32.dll
0x00007ffb11770000 - 0x00007ffb1179c000 	C:\WINDOWS\SYSTEM32\GLU32.dll
0x00007ffb290c0000 - 0x00007ffb290e0000 	C:\WINDOWS\SYSTEM32\dxcore.dll
0x00007ffb0d240000 - 0x00007ffb0d289000 	C:\Program Files\Java\jre1.8.0_221\bin\fontmanager.dll
0x00007ffb15cc0000 - 0x00007ffb15cda000 	C:\Program Files\Java\jre1.8.0_221\bin\net.dll
0x00007ffb1c740000 - 0x00007ffb1c916000 	C:\WINDOWS\SYSTEM32\urlmon.dll
0x00007ffb1ca40000 - 0x00007ffb1cce6000 	C:\WINDOWS\SYSTEM32\iertutil.dll
0x00007ffb29e90000 - 0x00007ffb29e9c000 	C:\WINDOWS\SYSTEM32\CRYPTBASE.DLL
0x00007ffb29cc0000 - 0x00007ffb29d27000 	C:\WINDOWS\system32\mswsock.dll
0x00007ffb15ca0000 - 0x00007ffb15cb2000 	C:\Program Files\Java\jre1.8.0_221\bin\nio.dll
0x00007ffb09620000 - 0x00007ffb09662000 	C:\Program Files\Java\jre1.8.0_221\bin\t2k.dll
0x00007ffb1df60000 - 0x00007ffb1dffe000 	C:\WINDOWS\System32\TextInputFramework.dll
0x00007ffb28070000 - 0x00007ffb28144000 	C:\WINDOWS\System32\CoreMessaging.dll
0x00007ffb24790000 - 0x00007ffb24aba000 	C:\WINDOWS\System32\CoreUIComponents.dll
0x00007ffb294b0000 - 0x00007ffb294e1000 	C:\WINDOWS\SYSTEM32\ntmarta.dll
0x00007ffb26290000 - 0x00007ffb263e3000 	C:\WINDOWS\SYSTEM32\wintypes.dll
0x00007ffb2c1d0000 - 0x00007ffb2c272000 	C:\WINDOWS\System32\clbcatq.dll
0x00007ffb243b0000 - 0x00007ffb2455f000 	C:\WINDOWS\SYSTEM32\WindowsCodecs.dll
0x00007ffb10060000 - 0x00007ffb1009a000 	C:\WINDOWS\system32\dataexchange.dll
0x00007ffb27b00000 - 0x00007ffb27d5b000 	C:\WINDOWS\system32\d3d11.dll
0x00007ffb27d90000 - 0x00007ffb27f6b000 	C:\WINDOWS\system32\dcomp.dll
0x00007ffb29150000 - 0x00007ffb2923b000 	C:\WINDOWS\system32\dxgi.dll
0x00007ffb288a0000 - 0x00007ffb28afa000 	C:\WINDOWS\system32\twinapi.appcore.dll
0x00007ffb28db0000 - 0x00007ffb28dd9000 	C:\WINDOWS\system32\RMCLIENT.dll
0x00007ffb297d0000 - 0x00007ffb29803000 	C:\WINDOWS\system32\rsaenh.dll
0x00007ffb2b5b0000 - 0x00007ffb2b5d6000 	C:\WINDOWS\System32\bcrypt.dll
0x00007ffb2a340000 - 0x00007ffb2a365000 	C:\WINDOWS\SYSTEM32\USERENV.dll
0x00007ffb299d0000 - 0x00007ffb29a0a000 	C:\WINDOWS\SYSTEM32\IPHLPAPI.DLL
0x00007ffb2c070000 - 0x00007ffb2c078000 	C:\WINDOWS\System32\NSI.dll
0x00007ffb20fa0000 - 0x00007ffb20fb6000 	C:\WINDOWS\SYSTEM32\dhcpcsvc6.DLL
0x00007ffb210a0000 - 0x00007ffb210bc000 	C:\WINDOWS\SYSTEM32\dhcpcsvc.DLL
0x00007ffb29a10000 - 0x00007ffb29ada000 	C:\WINDOWS\SYSTEM32\DNSAPI.dll
0x00007ffb19df0000 - 0x00007ffb19fe4000 	C:\WINDOWS\SYSTEM32\dbghelp.dll

VM Arguments:
jvm_args: -Dfile.encoding=Cp1252 
java_command: view.SETLFrame
java_class_path (initial): C:\Users\Amrit\git\SETL\SETL\bin;C:\Users\Amrit\git\SETL\SETL\jena\lib\collection-0.7.jar;C:\Users\Amrit\git\SETL\SETL\jena\lib\commons-cli-1.4.jar;C:\Users\Amrit\git\SETL\SETL\jena\lib\commons-codec-1.11.jar;C:\Users\Amrit\git\SETL\SETL\jena\lib\commons-compress-1.18.jar;C:\Users\Amrit\git\SETL\SETL\jena\lib\commons-csv-1.5.jar;C:\Users\Amrit\git\SETL\SETL\jena\lib\commons-io-2.6.jar;C:\Users\Amrit\git\SETL\SETL\jena\lib\commons-lang3-3.4.jar;C:\Users\Amrit\git\SETL\SETL\jena\lib\httpclient-4.5.5.jar;C:\Users\Amrit\git\SETL\SETL\jena\lib\httpclient-cache-4.5.5.jar;C:\Users\Amrit\git\SETL\SETL\jena\lib\httpcore-4.4.9.jar;C:\Users\Amrit\git\SETL\SETL\jena\lib\jackson-annotations-2.9.0.jar;C:\Users\Amrit\git\SETL\SETL\jena\lib\jackson-core-2.9.9.jar;C:\Users\Amrit\git\SETL\SETL\jena\lib\jackson-databind-2.9.9.jar;C:\Users\Amrit\git\SETL\SETL\jena\lib\jcl-over-slf4j-1.7.26.jar;C:\Users\Amrit\git\SETL\SETL\jena\lib\jena-arq-3.12.0.jar;C:\Users\Amrit\git\SETL\SETL\jena\lib\jena-base-3.12.0.jar;C:\Users\Amrit\git\SETL\SETL\jena\lib\jena-cmds-3.12.0.jar;C:\Users\Amrit\git\SETL\SETL\jena\lib\jena-core-3.12.0.jar;C:\Users\Amrit\git\SETL\SETL\jena\lib\jena-dboe-base-3.12.0.jar;C:\Users\Amrit\git\SETL\SETL\jena\lib\jena-dboe-index-3.12.0.jar;C:\Users\Amrit\git\SETL\SETL\jena\lib\jena-dboe-trans-data-3.12.0.jar;C:\Users\Amrit\git\SETL\SETL\jena\lib\jena-dboe-transaction-3.12.0.jar;C:\Users\Amrit\git\SETL\SETL\jena\lib\jena-iri-3.12.0.jar;C:\Users\Amrit\git\SETL\SETL\jena\lib\jena-rdfconnection-3.12.0.jar;C:\Users\Amrit\git\SETL\SETL\jena\lib\jena-shaded-guava-3.12.0.jar;C:\Users\Amrit\git\SETL\SETL\jena\lib\jena-tdb-3.12.0.jar;C:\Users\Amrit\git\SETL\SETL\jena\lib\jena-tdb2-3.12.0.jar;C:\Users\Amrit\git\SETL\SETL\jena\lib\jsonld-java-0.12.3.jar;C:\Users\Amrit\git\SETL\SETL\jena\lib\libthrift-0.12.0.jar;C:\Users\Amrit\git\SETL\SETL\jena\lib\log4j-1.2.17.jar;C:\Users\Amrit\git\SETL\SETL\jena\lib\slf4j-api-1.7.26.jar;C:\Users\Amrit\git\SETL\SETL\jena\l
Launcher Type: SUN_STANDARD

Environment Variables:
PATH=C:/Program Files/Java/jre1.8.0_221/bin/server;C:/Program Files/Java/jre1.8.0_221/bin;C:/Program Files/Java/jre1.8.0_221/lib/amd64;C:\Program Files (x86)\Common Files\Oracle\Java\javapath;C:\WINDOWS\system32;C:\WINDOWS;C:\WINDOWS\System32\Wbem;C:\WINDOWS\System32\WindowsPowerShell\v1.0\;C:\Program Files\Git\cmd;C:\WINDOWS\System32\OpenSSH\;C:\Program Files\MiKTeX 2.9\miktex\bin\x64\;C:\Users\Amrit\AppData\Local\Programs\Python\Python37-32\Scripts\;C:\Users\Amrit\AppData\Local\Programs\Python\Python37-32\;C:\Users\Amrit\AppData\Local\Microsoft\WindowsApps;C:\Program Files\JetBrains\PyCharm Community Edition 2019.2\bin;;C:\jena\bat;C:\fuseki;;C:\Program Files\JetBrains\IntelliJ IDEA Community Edition 2019.2.2\bin;;C:\WINDOWS\system32;
USERNAME=Amrit
OS=Windows_NT
PROCESSOR_IDENTIFIER=Intel64 Family 6 Model 58 Stepping 9, GenuineIntel



---------------  S Y S T E M  ---------------

OS: Windows 10.0 , 64 bit Build 18362 (10.0.18362.329)

CPU:total 4 (initial active 4) (2 cores per cpu, 2 threads per core) family 6 model 58 stepping 9, cmov, cx8, fxsr, mmx, sse, sse2, sse3, ssse3, sse4.1, sse4.2, popcnt, avx, clmul, erms, ht, tsc, tscinvbit, tscinv

Memory: 4k page, physical 8284668k(1100996k free), swap 14528076k(1509984k free)

vm_info: Java HotSpot(TM) 64-Bit Server VM (25.221-b11) for windows-amd64 JRE (1.8.0_221-b11), built on Jul  4 2019 04:39:29 by "java_re" with MS VC++ 10.0 (VS2010)

time: Sun Oct 06 01:11:50 2019
timezone: Bangladesh Standard Time
elapsed time: 101 seconds (0d 0h 1m 41s)

